#
# There is insufficient memory for the Java Runtime Environment to continue.
# Native memory allocation (malloc) failed to allocate 208336 bytes for Chunk::new
# Possible reasons:
#   The system is out of physical RAM or swap space
#   The process is running with CompressedOops enabled, and the Java Heap may be blocking the growth of the native heap
# Possible solutions:
#   Reduce memory load on the system
#   Increase physical memory or swap space
#   Check if swap backing store is full
#   Decrease Java heap size (-Xmx/-Xms)
#   Decrease number of Java threads
#   Decrease Java thread stack sizes (-Xss)
#   Set larger code cache with -XX:ReservedCodeCacheSize=
#   JVM is running with Unscaled Compressed Oops mode in which the Java heap is
#     placed in the first 4GB address space. The Java Heap base address is the
#     maximum limit for the native heap growth. Please use -XX:HeapBaseMinAddress
#     to set the Java Heap base and to place the Java Heap above 4GB virtual address.
# This output file may be truncated or incomplete.
#
#  Out of Memory Error (./open/src/hotspot/share/memory/arena.cpp:197), pid=9552, tid=9288
#
# JRE version: Java(TM) SE Runtime Environment 18.9 (11.0.15+8) (build 11.0.15+8-LTS-149)
# Java VM: Java HotSpot(TM) 64-Bit Server VM 18.9 (11.0.15+8-LTS-149, mixed mode, tiered, compressed oops, g1 gc, windows-amd64)
# No core dump will be written. Minidumps are not enabled by default on client versions of Windows
#

---------------  S U M M A R Y ------------

Command Line: -javaagent:C:\Program Files\JetBrains\IntelliJ IDEA Community Edition 2022.2.1\lib\idea_rt.jar=51278:C:\Program Files\JetBrains\IntelliJ IDEA Community Edition 2022.2.1\bin -Dfile.encoding=UTF-8 com.spring.mongo.demo.SpringBootMongoDBApplication

Host: Intel(R) Xeon(R) CPU E5-2673 v4 @ 2.30GHz, 2 cores, 7G,  Windows 10 , 64 bit Build 19041 (10.0.19041.1889)
Time: Thu Sep  1 05:13:51 2022 Coordinated Universal Time elapsed time: 14.928478 seconds (0d 0h 0m 14s)

---------------  T H R E A D  ---------------

Current thread (0x0000020861f58000):  JavaThread "C2 CompilerThread0" daemon [_thread_in_native, id=9288, stack(0x000000f205e00000,0x000000f205f00000)]


Current CompileTask:
C2:  14928 4043       4       java.io.WinNTFileSystem::resolve (275 bytes)

Stack: [0x000000f205e00000,0x000000f205f00000]
Native frames: (J=compiled Java code, j=interpreted, Vv=VM code, C=native code)
V  [jvm.dll+0x629d8a]
V  [jvm.dll+0x7638ff]
V  [jvm.dll+0x764fa9]
V  [jvm.dll+0x765633]
V  [jvm.dll+0x23d9c8]
V  [jvm.dll+0xb2a1c]
V  [jvm.dll+0xb2fdc]
V  [jvm.dll+0x2ae744]
V  [jvm.dll+0x53d4c6]
V  [jvm.dll+0x1f9f75]
V  [jvm.dll+0x1f762d]
V  [jvm.dll+0x177c51]
V  [jvm.dll+0x207026]
V  [jvm.dll+0x2051bb]
V  [jvm.dll+0x729820]
V  [jvm.dll+0x7223f4]
V  [jvm.dll+0x628c26]
C  [ucrtbase.dll+0x21bb2]
C  [KERNEL32.DLL+0x17034]
C  [ntdll.dll+0x52651]


---------------  P R O C E S S  ---------------

Threads class SMR info:
_java_thread_list=0x00000208660e8db0, length=30, elements={
0x0000020861f32000, 0x0000020861f33800, 0x00000208628d2800, 0x0000020861f4d000,
0x0000020861f4e000, 0x0000020861f58000, 0x0000020861f59800, 0x0000020861f5c000,
0x0000020844d46000, 0x0000020862c89000, 0x00000208646b5800, 0x0000020865bc0000,
0x0000020865746800, 0x00000208646df800, 0x0000020867d99800, 0x00000208663b6800,
0x00000208663b5000, 0x00000208663b4000, 0x00000208663ba800, 0x00000208663b5800,
0x00000208663b9000, 0x00000208663b7800, 0x00000208663b9800, 0x00000208663b8000,
0x0000020865e58800, 0x0000020865e5a000, 0x0000020865e5c800, 0x0000020865e5b000,
0x0000020865e59000, 0x0000020865e57800
}

Java Threads: ( => current thread )
  0x0000020861f32000 JavaThread "Reference Handler" daemon [_thread_blocked, id=3912, stack(0x000000f205900000,0x000000f205a00000)]
  0x0000020861f33800 JavaThread "Finalizer" daemon [_thread_blocked, id=10500, stack(0x000000f205a00000,0x000000f205b00000)]
  0x00000208628d2800 JavaThread "Signal Dispatcher" daemon [_thread_blocked, id=10704, stack(0x000000f205b00000,0x000000f205c00000)]
  0x0000020861f4d000 JavaThread "Attach Listener" daemon [_thread_blocked, id=10804, stack(0x000000f205c00000,0x000000f205d00000)]
  0x0000020861f4e000 JavaThread "Service Thread" daemon [_thread_blocked, id=7892, stack(0x000000f205d00000,0x000000f205e00000)]
=>0x0000020861f58000 JavaThread "C2 CompilerThread0" daemon [_thread_in_native, id=9288, stack(0x000000f205e00000,0x000000f205f00000)]
  0x0000020861f59800 JavaThread "C1 CompilerThread0" daemon [_thread_blocked, id=1900, stack(0x000000f205f00000,0x000000f206000000)]
  0x0000020861f5c000 JavaThread "Sweeper thread" daemon [_thread_blocked, id=7584, stack(0x000000f206000000,0x000000f206100000)]
  0x0000020844d46000 JavaThread "Common-Cleaner" daemon [_thread_blocked, id=10468, stack(0x000000f206100000,0x000000f206200000)]
  0x0000020862c89000 JavaThread "Monitor Ctrl-Break" daemon [_thread_in_native, id=7740, stack(0x000000f206200000,0x000000f206300000)]
  0x00000208646b5800 JavaThread "Catalina-utility-1" [_thread_blocked, id=6420, stack(0x000000f206700000,0x000000f206800000)]
  0x0000020865bc0000 JavaThread "Catalina-utility-2" [_thread_blocked, id=4548, stack(0x000000f206800000,0x000000f206900000)]
  0x0000020865746800 JavaThread "container-0" [_thread_blocked, id=7528, stack(0x000000f206900000,0x000000f206a00000)]
  0x00000208646df800 JavaThread "cluster-ClusterId{value='63103f89adefd578bd460fdc', description='null'}-localhost:27017" daemon [_thread_blocked, id=5192, stack(0x000000f206a00000,0x000000f206b00000)]
  0x0000020867d99800 JavaThread "Live Reload Server" daemon [_thread_in_native, id=6136, stack(0x000000f206d00000,0x000000f206e00000)]
  0x00000208663b6800 JavaThread "File Watcher" daemon [_thread_blocked, id=5948, stack(0x000000f206c00000,0x000000f206d00000)]
  0x00000208663b5000 JavaThread "http-nio-8080-BlockPoller" daemon [_thread_in_native, id=3548, stack(0x000000f206e00000,0x000000f206f00000)]
  0x00000208663b4000 JavaThread "http-nio-8080-exec-1" daemon [_thread_blocked, id=3724, stack(0x000000f206f00000,0x000000f207000000)]
  0x00000208663ba800 JavaThread "http-nio-8080-exec-2" daemon [_thread_blocked, id=9924, stack(0x000000f207000000,0x000000f207100000)]
  0x00000208663b5800 JavaThread "http-nio-8080-exec-3" daemon [_thread_blocked, id=9832, stack(0x000000f207100000,0x000000f207200000)]
  0x00000208663b9000 JavaThread "http-nio-8080-exec-4" daemon [_thread_blocked, id=2036, stack(0x000000f207200000,0x000000f207300000)]
  0x00000208663b7800 JavaThread "http-nio-8080-exec-5" daemon [_thread_blocked, id=7996, stack(0x000000f207300000,0x000000f207400000)]
  0x00000208663b9800 JavaThread "http-nio-8080-exec-6" daemon [_thread_blocked, id=9752, stack(0x000000f207400000,0x000000f207500000)]
  0x00000208663b8000 JavaThread "http-nio-8080-exec-7" daemon [_thread_blocked, id=5832, stack(0x000000f207500000,0x000000f207600000)]
  0x0000020865e58800 JavaThread "http-nio-8080-exec-8" daemon [_thread_blocked, id=2852, stack(0x000000f207600000,0x000000f207700000)]
  0x0000020865e5a000 JavaThread "http-nio-8080-exec-9" daemon [_thread_blocked, id=2504, stack(0x000000f207700000,0x000000f207800000)]
  0x0000020865e5c800 JavaThread "http-nio-8080-exec-10" daemon [_thread_blocked, id=1592, stack(0x000000f207800000,0x000000f207900000)]
  0x0000020865e5b000 JavaThread "http-nio-8080-ClientPoller" daemon [_thread_in_native, id=1184, stack(0x000000f207900000,0x000000f207a00000)]
  0x0000020865e59000 JavaThread "http-nio-8080-Acceptor" daemon [_thread_in_native, id=10252, stack(0x000000f207a00000,0x000000f207b00000)]
  0x0000020865e57800 JavaThread "DestroyJavaVM" [_thread_blocked, id=1416, stack(0x000000f205200000,0x000000f205300000)]

Other Threads:
  0x0000020861f30000 VMThread "VM Thread" [stack: 0x000000f205800000,0x000000f205900000] [id=9800]
  0x0000020862d6c000 WatcherThread [stack: 0x000000f206300000,0x000000f206400000] [id=1960]
  0x0000020844c7f800 GCTaskThread "GC Thread#0" [stack: 0x000000f205300000,0x000000f205400000] [id=10416]
  0x0000020862f2b800 GCTaskThread "GC Thread#1" [stack: 0x000000f206400000,0x000000f206500000] [id=7836]
  0x0000020844cb1000 ConcurrentGCThread "G1 Main Marker" [stack: 0x000000f205400000,0x000000f205500000] [id=6044]
  0x0000020844cb3000 ConcurrentGCThread "G1 Conc#0" [stack: 0x000000f205500000,0x000000f205600000] [id=1112]
  0x0000020844d3b000 ConcurrentGCThread "G1 Refine#0" [stack: 0x000000f205600000,0x000000f205700000] [id=10888]
  0x0000020844d3c000 ConcurrentGCThread "G1 Young RemSet Sampling" [stack: 0x000000f205700000,0x000000f205800000] [id=6904]

Threads with active compile tasks:
C2 CompilerThread0  14991 4043       4       java.io.WinNTFileSystem::resolve (275 bytes)

VM state:not at safepoint (normal execution)

VM Mutex/Monitor currently owned by a thread: None

Heap address: 0x0000000080000000, size: 2048 MB, Compressed Oops mode: 32-bit
Narrow klass base: 0x0000000000000000, Narrow klass shift: 3
Compressed class space size: 1073741824 Address: 0x0000000100000000

Heap:
 garbage-first heap   total 157696K, used 63937K [0x0000000080000000, 0x0000000100000000)
  region size 1024K, 60 young (61440K), 8 survivors (8192K)
 Metaspace       used 42471K, capacity 43888K, committed 44080K, reserved 1087488K
  class space    used 5123K, capacity 5681K, committed 5760K, reserved 1048576K
Heap Regions: E=young(eden), S=young(survivor), O=old, HS=humongous(starts), HC=humongous(continues), CS=collection set, F=free, A=archive, TAMS=top-at-mark-start (previous, next)
|   0|0x0000000080000000, 0x0000000080100000, 0x0000000080100000|100%| O|  |TAMS 0x0000000080100000, 0x0000000080000000| Untracked 
|   1|0x0000000080100000, 0x0000000080200000, 0x0000000080200000|100%| O|  |TAMS 0x0000000080200000, 0x0000000080100000| Untracked 
|   2|0x0000000080200000, 0x0000000080300000, 0x0000000080300000|100%| O|  |TAMS 0x0000000080300000, 0x0000000080200000| Untracked 
|   3|0x0000000080300000, 0x0000000080400000, 0x0000000080400000|100%| O|  |TAMS 0x0000000080400000, 0x0000000080300000| Untracked 
|   4|0x0000000080400000, 0x000000008041aa00, 0x0000000080500000| 10%| O|  |TAMS 0x000000008041aa00, 0x0000000080400000| Untracked 
|   5|0x0000000080500000, 0x0000000080500000, 0x0000000080600000|  0%| F|  |TAMS 0x0000000080500000, 0x0000000080500000| Untracked 
|   6|0x0000000080600000, 0x0000000080600000, 0x0000000080700000|  0%| F|  |TAMS 0x0000000080600000, 0x0000000080600000| Untracked 
|   7|0x0000000080700000, 0x0000000080700000, 0x0000000080800000|  0%| F|  |TAMS 0x0000000080700000, 0x0000000080700000| Untracked 
|   8|0x0000000080800000, 0x0000000080800000, 0x0000000080900000|  0%| F|  |TAMS 0x0000000080800000, 0x0000000080800000| Untracked 
|   9|0x0000000080900000, 0x0000000080900000, 0x0000000080a00000|  0%| F|  |TAMS 0x0000000080900000, 0x0000000080900000| Untracked 
|  10|0x0000000080a00000, 0x0000000080a00000, 0x0000000080b00000|  0%| F|  |TAMS 0x0000000080a00000, 0x0000000080a00000| Untracked 
|  11|0x0000000080b00000, 0x0000000080b00000, 0x0000000080c00000|  0%| F|  |TAMS 0x0000000080b00000, 0x0000000080b00000| Untracked 
|  12|0x0000000080c00000, 0x0000000080c00000, 0x0000000080d00000|  0%| F|  |TAMS 0x0000000080c00000, 0x0000000080c00000| Untracked 
|  13|0x0000000080d00000, 0x0000000080d00000, 0x0000000080e00000|  0%| F|  |TAMS 0x0000000080d00000, 0x0000000080d00000| Untracked 
|  14|0x0000000080e00000, 0x0000000080e00000, 0x0000000080f00000|  0%| F|  |TAMS 0x0000000080e00000, 0x0000000080e00000| Untracked 
|  15|0x0000000080f00000, 0x0000000080f00000, 0x0000000081000000|  0%| F|  |TAMS 0x0000000080f00000, 0x0000000080f00000| Untracked 
|  16|0x0000000081000000, 0x0000000081000000, 0x0000000081100000|  0%| F|  |TAMS 0x0000000081000000, 0x0000000081000000| Untracked 
|  17|0x0000000081100000, 0x0000000081100000, 0x0000000081200000|  0%| F|  |TAMS 0x0000000081100000, 0x0000000081100000| Untracked 
|  18|0x0000000081200000, 0x0000000081200000, 0x0000000081300000|  0%| F|  |TAMS 0x0000000081200000, 0x0000000081200000| Untracked 
|  19|0x0000000081300000, 0x0000000081300000, 0x0000000081400000|  0%| F|  |TAMS 0x0000000081300000, 0x0000000081300000| Untracked 
|  20|0x0000000081400000, 0x0000000081400000, 0x0000000081500000|  0%| F|  |TAMS 0x0000000081400000, 0x0000000081400000| Untracked 
|  21|0x0000000081500000, 0x0000000081500000, 0x0000000081600000|  0%| F|  |TAMS 0x0000000081500000, 0x0000000081500000| Untracked 
|  22|0x0000000081600000, 0x0000000081600000, 0x0000000081700000|  0%| F|  |TAMS 0x0000000081600000, 0x0000000081600000| Untracked 
|  23|0x0000000081700000, 0x0000000081700000, 0x0000000081800000|  0%| F|  |TAMS 0x0000000081700000, 0x0000000081700000| Untracked 
|  24|0x0000000081800000, 0x0000000081800000, 0x0000000081900000|  0%| F|  |TAMS 0x0000000081800000, 0x0000000081800000| Untracked 
|  25|0x0000000081900000, 0x0000000081900000, 0x0000000081a00000|  0%| F|  |TAMS 0x0000000081900000, 0x0000000081900000| Untracked 
|  26|0x0000000081a00000, 0x0000000081a00000, 0x0000000081b00000|  0%| F|  |TAMS 0x0000000081a00000, 0x0000000081a00000| Untracked 
|  27|0x0000000081b00000, 0x0000000081b00000, 0x0000000081c00000|  0%| F|  |TAMS 0x0000000081b00000, 0x0000000081b00000| Untracked 
|  28|0x0000000081c00000, 0x0000000081c00000, 0x0000000081d00000|  0%| F|  |TAMS 0x0000000081c00000, 0x0000000081c00000| Untracked 
|  29|0x0000000081d00000, 0x0000000081d00000, 0x0000000081e00000|  0%| F|  |TAMS 0x0000000081d00000, 0x0000000081d00000| Untracked 
|  30|0x0000000081e00000, 0x0000000081e00000, 0x0000000081f00000|  0%| F|  |TAMS 0x0000000081e00000, 0x0000000081e00000| Untracked 
|  31|0x0000000081f00000, 0x0000000081f00000, 0x0000000082000000|  0%| F|  |TAMS 0x0000000081f00000, 0x0000000081f00000| Untracked 
|  32|0x0000000082000000, 0x0000000082000000, 0x0000000082100000|  0%| F|  |TAMS 0x0000000082000000, 0x0000000082000000| Untracked 
|  33|0x0000000082100000, 0x0000000082100000, 0x0000000082200000|  0%| F|  |TAMS 0x0000000082100000, 0x0000000082100000| Untracked 
|  34|0x0000000082200000, 0x0000000082200000, 0x0000000082300000|  0%| F|  |TAMS 0x0000000082200000, 0x0000000082200000| Untracked 
|  35|0x0000000082300000, 0x0000000082300000, 0x0000000082400000|  0%| F|  |TAMS 0x0000000082300000, 0x0000000082300000| Untracked 
|  36|0x0000000082400000, 0x0000000082400000, 0x0000000082500000|  0%| F|  |TAMS 0x0000000082400000, 0x0000000082400000| Untracked 
|  37|0x0000000082500000, 0x0000000082500000, 0x0000000082600000|  0%| F|  |TAMS 0x0000000082500000, 0x0000000082500000| Untracked 
|  38|0x0000000082600000, 0x0000000082600000, 0x0000000082700000|  0%| F|  |TAMS 0x0000000082600000, 0x0000000082600000| Untracked 
|  39|0x0000000082700000, 0x0000000082700000, 0x0000000082800000|  0%| F|  |TAMS 0x0000000082700000, 0x0000000082700000| Untracked 
|  40|0x0000000082800000, 0x0000000082800000, 0x0000000082900000|  0%| F|  |TAMS 0x0000000082800000, 0x0000000082800000| Untracked 
|  41|0x0000000082900000, 0x0000000082900000, 0x0000000082a00000|  0%| F|  |TAMS 0x0000000082900000, 0x0000000082900000| Untracked 
|  42|0x0000000082a00000, 0x0000000082a00000, 0x0000000082b00000|  0%| F|  |TAMS 0x0000000082a00000, 0x0000000082a00000| Untracked 
|  43|0x0000000082b00000, 0x0000000082b00000, 0x0000000082c00000|  0%| F|  |TAMS 0x0000000082b00000, 0x0000000082b00000| Untracked 
|  44|0x0000000082c00000, 0x0000000082c00000, 0x0000000082d00000|  0%| F|  |TAMS 0x0000000082c00000, 0x0000000082c00000| Untracked 
|  45|0x0000000082d00000, 0x0000000082d00000, 0x0000000082e00000|  0%| F|  |TAMS 0x0000000082d00000, 0x0000000082d00000| Untracked 
|  46|0x0000000082e00000, 0x0000000082e00000, 0x0000000082f00000|  0%| F|  |TAMS 0x0000000082e00000, 0x0000000082e00000| Untracked 
|  47|0x0000000082f00000, 0x0000000082f00000, 0x0000000083000000|  0%| F|  |TAMS 0x0000000082f00000, 0x0000000082f00000| Untracked 
|  48|0x0000000083000000, 0x0000000083000000, 0x0000000083100000|  0%| F|  |TAMS 0x0000000083000000, 0x0000000083000000| Untracked 
|  49|0x0000000083100000, 0x0000000083100000, 0x0000000083200000|  0%| F|  |TAMS 0x0000000083100000, 0x0000000083100000| Untracked 
|  50|0x0000000083200000, 0x0000000083200000, 0x0000000083300000|  0%| F|  |TAMS 0x0000000083200000, 0x0000000083200000| Untracked 
|  51|0x0000000083300000, 0x0000000083300000, 0x0000000083400000|  0%| F|  |TAMS 0x0000000083300000, 0x0000000083300000| Untracked 
|  52|0x0000000083400000, 0x0000000083400000, 0x0000000083500000|  0%| F|  |TAMS 0x0000000083400000, 0x0000000083400000| Untracked 
|  53|0x0000000083500000, 0x0000000083500000, 0x0000000083600000|  0%| F|  |TAMS 0x0000000083500000, 0x0000000083500000| Untracked 
|  54|0x0000000083600000, 0x0000000083600000, 0x0000000083700000|  0%| F|  |TAMS 0x0000000083600000, 0x0000000083600000| Untracked 
|  55|0x0000000083700000, 0x0000000083700000, 0x0000000083800000|  0%| F|  |TAMS 0x0000000083700000, 0x0000000083700000| Untracked 
|  56|0x0000000083800000, 0x0000000083800000, 0x0000000083900000|  0%| F|  |TAMS 0x0000000083800000, 0x0000000083800000| Untracked 
|  57|0x0000000083900000, 0x0000000083900000, 0x0000000083a00000|  0%| F|  |TAMS 0x0000000083900000, 0x0000000083900000| Untracked 
|  58|0x0000000083a00000, 0x0000000083a00000, 0x0000000083b00000|  0%| F|  |TAMS 0x0000000083a00000, 0x0000000083a00000| Untracked 
|  59|0x0000000083b00000, 0x0000000083b00000, 0x0000000083c00000|  0%| F|  |TAMS 0x0000000083b00000, 0x0000000083b00000| Untracked 
|  60|0x0000000083c00000, 0x0000000083c00000, 0x0000000083d00000|  0%| F|  |TAMS 0x0000000083c00000, 0x0000000083c00000| Untracked 
|  61|0x0000000083d00000, 0x0000000083d00000, 0x0000000083e00000|  0%| F|  |TAMS 0x0000000083d00000, 0x0000000083d00000| Untracked 
|  62|0x0000000083e00000, 0x0000000083e00000, 0x0000000083f00000|  0%| F|  |TAMS 0x0000000083e00000, 0x0000000083e00000| Untracked 
|  63|0x0000000083f00000, 0x0000000083f00000, 0x0000000084000000|  0%| F|  |TAMS 0x0000000083f00000, 0x0000000083f00000| Untracked 
|  64|0x0000000084000000, 0x0000000084000000, 0x0000000084100000|  0%| F|  |TAMS 0x0000000084000000, 0x0000000084000000| Untracked 
|  65|0x0000000084100000, 0x0000000084100000, 0x0000000084200000|  0%| F|  |TAMS 0x0000000084100000, 0x0000000084100000| Untracked 
|  66|0x0000000084200000, 0x0000000084200000, 0x0000000084300000|  0%| F|  |TAMS 0x0000000084200000, 0x0000000084200000| Untracked 
|  67|0x0000000084300000, 0x0000000084300000, 0x0000000084400000|  0%| F|  |TAMS 0x0000000084300000, 0x0000000084300000| Untracked 
|  68|0x0000000084400000, 0x0000000084400000, 0x0000000084500000|  0%| F|  |TAMS 0x0000000084400000, 0x0000000084400000| Untracked 
|  69|0x0000000084500000, 0x0000000084500000, 0x0000000084600000|  0%| F|  |TAMS 0x0000000084500000, 0x0000000084500000| Untracked 
|  70|0x0000000084600000, 0x0000000084600000, 0x0000000084700000|  0%| F|  |TAMS 0x0000000084600000, 0x0000000084600000| Untracked 
|  71|0x0000000084700000, 0x0000000084700000, 0x0000000084800000|  0%| F|  |TAMS 0x0000000084700000, 0x0000000084700000| Untracked 
|  72|0x0000000084800000, 0x0000000084800000, 0x0000000084900000|  0%| F|  |TAMS 0x0000000084800000, 0x0000000084800000| Untracked 
|  73|0x0000000084900000, 0x0000000084900000, 0x0000000084a00000|  0%| F|  |TAMS 0x0000000084900000, 0x0000000084900000| Untracked 
|  74|0x0000000084a00000, 0x0000000084a00000, 0x0000000084b00000|  0%| F|  |TAMS 0x0000000084a00000, 0x0000000084a00000| Untracked 
|  75|0x0000000084b00000, 0x0000000084b00000, 0x0000000084c00000|  0%| F|  |TAMS 0x0000000084b00000, 0x0000000084b00000| Untracked 
|  76|0x0000000084c00000, 0x0000000084c00000, 0x0000000084d00000|  0%| F|  |TAMS 0x0000000084c00000, 0x0000000084c00000| Untracked 
|  77|0x0000000084d00000, 0x0000000084d00000, 0x0000000084e00000|  0%| F|  |TAMS 0x0000000084d00000, 0x0000000084d00000| Untracked 
|  78|0x0000000084e00000, 0x0000000084e00000, 0x0000000084f00000|  0%| F|  |TAMS 0x0000000084e00000, 0x0000000084e00000| Untracked 
|  79|0x0000000084f00000, 0x0000000084f00000, 0x0000000085000000|  0%| F|  |TAMS 0x0000000084f00000, 0x0000000084f00000| Untracked 
|  80|0x0000000085000000, 0x0000000085000000, 0x0000000085100000|  0%| F|  |TAMS 0x0000000085000000, 0x0000000085000000| Untracked 
|  81|0x0000000085100000, 0x0000000085155be0, 0x0000000085200000| 33%| S|CS|TAMS 0x0000000085100000, 0x0000000085100000| Complete 
|  82|0x0000000085200000, 0x0000000085300000, 0x0000000085300000|100%| S|CS|TAMS 0x0000000085200000, 0x0000000085200000| Complete 
|  83|0x0000000085300000, 0x0000000085400000, 0x0000000085400000|100%| S|CS|TAMS 0x0000000085300000, 0x0000000085300000| Complete 
|  84|0x0000000085400000, 0x0000000085500000, 0x0000000085500000|100%| S|CS|TAMS 0x0000000085400000, 0x0000000085400000| Complete 
|  85|0x0000000085500000, 0x0000000085600000, 0x0000000085600000|100%| S|CS|TAMS 0x0000000085500000, 0x0000000085500000| Complete 
|  86|0x0000000085600000, 0x0000000085700000, 0x0000000085700000|100%| S|CS|TAMS 0x0000000085600000, 0x0000000085600000| Complete 
|  87|0x0000000085700000, 0x0000000085800000, 0x0000000085800000|100%| S|CS|TAMS 0x0000000085700000, 0x0000000085700000| Complete 
|  88|0x0000000085800000, 0x0000000085900000, 0x0000000085900000|100%| S|CS|TAMS 0x0000000085800000, 0x0000000085800000| Complete 
|  89|0x0000000085900000, 0x0000000085900000, 0x0000000085a00000|  0%| F|  |TAMS 0x0000000085900000, 0x0000000085900000| Untracked 
|  90|0x0000000085a00000, 0x0000000085a00000, 0x0000000085b00000|  0%| F|  |TAMS 0x0000000085a00000, 0x0000000085a00000| Untracked 
|  91|0x0000000085b00000, 0x0000000085b00000, 0x0000000085c00000|  0%| F|  |TAMS 0x0000000085b00000, 0x0000000085b00000| Untracked 
|  92|0x0000000085c00000, 0x0000000085c00000, 0x0000000085d00000|  0%| F|  |TAMS 0x0000000085c00000, 0x0000000085c00000| Untracked 
|  93|0x0000000085d00000, 0x0000000085d00000, 0x0000000085e00000|  0%| F|  |TAMS 0x0000000085d00000, 0x0000000085d00000| Untracked 
|  94|0x0000000085e00000, 0x0000000085e00000, 0x0000000085f00000|  0%| F|  |TAMS 0x0000000085e00000, 0x0000000085e00000| Untracked 
|  95|0x0000000085f00000, 0x0000000085f00000, 0x0000000086000000|  0%| F|  |TAMS 0x0000000085f00000, 0x0000000085f00000| Untracked 
|  96|0x0000000086000000, 0x0000000086000000, 0x0000000086100000|  0%| F|  |TAMS 0x0000000086000000, 0x0000000086000000| Untracked 
|  97|0x0000000086100000, 0x0000000086100000, 0x0000000086200000|  0%| F|  |TAMS 0x0000000086100000, 0x0000000086100000| Untracked 
|  98|0x0000000086200000, 0x0000000086200000, 0x0000000086300000|  0%| F|  |TAMS 0x0000000086200000, 0x0000000086200000| Untracked 
|  99|0x0000000086300000, 0x0000000086300000, 0x0000000086400000|  0%| F|  |TAMS 0x0000000086300000, 0x0000000086300000| Untracked 
| 100|0x0000000086400000, 0x0000000086400000, 0x0000000086500000|  0%| F|  |TAMS 0x0000000086400000, 0x0000000086400000| Untracked 
| 101|0x0000000086500000, 0x0000000086500000, 0x0000000086600000|  0%| F|  |TAMS 0x0000000086500000, 0x0000000086500000| Untracked 
| 102|0x0000000086600000, 0x00000000866e4658, 0x0000000086700000| 89%| E|  |TAMS 0x0000000086600000, 0x0000000086600000| Complete 
| 103|0x0000000086700000, 0x0000000086800000, 0x0000000086800000|100%| E|CS|TAMS 0x0000000086700000, 0x0000000086700000| Complete 
| 104|0x0000000086800000, 0x0000000086900000, 0x0000000086900000|100%| E|CS|TAMS 0x0000000086800000, 0x0000000086800000| Complete 
| 105|0x0000000086900000, 0x0000000086a00000, 0x0000000086a00000|100%| E|CS|TAMS 0x0000000086900000, 0x0000000086900000| Complete 
| 106|0x0000000086a00000, 0x0000000086b00000, 0x0000000086b00000|100%| E|CS|TAMS 0x0000000086a00000, 0x0000000086a00000| Complete 
| 107|0x0000000086b00000, 0x0000000086c00000, 0x0000000086c00000|100%| E|CS|TAMS 0x0000000086b00000, 0x0000000086b00000| Complete 
| 108|0x0000000086c00000, 0x0000000086d00000, 0x0000000086d00000|100%| E|CS|TAMS 0x0000000086c00000, 0x0000000086c00000| Complete 
| 109|0x0000000086d00000, 0x0000000086e00000, 0x0000000086e00000|100%| E|CS|TAMS 0x0000000086d00000, 0x0000000086d00000| Complete 
| 110|0x0000000086e00000, 0x0000000086f00000, 0x0000000086f00000|100%| E|CS|TAMS 0x0000000086e00000, 0x0000000086e00000| Complete 
| 111|0x0000000086f00000, 0x0000000087000000, 0x0000000087000000|100%| E|CS|TAMS 0x0000000086f00000, 0x0000000086f00000| Complete 
| 112|0x0000000087000000, 0x0000000087100000, 0x0000000087100000|100%| E|CS|TAMS 0x0000000087000000, 0x0000000087000000| Complete 
| 113|0x0000000087100000, 0x0000000087200000, 0x0000000087200000|100%| E|CS|TAMS 0x0000000087100000, 0x0000000087100000| Complete 
| 114|0x0000000087200000, 0x0000000087300000, 0x0000000087300000|100%| E|CS|TAMS 0x0000000087200000, 0x0000000087200000| Complete 
| 115|0x0000000087300000, 0x0000000087400000, 0x0000000087400000|100%| E|CS|TAMS 0x0000000087300000, 0x0000000087300000| Complete 
| 116|0x0000000087400000, 0x0000000087500000, 0x0000000087500000|100%| E|CS|TAMS 0x0000000087400000, 0x0000000087400000| Complete 
| 117|0x0000000087500000, 0x0000000087600000, 0x0000000087600000|100%| E|CS|TAMS 0x0000000087500000, 0x0000000087500000| Complete 
| 118|0x0000000087600000, 0x0000000087700000, 0x0000000087700000|100%| E|CS|TAMS 0x0000000087600000, 0x0000000087600000| Complete 
| 119|0x0000000087700000, 0x0000000087800000, 0x0000000087800000|100%| E|CS|TAMS 0x0000000087700000, 0x0000000087700000| Complete 
| 120|0x0000000087800000, 0x0000000087900000, 0x0000000087900000|100%| E|CS|TAMS 0x0000000087800000, 0x0000000087800000| Complete 
| 121|0x0000000087900000, 0x0000000087a00000, 0x0000000087a00000|100%| E|CS|TAMS 0x0000000087900000, 0x0000000087900000| Complete 
| 122|0x0000000087a00000, 0x0000000087b00000, 0x0000000087b00000|100%| E|CS|TAMS 0x0000000087a00000, 0x0000000087a00000| Complete 
| 123|0x0000000087b00000, 0x0000000087c00000, 0x0000000087c00000|100%| E|CS|TAMS 0x0000000087b00000, 0x0000000087b00000| Complete 
| 124|0x0000000087c00000, 0x0000000087d00000, 0x0000000087d00000|100%| E|CS|TAMS 0x0000000087c00000, 0x0000000087c00000| Complete 
| 125|0x0000000087d00000, 0x0000000087e00000, 0x0000000087e00000|100%| E|CS|TAMS 0x0000000087d00000, 0x0000000087d00000| Complete 
| 126|0x0000000087e00000, 0x0000000087f00000, 0x0000000087f00000|100%| E|CS|TAMS 0x0000000087e00000, 0x0000000087e00000| Complete 
| 127|0x0000000087f00000, 0x0000000088000000, 0x0000000088000000|100%| E|CS|TAMS 0x0000000087f00000, 0x0000000087f00000| Complete 
| 128|0x0000000088000000, 0x0000000088100000, 0x0000000088100000|100%| E|CS|TAMS 0x0000000088000000, 0x0000000088000000| Complete 
| 129|0x0000000088100000, 0x0000000088200000, 0x0000000088200000|100%| E|CS|TAMS 0x0000000088100000, 0x0000000088100000| Complete 
| 130|0x0000000088200000, 0x0000000088300000, 0x0000000088300000|100%| E|CS|TAMS 0x0000000088200000, 0x0000000088200000| Complete 
| 131|0x0000000088300000, 0x0000000088400000, 0x0000000088400000|100%| E|CS|TAMS 0x0000000088300000, 0x0000000088300000| Complete 
| 132|0x0000000088400000, 0x0000000088500000, 0x0000000088500000|100%| E|CS|TAMS 0x0000000088400000, 0x0000000088400000| Complete 
| 133|0x0000000088500000, 0x0000000088600000, 0x0000000088600000|100%| E|CS|TAMS 0x0000000088500000, 0x0000000088500000| Complete 
| 134|0x0000000088600000, 0x0000000088700000, 0x0000000088700000|100%| E|CS|TAMS 0x0000000088600000, 0x0000000088600000| Complete 
| 135|0x0000000088700000, 0x0000000088800000, 0x0000000088800000|100%| E|CS|TAMS 0x0000000088700000, 0x0000000088700000| Complete 
| 136|0x0000000088800000, 0x0000000088900000, 0x0000000088900000|100%| E|CS|TAMS 0x0000000088800000, 0x0000000088800000| Complete 
| 137|0x0000000088900000, 0x0000000088a00000, 0x0000000088a00000|100%| E|CS|TAMS 0x0000000088900000, 0x0000000088900000| Complete 
| 138|0x0000000088a00000, 0x0000000088b00000, 0x0000000088b00000|100%| E|CS|TAMS 0x0000000088a00000, 0x0000000088a00000| Complete 
| 139|0x0000000088b00000, 0x0000000088c00000, 0x0000000088c00000|100%| E|CS|TAMS 0x0000000088b00000, 0x0000000088b00000| Complete 
| 140|0x0000000088c00000, 0x0000000088d00000, 0x0000000088d00000|100%| E|CS|TAMS 0x0000000088c00000, 0x0000000088c00000| Complete 
| 141|0x0000000088d00000, 0x0000000088e00000, 0x0000000088e00000|100%| E|CS|TAMS 0x0000000088d00000, 0x0000000088d00000| Complete 
| 142|0x0000000088e00000, 0x0000000088f00000, 0x0000000088f00000|100%| E|CS|TAMS 0x0000000088e00000, 0x0000000088e00000| Complete 
| 143|0x0000000088f00000, 0x0000000089000000, 0x0000000089000000|100%| E|CS|TAMS 0x0000000088f00000, 0x0000000088f00000| Complete 
| 144|0x0000000089000000, 0x0000000089100000, 0x0000000089100000|100%| E|CS|TAMS 0x0000000089000000, 0x0000000089000000| Complete 
| 145|0x0000000089100000, 0x0000000089200000, 0x0000000089200000|100%| E|CS|TAMS 0x0000000089100000, 0x0000000089100000| Complete 
| 146|0x0000000089200000, 0x0000000089300000, 0x0000000089300000|100%| E|CS|TAMS 0x0000000089200000, 0x0000000089200000| Complete 
| 147|0x0000000089300000, 0x0000000089400000, 0x0000000089400000|100%| E|CS|TAMS 0x0000000089300000, 0x0000000089300000| Complete 
| 148|0x0000000089400000, 0x0000000089500000, 0x0000000089500000|100%| E|CS|TAMS 0x0000000089400000, 0x0000000089400000| Complete 
| 149|0x0000000089500000, 0x0000000089600000, 0x0000000089600000|100%| E|CS|TAMS 0x0000000089500000, 0x0000000089500000| Complete 
| 150|0x0000000089600000, 0x0000000089700000, 0x0000000089700000|100%| E|CS|TAMS 0x0000000089600000, 0x0000000089600000| Complete 
| 151|0x0000000089700000, 0x0000000089800000, 0x0000000089800000|100%| E|CS|TAMS 0x0000000089700000, 0x0000000089700000| Complete 
| 152|0x0000000089800000, 0x0000000089900000, 0x0000000089900000|100%| E|CS|TAMS 0x0000000089800000, 0x0000000089800000| Complete 
| 153|0x0000000089900000, 0x0000000089a00000, 0x0000000089a00000|100%| E|CS|TAMS 0x0000000089900000, 0x0000000089900000| Complete 

Card table byte_map: [0x000002085b320000,0x000002085b720000] _byte_map_base: 0x000002085af20000

Marking Bits (Prev, Next): (CMBitMap*) 0x0000020844ca8128, (CMBitMap*) 0x0000020844ca8160
 Prev Bits: [0x000002085bb20000, 0x000002085db20000)
 Next Bits: [0x000002085db20000, 0x000002085fb20000)

Polling page: 0x0000020842a70000

Metaspace:

Usage:
  Non-class:     37.31 MB capacity,    36.47 MB ( 98%) used,   699.59 KB (  2%) free+waste,   159.31 KB ( <1%) overhead. 
      Class:      5.55 MB capacity,     5.00 MB ( 90%) used,   479.28 KB (  8%) free+waste,    78.25 KB (  1%) overhead. 
       Both:     42.86 MB capacity,    41.48 MB ( 97%) used,     1.15 MB (  3%) free+waste,   237.56 KB ( <1%) overhead. 

Virtual space:
  Non-class space:       38.00 MB reserved,      37.42 MB ( 98%) committed 
      Class space:        1.00 GB reserved,       5.63 MB ( <1%) committed 
             Both:        1.04 GB reserved,      43.05 MB (  4%) committed 

Chunk freelists:
   Non-Class:  6.13 KB
       Class:  0 bytes
        Both:  6.13 KB

CodeHeap 'non-profiled nmethods': size=120064Kb used=1753Kb max_used=1753Kb free=118310Kb
 bounds [0x0000020853de0000, 0x0000020854050000, 0x000002085b320000]
CodeHeap 'profiled nmethods': size=120000Kb used=8506Kb max_used=8506Kb free=111493Kb
 bounds [0x000002084c8b0000, 0x000002084d100000, 0x0000020853de0000]
CodeHeap 'non-nmethods': size=5696Kb used=1154Kb max_used=1191Kb free=4542Kb
 bounds [0x000002084c320000, 0x000002084c590000, 0x000002084c8b0000]
 total_blobs=4514 nmethods=4024 adapters=400
 compilation: enabled
              stopped_count=0, restarted_count=0
 full_count=0

Compilation events (10 events):
Event: 12.738 Thread 0x0000020861f58000 nmethod 3696 0x0000020853f94910 code [0x0000020853f94a80, 0x0000020853f94b38]
Event: 12.738 Thread 0x0000020861f58000 3754       4       java.lang.Class::reflectionData (43 bytes)
Event: 12.746 Thread 0x0000020861f58000 nmethod 3754 0x0000020853f94c90 code [0x0000020853f94e40, 0x0000020853f95278]
Event: 12.851 Thread 0x0000020861f58000 4040       4       java.io.File::isInvalid (47 bytes)
Event: 12.872 Thread 0x0000020861f58000 nmethod 4040 0x0000020853f95490 code [0x0000020853f95640, 0x0000020853f95bb8]
Event: 12.872 Thread 0x0000020861f58000 4041       4       java.lang.StringUTF16::compress (50 bytes)
Event: 12.880 Thread 0x0000020861f58000 nmethod 4041 0x0000020853f96090 code [0x0000020853f96200, 0x0000020853f96518]
Event: 14.315 Thread 0x0000020861f59800 4042       3       java.lang.Long::hashCode (8 bytes)
Event: 14.315 Thread 0x0000020861f59800 nmethod 4042 0x000002084d0fe110 code [0x000002084d0fe2a0, 0x000002084d0fe398]
Event: 14.919 Thread 0x0000020861f58000 4043       4       java.io.WinNTFileSystem::resolve (275 bytes)

GC Heap History (10 events):
Event: 2.385 GC heap before
{Heap before GC invocations=2 (full 0):
 garbage-first heap   total 131072K, used 16596K [0x0000000080000000, 0x0000000100000000)
  region size 1024K, 13 young (13312K), 1 survivors (1024K)
 Metaspace       used 14387K, capacity 14676K, committed 14848K, reserved 1062912K
  class space    used 1427K, capacity 1519K, committed 1536K, reserved 1048576K
}
Event: 2.392 GC heap after
{Heap after GC invocations=3 (full 0):
 garbage-first heap   total 131072K, used 5283K [0x0000000080000000, 0x0000000100000000)
  region size 1024K, 2 young (2048K), 2 survivors (2048K)
 Metaspace       used 14387K, capacity 14676K, committed 14848K, reserved 1062912K
  class space    used 1427K, capacity 1519K, committed 1536K, reserved 1048576K
}
Event: 2.848 GC heap before
{Heap before GC invocations=3 (full 0):
 garbage-first heap   total 131072K, used 20643K [0x0000000080000000, 0x0000000100000000)
  region size 1024K, 18 young (18432K), 2 survivors (2048K)
 Metaspace       used 18195K, capacity 18534K, committed 18688K, reserved 1067008K
  class space    used 1848K, capacity 1986K, committed 2048K, reserved 1048576K
}
Event: 2.858 GC heap after
{Heap after GC invocations=4 (full 0):
 garbage-first heap   total 131072K, used 6036K [0x0000000080000000, 0x0000000100000000)
  region size 1024K, 2 young (2048K), 2 survivors (2048K)
 Metaspace       used 18195K, capacity 18534K, committed 18688K, reserved 1067008K
  class space    used 1848K, capacity 1986K, committed 2048K, reserved 1048576K
}
Event: 3.509 GC heap before
{Heap before GC invocations=4 (full 0):
 garbage-first heap   total 131072K, used 16276K [0x0000000080000000, 0x0000000100000000)
  region size 1024K, 14 young (14336K), 2 survivors (2048K)
 Metaspace       used 20624K, capacity 21101K, committed 21296K, reserved 1069056K
  class space    used 2231K, capacity 2403K, committed 2432K, reserved 1048576K
}
Event: 3.518 GC heap after
{Heap after GC invocations=5 (full 0):
 garbage-first heap   total 131072K, used 6409K [0x0000000080000000, 0x0000000100000000)
  region size 1024K, 3 young (3072K), 3 survivors (3072K)
 Metaspace       used 20624K, capacity 21101K, committed 21296K, reserved 1069056K
  class space    used 2231K, capacity 2403K, committed 2432K, reserved 1048576K
}
Event: 5.561 GC heap before
{Heap before GC invocations=6 (full 0):
 garbage-first heap   total 131072K, used 39177K [0x0000000080000000, 0x0000000100000000)
  region size 1024K, 35 young (35840K), 3 survivors (3072K)
 Metaspace       used 24849K, capacity 25563K, committed 25776K, reserved 1073152K
  class space    used 2753K, capacity 3030K, committed 3072K, reserved 1048576K
}
Event: 5.585 GC heap after
{Heap after GC invocations=7 (full 0):
 garbage-first heap   total 157696K, used 8241K [0x0000000080000000, 0x0000000100000000)
  region size 1024K, 4 young (4096K), 4 survivors (4096K)
 Metaspace       used 24849K, capacity 25563K, committed 25776K, reserved 1073152K
  class space    used 2753K, capacity 3030K, committed 3072K, reserved 1048576K
}
Event: 9.219 GC heap before
{Heap before GC invocations=7 (full 0):
 garbage-first heap   total 157696K, used 69681K [0x0000000080000000, 0x0000000100000000)
  region size 1024K, 65 young (66560K), 4 survivors (4096K)
 Metaspace       used 34601K, capacity 35525K, committed 35632K, reserved 1081344K
  class space    used 4013K, capacity 4384K, committed 4480K, reserved 1048576K
}
Event: 9.250 GC heap after
{Heap after GC invocations=8 (full 0):
 garbage-first heap   total 157696K, used 11713K [0x0000000080000000, 0x0000000100000000)
  region size 1024K, 8 young (8192K), 8 survivors (8192K)
 Metaspace       used 34601K, capacity 35525K, committed 35632K, reserved 1081344K
  class space    used 4013K, capacity 4384K, committed 4480K, reserved 1048576K
}

Deoptimization events (10 events):
Event: 11.390 Thread 0x0000020863008000 Uncommon trap: reason=class_check action=maybe_recompile pc=0x0000020853f7099c method=org.springframework.beans.factory.support.AbstractBeanFactory.isTypeMatch(Ljava/lang/String;Lorg/springframework/core/ResolvableType;Z)Z @ 53 c2
Event: 11.390 Thread 0x0000020863008000 Uncommon trap: reason=class_check action=maybe_recompile pc=0x0000020853f7099c method=org.springframework.beans.factory.support.AbstractBeanFactory.isTypeMatch(Ljava/lang/String;Lorg/springframework/core/ResolvableType;Z)Z @ 53 c2
Event: 11.444 Thread 0x0000020863008000 Uncommon trap: reason=class_check action=maybe_recompile pc=0x0000020853f7099c method=org.springframework.beans.factory.support.AbstractBeanFactory.isTypeMatch(Ljava/lang/String;Lorg/springframework/core/ResolvableType;Z)Z @ 53 c2
Event: 11.444 Thread 0x0000020863008000 Uncommon trap: reason=class_check action=maybe_recompile pc=0x0000020853f7099c method=org.springframework.beans.factory.support.AbstractBeanFactory.isTypeMatch(Ljava/lang/String;Lorg/springframework/core/ResolvableType;Z)Z @ 53 c2
Event: 11.991 Thread 0x0000020863008000 Uncommon trap: reason=unstable_if action=reinterpret pc=0x0000020853f38efc method=org.springframework.beans.factory.support.DefaultSingletonBeanRegistry.getSingleton(Ljava/lang/String;Z)Ljava/lang/Object; @ 47 c2
Event: 12.050 Thread 0x0000020863008000 Uncommon trap: reason=class_check action=maybe_recompile pc=0x0000020853e5a2d4 method=org.springframework.boot.context.properties.source.ConfigurationPropertyName$Elements.charAt(II)C @ 43 c2
Event: 12.050 Thread 0x0000020863008000 Uncommon trap: reason=class_check action=maybe_recompile pc=0x0000020853e5a2d4 method=org.springframework.boot.context.properties.source.ConfigurationPropertyName$Elements.charAt(II)C @ 43 c2
Event: 12.234 Thread 0x0000020863008000 Uncommon trap: reason=class_check action=maybe_recompile pc=0x0000020853f77c50 method=org.springframework.util.ConcurrentReferenceHashMap$ReferenceManager.pollForPurge()Lorg/springframework/util/ConcurrentReferenceHashMap$Reference; @ 7 c2
Event: 12.234 Thread 0x0000020863008000 Uncommon trap: reason=class_check action=maybe_recompile pc=0x0000020853f77c50 method=org.springframework.util.ConcurrentReferenceHashMap$ReferenceManager.pollForPurge()Lorg/springframework/util/ConcurrentReferenceHashMap$Reference; @ 7 c2
Event: 12.451 Thread 0x0000020863008000 Uncommon trap: reason=unstable_if action=reinterpret pc=0x0000020853e81b40 method=jdk.internal.org.objectweb.asm.MethodWriter.visitVarInsn(II)V @ 142 c2

Classes redefined (0 events):
No events

Internal exceptions (10 events):
Event: 11.323 Thread 0x0000020863008000 Exception <a 'java/lang/ClassNotFoundException'{0x00000000880aa4f0}: org/springframework/web/context/ServletContextAwareCustomizer> (0x00000000880aa4f0) thrown at [./open/src/hotspot/share/classfile/systemDictionary.cpp, line 226]
Event: 11.324 Thread 0x0000020863008000 Exception <a 'java/lang/ClassNotFoundException'{0x00000000880b2e80}: org/springframework/beans/factory/AwareCustomizer> (0x00000000880b2e80) thrown at [./open/src/hotspot/share/classfile/systemDictionary.cpp, line 226]
Event: 11.362 Thread 0x0000020863008000 Exception <a 'java/lang/NoSuchMethodError'{0x0000000087f54d28}: java.lang.invoke.DirectMethodHandle$Holder.invokeVirtual(Ljava/lang/Object;Ljava/lang/Object;Ljava/lang/Object;Ljava/lang/Object;)V> (0x0000000087f54d28) thrown at [./open/src/hotspot/share/i
Event: 11.912 Thread 0x0000020863008000 Exception <a 'java/lang/NoSuchMethodError'{0x00000000875e3898}: java.lang.invoke.DirectMethodHandle$Holder.invokeInterface(Ljava/lang/Object;Ljava/lang/Object;Ljava/lang/Object;)Ljava/lang/Object;> (0x00000000875e3898) thrown at [./open/src/hotspot/share/
Event: 11.914 Thread 0x0000020863008000 Exception <a 'java/lang/IncompatibleClassChangeError'{0x00000000875e6820}: Found class java.lang.Object, but interface was expected> (0x00000000875e6820) thrown at [./open/src/hotspot/share/interpreter/linkResolver.cpp, line 838]
Event: 11.978 Thread 0x0000020863008000 Exception <a 'java/lang/NoSuchMethodError'{0x000000008732eac0}: java.lang.invoke.DirectMethodHandle$Holder.invokeStaticInit(Ljava/lang/Object;Ljava/lang/Object;Ljava/lang/Object;Ljava/lang/Object;)I> (0x000000008732eac0) thrown at [./open/src/hotspot/shar
Event: 12.459 Thread 0x0000020863008000 Exception <a 'java/lang/NoSuchMethodError'{0x00000000868147a8}: java.lang.invoke.Invokers$Holder.invoke_MT(Ljava/lang/Object;Ljava/lang/Object;Ljava/lang/Object;Ljava/lang/Object;)V> (0x00000000868147a8) thrown at [./open/src/hotspot/share/interpreter/lin
Event: 12.465 Thread 0x0000020863008000 Exception <a 'java/lang/NoSuchMethodError'{0x0000000086835ce0}: java.lang.invoke.DelegatingMethodHandle$Holder.reinvoke_L(Ljava/lang/Object;Ljava/lang/Object;I)V> (0x0000000086835ce0) thrown at [./open/src/hotspot/share/interpreter/linkResolver.cpp, line 
Event: 12.469 Thread 0x0000020863008000 Exception <a 'java/lang/NoSuchMethodError'{0x0000000086847210}: java.lang.invoke.DelegatingMethodHandle$Holder.reinvoke_L(Ljava/lang/Object;Ljava/lang/Object;I)F> (0x0000000086847210) thrown at [./open/src/hotspot/share/interpreter/linkResolver.cpp, line 
Event: 12.470 Thread 0x0000020863008000 Exception <a 'java/lang/NoSuchMethodError'{0x000000008684fc80}: java.lang.invoke.DelegatingMethodHandle$Holder.reinvoke_L(Ljava/lang/Object;Ljava/lang/Object;F)V> (0x000000008684fc80) thrown at [./open/src/hotspot/share/interpreter/linkResolver.cpp, line 

Events (10 events):
Event: 12.609 loading class org/springframework/boot/devtools/restart/Restarter done
Event: 12.610 loading class org/springframework/boot/system/JavaVersion
Event: 12.610 loading class org/springframework/boot/system/JavaVersion done
Event: 12.612 Thread 0x0000020863480800 Thread exited: 0x0000020863480800
Event: 12.613 Thread 0x0000020844c6a800 Thread exited: 0x0000020844c6a800
Event: 12.613 Thread 0x0000020865e57800 Thread added: 0x0000020865e57800
Event: 12.620 loading class org/apache/coyote/AbstractProtocol$2
Event: 12.620 loading class org/apache/coyote/AbstractProtocol$2 done
Event: 12.866 Thread 0x00000208663b6800 DEOPT PACKING pc=0x000002084cfeaefb sp=0x000000f206cfe5f0
Event: 12.866 Thread 0x00000208663b6800 DEOPT UNPACKING pc=0x000002084c346dde sp=0x000000f206cfda60 mode 0


Dynamic libraries:
0x00007ff6094a0000 - 0x00007ff6094af000 	C:\Program Files\Java\jdk-11.0.15\bin\java.exe
0x00007ffb31d90000 - 0x00007ffb31f88000 	C:\Windows\SYSTEM32\ntdll.dll
0x00007ffb30260000 - 0x00007ffb3031d000 	C:\Windows\System32\KERNEL32.DLL
0x00007ffb2f610000 - 0x00007ffb2f8de000 	C:\Windows\System32\KERNELBASE.dll
0x00007ffb2f4b0000 - 0x00007ffb2f5b0000 	C:\Windows\System32\ucrtbase.dll
0x00007ffb187b0000 - 0x00007ffb187c5000 	C:\Program Files\Java\jdk-11.0.15\bin\VCRUNTIME140.dll
0x00007ffb17160000 - 0x00007ffb17178000 	C:\Program Files\Java\jdk-11.0.15\bin\jli.dll
0x00007ffb301b0000 - 0x00007ffb3025e000 	C:\Windows\System32\ADVAPI32.dll
0x00007ffb30330000 - 0x00007ffb303ce000 	C:\Windows\System32\msvcrt.dll
0x00007ffb316b0000 - 0x00007ffb3174c000 	C:\Windows\System32\sechost.dll
0x00007ffb30de0000 - 0x00007ffb30f05000 	C:\Windows\System32\RPCRT4.dll
0x00007ffb303d0000 - 0x00007ffb30570000 	C:\Windows\System32\USER32.dll
0x00007ffb2f5e0000 - 0x00007ffb2f602000 	C:\Windows\System32\win32u.dll
0x00007ffb30570000 - 0x00007ffb3059a000 	C:\Windows\System32\GDI32.dll
0x00007ffb2f8e0000 - 0x00007ffb2f9eb000 	C:\Windows\System32\gdi32full.dll
0x00007ffb2fbf0000 - 0x00007ffb2fc8d000 	C:\Windows\System32\msvcp_win.dll
0x00007ffb1a620000 - 0x00007ffb1a8ba000 	C:\Windows\WinSxS\amd64_microsoft.windows.common-controls_6595b64144ccf1df_6.0.19041.1110_none_60b5254171f9507e\COMCTL32.dll
0x00007ffb27800000 - 0x00007ffb2780a000 	C:\Windows\SYSTEM32\VERSION.dll
0x00007ffb31210000 - 0x00007ffb31240000 	C:\Windows\System32\IMM32.DLL
0x00007ffb01450000 - 0x00007ffb014eb000 	C:\Program Files\Java\jdk-11.0.15\bin\msvcp140.dll
0x00007ffacec30000 - 0x00007ffacf746000 	C:\Program Files\Java\jdk-11.0.15\bin\server\jvm.dll
0x00007ffb31750000 - 0x00007ffb31758000 	C:\Windows\System32\PSAPI.DLL
0x00007ffb1c5c0000 - 0x00007ffb1c5c9000 	C:\Windows\SYSTEM32\WSOCK32.dll
0x00007ffb311a0000 - 0x00007ffb3120b000 	C:\Windows\System32\WS2_32.dll
0x00007ffb1b850000 - 0x00007ffb1b877000 	C:\Windows\SYSTEM32\WINMM.dll
0x00007ffb2d2b0000 - 0x00007ffb2d2c2000 	C:\Windows\SYSTEM32\kernel.appcore.dll
0x00007ffb18890000 - 0x00007ffb188a0000 	C:\Program Files\Java\jdk-11.0.15\bin\verify.dll
0x00007ffb1d620000 - 0x00007ffb1d804000 	C:\Windows\SYSTEM32\DBGHELP.DLL
0x00007ffb1d5f0000 - 0x00007ffb1d61c000 	C:\Windows\SYSTEM32\dbgcore.DLL
0x00007ffb2fb10000 - 0x00007ffb2fb92000 	C:\Windows\System32\bcryptPrimitives.dll
0x00007ffb15740000 - 0x00007ffb15768000 	C:\Program Files\Java\jdk-11.0.15\bin\java.dll
0x00007ffb17c70000 - 0x00007ffb17c7a000 	C:\Program Files\Java\jdk-11.0.15\bin\jimage.dll
0x00007ffb2ada0000 - 0x00007ffb2adae000 	C:\Program Files\Java\jdk-11.0.15\bin\instrument.dll
0x00007ffb155e0000 - 0x00007ffb155f6000 	C:\Program Files\Java\jdk-11.0.15\bin\zip.dll
0x00007ffb30610000 - 0x00007ffb30d54000 	C:\Windows\System32\SHELL32.dll
0x00007ffb2d590000 - 0x00007ffb2dd24000 	C:\Windows\SYSTEM32\windows.storage.dll
0x00007ffb312a0000 - 0x00007ffb315f4000 	C:\Windows\System32\combase.dll
0x00007ffb2ed60000 - 0x00007ffb2ed90000 	C:\Windows\SYSTEM32\Wldp.dll
0x00007ffb31600000 - 0x00007ffb316ad000 	C:\Windows\System32\SHCORE.dll
0x00007ffb30f10000 - 0x00007ffb30f65000 	C:\Windows\System32\shlwapi.dll
0x00007ffb2f3f0000 - 0x00007ffb2f40f000 	C:\Windows\SYSTEM32\profapi.dll
0x00007ffb14fe0000 - 0x00007ffb14ff9000 	C:\Program Files\Java\jdk-11.0.15\bin\net.dll
0x00007ffb27040000 - 0x00007ffb2714a000 	C:\Windows\SYSTEM32\WINHTTP.dll
0x00007ffb2eb40000 - 0x00007ffb2ebaa000 	C:\Windows\system32\mswsock.dll
0x00007ffb14c70000 - 0x00007ffb14c82000 	C:\Program Files\Java\jdk-11.0.15\bin\nio.dll
0x00007ffb19df0000 - 0x00007ffb19e0a000 	C:\Program Files\JetBrains\IntelliJ IDEA Community Edition 2022.2.1\bin\breakgen64.dll
0x00007ffb19d60000 - 0x00007ffb19d69000 	C:\Program Files\Java\jdk-11.0.15\bin\management.dll
0x00007ffb19d00000 - 0x00007ffb19d0b000 	C:\Program Files\Java\jdk-11.0.15\bin\management_ext.dll
0x00007ffb153a0000 - 0x00007ffb153b7000 	C:\Windows\system32\napinsp.dll
0x00007ffb15380000 - 0x00007ffb1539b000 	C:\Windows\system32\pnrpnsp.dll
0x00007ffb15360000 - 0x00007ffb15375000 	C:\Windows\system32\wshbth.dll
0x00007ffb2ad00000 - 0x00007ffb2ad1d000 	C:\Windows\system32\NLAapi.dll
0x00007ffb2e850000 - 0x00007ffb2e88b000 	C:\Windows\SYSTEM32\IPHLPAPI.DLL
0x00007ffb2e890000 - 0x00007ffb2e95a000 	C:\Windows\SYSTEM32\DNSAPI.dll
0x00007ffb30600000 - 0x00007ffb30608000 	C:\Windows\System32\NSI.dll
0x00007ffb15340000 - 0x00007ffb15352000 	C:\Windows\System32\winrnr.dll
0x00007ffb26530000 - 0x00007ffb2653a000 	C:\Windows\System32\rasadhlp.dll
0x00007ffb26f60000 - 0x00007ffb26fe0000 	C:\Windows\System32\fwpuclnt.dll
0x00007ffb2f5b0000 - 0x00007ffb2f5d7000 	C:\Windows\System32\bcrypt.dll
0x00007ffb2eda0000 - 0x00007ffb2edb8000 	C:\Windows\SYSTEM32\CRYPTSP.dll
0x00007ffb2e4e0000 - 0x00007ffb2e514000 	C:\Windows\system32\rsaenh.dll
0x00007ffb2f370000 - 0x00007ffb2f39e000 	C:\Windows\SYSTEM32\USERENV.dll
0x00007ffb2ecd0000 - 0x00007ffb2ecdc000 	C:\Windows\SYSTEM32\CRYPTBASE.dll
0x00007ffb28080000 - 0x00007ffb28097000 	C:\Windows\SYSTEM32\dhcpcsvc6.DLL
0x00007ffb28000000 - 0x00007ffb2801d000 	C:\Windows\SYSTEM32\dhcpcsvc.DLL

dbghelp: loaded successfully - version: 4.0.5 - missing functions: none
symbol engine: initialized successfully - sym options: 0x614 - pdb path: .;C:\Program Files\Java\jdk-11.0.15\bin;C:\Windows\SYSTEM32;C:\Windows\WinSxS\amd64_microsoft.windows.common-controls_6595b64144ccf1df_6.0.19041.1110_none_60b5254171f9507e;C:\Program Files\Java\jdk-11.0.15\bin\server;C:\Program Files\JetBrains\IntelliJ IDEA Community Edition 2022.2.1\bin

VM Arguments:
jvm_args: -javaagent:C:\Program Files\JetBrains\IntelliJ IDEA Community Edition 2022.2.1\lib\idea_rt.jar=51278:C:\Program Files\JetBrains\IntelliJ IDEA Community Edition 2022.2.1\bin -Dfile.encoding=UTF-8 
java_command: com.spring.mongo.demo.SpringBootMongoDBApplication
java_class_path (initial): C:\Users\sfjbs\Downloads\spring_boot_mongodb-main\spring_boot_mongodb-main\target\classes;C:\Users\sfjbs\.m2\repository\org\springframework\boot\spring-boot-starter-web\2.3.2.RELEASE\spring-boot-starter-web-2.3.2.RELEASE.jar;C:\Users\sfjbs\.m2\repository\org\springframework\boot\spring-boot-starter\2.3.2.RELEASE\spring-boot-starter-2.3.2.RELEASE.jar;C:\Users\sfjbs\.m2\repository\org\springframework\boot\spring-boot-starter-logging\2.3.2.RELEASE\spring-boot-starter-logging-2.3.2.RELEASE.jar;C:\Users\sfjbs\.m2\repository\ch\qos\logback\logback-classic\1.2.3\logback-classic-1.2.3.jar;C:\Users\sfjbs\.m2\repository\ch\qos\logback\logback-core\1.2.3\logback-core-1.2.3.jar;C:\Users\sfjbs\.m2\repository\org\apache\logging\log4j\log4j-to-slf4j\2.13.3\log4j-to-slf4j-2.13.3.jar;C:\Users\sfjbs\.m2\repository\org\apache\logging\log4j\log4j-api\2.13.3\log4j-api-2.13.3.jar;C:\Users\sfjbs\.m2\repository\org\slf4j\jul-to-slf4j\1.7.30\jul-to-slf4j-1.7.30.jar;C:\Users\sfjbs\.m2\repository\jakarta\annotation\jakarta.annotation-api\1.3.5\jakarta.annotation-api-1.3.5.jar;C:\Users\sfjbs\.m2\repository\org\yaml\snakeyaml\1.26\snakeyaml-1.26.jar;C:\Users\sfjbs\.m2\repository\org\springframework\boot\spring-boot-starter-json\2.3.2.RELEASE\spring-boot-starter-json-2.3.2.RELEASE.jar;C:\Users\sfjbs\.m2\repository\com\fasterxml\jackson\core\jackson-databind\2.11.1\jackson-databind-2.11.1.jar;C:\Users\sfjbs\.m2\repository\com\fasterxml\jackson\core\jackson-annotations\2.11.1\jackson-annotations-2.11.1.jar;C:\Users\sfjbs\.m2\repository\com\fasterxml\jackson\core\jackson-core\2.11.1\jackson-core-2.11.1.jar;C:\Users\sfjbs\.m2\repository\com\fasterxml\jackson\datatype\jackson-datatype-jdk8\2.11.1\jackson-datatype-jdk8-2.11.1.jar;C:\Users\sfjbs\.m2\repository\com\fasterxml\jackson\datatype\jackson-datatype-jsr310\2.11.1\jackson-datatype-jsr310-2.11.1.jar;C:\Users\sfjbs\.m2\repository\com\fasterxml\jackson\module\jackson-module-parameter-names\2.11.1\jackson-module-paramete
Launcher Type: SUN_STANDARD

[Global flags]
     intx CICompilerCount                          = 2                                         {product} {ergonomic}
     uint ConcGCThreads                            = 1                                         {product} {ergonomic}
     uint G1ConcRefinementThreads                  = 2                                         {product} {ergonomic}
   size_t G1HeapRegionSize                         = 1048576                                   {product} {ergonomic}
    uintx GCDrainStackTargetSize                   = 64                                        {product} {ergonomic}
   size_t InitialHeapSize                          = 134217728                                 {product} {ergonomic}
   size_t MarkStackSize                            = 4194304                                   {product} {ergonomic}
   size_t MaxHeapSize                              = 2147483648                                {product} {ergonomic}
   size_t MaxNewSize                               = 1287651328                                {product} {ergonomic}
   size_t MinHeapDeltaBytes                        = 1048576                                   {product} {ergonomic}
    uintx NonNMethodCodeHeapSize                   = 5825164                                {pd product} {ergonomic}
    uintx NonProfiledCodeHeapSize                  = 122916538                              {pd product} {ergonomic}
    uintx ProfiledCodeHeapSize                     = 122916538                              {pd product} {ergonomic}
    uintx ReservedCodeCacheSize                    = 251658240                              {pd product} {ergonomic}
     bool SegmentedCodeCache                       = true                                      {product} {ergonomic}
     bool UseCompressedClassPointers               = true                                 {lp64_product} {ergonomic}
     bool UseCompressedOops                        = true                                 {lp64_product} {ergonomic}
     bool UseG1GC                                  = true                                      {product} {ergonomic}
     bool UseLargePagesIndividualAllocation        = false                                  {pd product} {ergonomic}

Logging:
Log output configuration:
 #0: stdout all=warning uptime,level,tags
 #1: stderr all=off uptime,level,tags

Environment Variables:
PATH=C:\Program Files\Common Files\Oracle\Java\javapath;C:\Windows\system32;C:\Windows;C:\Windows\System32\Wbem;C:\Windows\System32\WindowsPowerShell\v1.0\;C:\Windows\System32\OpenSSH\;C:\Program Files\PuTTY\;C:\Program Files\Git\cmd;C:\Program Files\Docker\Docker\resources\bin;C:\ProgramData\DockerDesktop\version-bin;C:\Users\sfjbs\Downloads\apache-maven-3.8.6-bin\apache-maven-3.8.6\bin;C:\Users\sfjbs\Downloads\apache-maven-3.8.6-bin\apache-maven-3.8.6\lib;C:\Users\sfjbs\AppData\Local\Microsoft\WindowsApps;C:\Program Files\JetBrains\IntelliJ IDEA Community Edition 2022.2.1\bin;;C:\Users\sfjbs\Downloads\apache-maven-3.8.6-bin\apache-maven-3.8.6\bin;C:\Users\sfjbs\Downloads\apache-maven-3.8.6-bin\apache-maven-3.8.6\lib;
USERNAME=sfjbs
OS=Windows_NT
PROCESSOR_IDENTIFIER=Intel64 Family 6 Model 79 Stepping 1, GenuineIntel



---------------  S Y S T E M  ---------------

OS: Windows 10 , 64 bit Build 19041 (10.0.19041.1889)
Hyper-V role detected

CPU:total 2 (initial active 2) (1 cores per cpu, 2 threads per core) family 6 model 79 stepping 1 microcode 0xffffffff, cmov, cx8, fxsr, mmx, sse, sse2, sse3, ssse3, sse4.1, sse4.2, popcnt, avx, avx2, aes, clmul, erms, rtm, 3dnowpref, lzcnt, ht, tsc, bmi1, bmi2, adx, fma

Memory: 4k page, system-wide physical 8190M (1343M free)
TotalPageFile size 10238M (AvailPageFile size 5M)
current process WorkingSet (physical memory assigned to process): 201M, peak: 207M
current process commit charge ("private bytes"): 306M, peak: 312M

vm_info: Java HotSpot(TM) 64-Bit Server VM (11.0.15+8-LTS-149) for windows-amd64 JRE (11.0.15+8-LTS-149), built on Mar  9 2022 22:42:32 by "mach5one" with MS VC++ 15.9 (VS2017)

END.
