#
# There is insufficient memory for the Java Runtime Environment to continue.
# Native memory allocation (malloc) failed to allocate 32744 bytes for Chunk::new
# Possible reasons:
#   The system is out of physical RAM or swap space
#   The process is running with CompressedOops enabled, and the Java Heap may be blocking the growth of the native heap
# Possible solutions:
#   Reduce memory load on the system
#   Increase physical memory or swap space
#   Check if swap backing store is full
#   Decrease Java heap size (-Xmx/-Xms)
#   Decrease number of Java threads
#   Decrease Java thread stack sizes (-Xss)
#   Set larger code cache with -XX:ReservedCodeCacheSize=
#   JVM is running with Unscaled Compressed Oops mode in which the Java heap is
#     placed in the first 4GB address space. The Java Heap base address is the
#     maximum limit for the native heap growth. Please use -XX:HeapBaseMinAddress
#     to set the Java Heap base and to place the Java Heap above 4GB virtual address.
# This output file may be truncated or incomplete.
#
#  Out of Memory Error (arena.cpp:184), pid=9520, tid=10760
#
# JRE version: OpenJDK Runtime Environment (18.0.2.1+1) (build 18.0.2.1+1-1)
# Java VM: OpenJDK 64-Bit Server VM (18.0.2.1+1-1, mixed mode, sharing, tiered, compressed oops, compressed class ptrs, g1 gc, windows-amd64)
# No core dump will be written. Minidumps are not enabled by default on client versions of Windows
#

---------------  S U M M A R Y ------------

Command Line: -javaagent:C:\Program Files\JetBrains\IntelliJ IDEA Community Edition 2022.2.1\lib\idea_rt.jar=60079:C:\Program Files\JetBrains\IntelliJ IDEA Community Edition 2022.2.1\bin -Dfile.encoding=UTF-8 -Dsun.stdout.encoding=UTF-8 -Dsun.stderr.encoding=UTF-8 com.training.Microservice1Application

Host: Intel(R) Xeon(R) CPU E5-2673 v4 @ 2.30GHz, 2 cores, 7G,  Windows 10 , 64 bit Build 19041 (10.0.19041.1889)
Time: Thu Sep  8 04:52:54 2022 Coordinated Universal Time elapsed time: 160.819907 seconds (0d 0h 2m 40s)

---------------  T H R E A D  ---------------

Current thread (0x0000023b7d47c940):  JavaThread "C2 CompilerThread0" daemon [_thread_in_native, id=10760, stack(0x0000004041b00000,0x0000004041c00000)]


Current CompileTask:
C2: 160820 5248   !   4       jdk.internal.loader.BuiltinClassLoader::findClassOnClassPathOrNull (64 bytes)

Stack: [0x0000004041b00000,0x0000004041c00000]
Native frames: (J=compiled Java code, j=interpreted, Vv=VM code, C=native code)
V  [jvm.dll+0x6993aa]
V  [jvm.dll+0x7f46dd]
V  [jvm.dll+0x7f5fee]
V  [jvm.dll+0x7f66a3]
V  [jvm.dll+0x25cf1f]
V  [jvm.dll+0xb8c2f]
V  [jvm.dll+0xb8fa5]
V  [jvm.dll+0x38b388]
V  [jvm.dll+0x582b08]
V  [jvm.dll+0x581b80]
V  [jvm.dll+0x582413]
V  [jvm.dll+0x34fea0]
V  [jvm.dll+0x34f30a]
V  [jvm.dll+0x230101]
V  [jvm.dll+0x22f4d1]
V  [jvm.dll+0x1ba01c]
V  [jvm.dll+0x23ee0a]
V  [jvm.dll+0x23d0f5]
V  [jvm.dll+0x7a6dd1]
V  [jvm.dll+0x7a120a]
V  [jvm.dll+0x698255]
C  [ucrtbase.dll+0x21bb2]
C  [KERNEL32.DLL+0x17034]
C  [ntdll.dll+0x52651]


---------------  P R O C E S S  ---------------

Threads class SMR info:
_java_thread_list=0x0000023b130ee900, length=31, elements={
0x0000023b7d45f560, 0x0000023b7d460f80, 0x0000023b7d47a350, 0x0000023b7d47ac00,
0x0000023b7d47b4b0, 0x0000023b7d47bd60, 0x0000023b7d47c940, 0x0000023b7d47f240,
0x0000023b7d4ee0f0, 0x0000023b7d6900e0, 0x0000023b7d932a00, 0x0000023b7d932ec0,
0x0000023b7ddf54b0, 0x0000023b7e8ec110, 0x0000023b136ef450, 0x0000023b7f26e500,
0x0000023b7edd0470, 0x0000023b7edd12e0, 0x0000023b7edd17b0, 0x0000023b7edd0940,
0x0000023b7edd0e10, 0x0000023b7edd2620, 0x0000023b7edd2af0, 0x0000023b7edcfad0,
0x0000023b7edd2fc0, 0x0000023b7edd1c80, 0x0000023b7edd2150, 0x0000023b7edd3490,
0x0000023b7edcffa0, 0x0000023b130c4d70, 0x0000023b130ca8e0
}

Java Threads: ( => current thread )
  0x0000023b7d45f560 JavaThread "Reference Handler" daemon [_thread_blocked, id=11692, stack(0x0000004041500000,0x0000004041600000)]
  0x0000023b7d460f80 JavaThread "Finalizer" daemon [_thread_blocked, id=11160, stack(0x0000004041600000,0x0000004041700000)]
  0x0000023b7d47a350 JavaThread "Signal Dispatcher" daemon [_thread_blocked, id=8240, stack(0x0000004041700000,0x0000004041800000)]
  0x0000023b7d47ac00 JavaThread "Attach Listener" daemon [_thread_blocked, id=4932, stack(0x0000004041800000,0x0000004041900000)]
  0x0000023b7d47b4b0 JavaThread "Service Thread" daemon [_thread_blocked, id=12240, stack(0x0000004041900000,0x0000004041a00000)]
  0x0000023b7d47bd60 JavaThread "Monitor Deflation Thread" daemon [_thread_blocked, id=10384, stack(0x0000004041a00000,0x0000004041b00000)]
=>0x0000023b7d47c940 JavaThread "C2 CompilerThread0" daemon [_thread_in_native, id=10760, stack(0x0000004041b00000,0x0000004041c00000)]
  0x0000023b7d47f240 JavaThread "C1 CompilerThread0" daemon [_thread_blocked, id=1840, stack(0x0000004041c00000,0x0000004041d00000)]
  0x0000023b7d4ee0f0 JavaThread "Sweeper thread" daemon [_thread_blocked, id=11856, stack(0x0000004041d00000,0x0000004041e00000)]
  0x0000023b7d6900e0 JavaThread "Common-Cleaner" daemon [_thread_blocked, id=4220, stack(0x0000004041e00000,0x0000004041f00000)]
  0x0000023b7d932a00 JavaThread "Monitor Ctrl-Break" daemon [_thread_in_native, id=3360, stack(0x0000004041f00000,0x0000004042000000)]
  0x0000023b7d932ec0 JavaThread "Notification Thread" daemon [_thread_blocked, id=964, stack(0x0000004042000000,0x0000004042100000)]
  0x0000023b7ddf54b0 JavaThread "AsyncReporter{org.springframework.cloud.sleuth.zipkin2.sender.RestTemplateSender@6cd98a05}" daemon [_thread_blocked, id=5660, stack(0x0000004042300000,0x0000004042400000)]
  0x0000023b7e8ec110 JavaThread "Catalina-utility-1" [_thread_blocked, id=5280, stack(0x0000004042400000,0x0000004042500000)]
  0x0000023b136ef450 JavaThread "Catalina-utility-2" [_thread_blocked, id=11940, stack(0x0000004042500000,0x0000004042600000)]
  0x0000023b7f26e500 JavaThread "container-0" [_thread_blocked, id=2748, stack(0x0000004042600000,0x0000004042700000)]
  0x0000023b7edd0470 JavaThread "spring.cloud.inetutils" daemon [_thread_blocked, id=1264, stack(0x0000004042700000,0x0000004042800000)]
  0x0000023b7edd12e0 JavaThread "http-nio-8082-BlockPoller" daemon [_thread_in_native, id=7392, stack(0x0000004042800000,0x0000004042900000)]
  0x0000023b7edd17b0 JavaThread "http-nio-8082-exec-1" daemon [_thread_in_native, id=9492, stack(0x0000004042900000,0x0000004042a00000)]
  0x0000023b7edd0940 JavaThread "http-nio-8082-exec-2" daemon [_thread_blocked, id=9240, stack(0x0000004042a00000,0x0000004042b00000)]
  0x0000023b7edd0e10 JavaThread "http-nio-8082-exec-3" daemon [_thread_blocked, id=12260, stack(0x0000004042b00000,0x0000004042c00000)]
  0x0000023b7edd2620 JavaThread "http-nio-8082-exec-4" daemon [_thread_blocked, id=7220, stack(0x0000004042c00000,0x0000004042d00000)]
  0x0000023b7edd2af0 JavaThread "http-nio-8082-exec-5" daemon [_thread_blocked, id=8244, stack(0x0000004042d00000,0x0000004042e00000)]
  0x0000023b7edcfad0 JavaThread "http-nio-8082-exec-6" daemon [_thread_blocked, id=10644, stack(0x0000004042e00000,0x0000004042f00000)]
  0x0000023b7edd2fc0 JavaThread "http-nio-8082-exec-7" daemon [_thread_blocked, id=6468, stack(0x0000004042f00000,0x0000004043000000)]
  0x0000023b7edd1c80 JavaThread "http-nio-8082-exec-8" daemon [_thread_blocked, id=5408, stack(0x0000004043000000,0x0000004043100000)]
  0x0000023b7edd2150 JavaThread "http-nio-8082-exec-9" daemon [_thread_blocked, id=10616, stack(0x0000004043100000,0x0000004043200000)]
  0x0000023b7edd3490 JavaThread "http-nio-8082-exec-10" daemon [_thread_blocked, id=12448, stack(0x0000004043200000,0x0000004043300000)]
  0x0000023b7edcffa0 JavaThread "http-nio-8082-ClientPoller" daemon [_thread_in_native, id=12452, stack(0x0000004043300000,0x0000004043400000)]
  0x0000023b130c4d70 JavaThread "http-nio-8082-Acceptor" daemon [_thread_in_native, id=12356, stack(0x0000004043400000,0x0000004043500000)]
  0x0000023b130ca8e0 JavaThread "DestroyJavaVM" [_thread_blocked, id=7052, stack(0x0000004040e00000,0x0000004040f00000)]

Other Threads:
  0x0000023b7d45beb0 VMThread "VM Thread" [stack: 0x0000004041400000,0x0000004041500000] [id=4832]
  0x0000023b7d7e9d10 WatcherThread "VM Periodic Task Thread" [stack: 0x0000004042100000,0x0000004042200000] [id=11668]
  0x0000023b6efec690 WorkerThread "GC Thread#0" [stack: 0x0000004040f00000,0x0000004041000000] [id=7800]
  0x0000023b7d479f30 WorkerThread "GC Thread#1" [stack: 0x0000004042200000,0x0000004042300000] [id=5520]
  0x0000023b6effd4d0 ConcurrentGCThread "G1 Main Marker" [stack: 0x0000004041000000,0x0000004041100000] [id=10104]
  0x0000023b6efff580 WorkerThread "G1 Conc#0" [stack: 0x0000004041100000,0x0000004041200000] [id=9332]
  0x0000023b6f036070 ConcurrentGCThread "G1 Refine#0" [stack: 0x0000004041200000,0x0000004041300000] [id=4208]
  0x0000023b6f036890 ConcurrentGCThread "G1 Service" [stack: 0x0000004041300000,0x0000004041400000] [id=11864]

Threads with active compile tasks:
C2 CompilerThread0   160857 5248   !   4       jdk.internal.loader.BuiltinClassLoader::findClassOnClassPathOrNull (64 bytes)

VM state: not at safepoint (normal execution)

VM Mutex/Monitor currently owned by a thread: None

Heap address: 0x0000000080000000, size: 2048 MB, Compressed Oops mode: 32-bit

CDS archive(s) mapped at: [0x0000000800000000-0x0000000800ba0000-0x0000000800ba0000), size 12189696, SharedBaseAddress: 0x0000000800000000, ArchiveRelocationMode: 0.
Compressed class space mapped at: 0x0000000800c00000-0x0000000840c00000, reserved size: 1073741824
Narrow klass base: 0x0000000800000000, Narrow klass shift: 0, Narrow klass range: 0x100000000

GC Precious Log:
 CardTable entry size: 512
 Card Set container configuration: InlinePtr #cards 5 size 8 Array Of Cards #cards 12 size 40 Howl #buckets 4 coarsen threshold 1843 Howl Bitmap #cards 512 size 80 coarsen threshold 460 Card regions per heap region 1 cards per card region 2048
 CPUs: 2 total, 2 available
 Memory: 8190M
 Large Page Support: Disabled
 NUMA Support: Disabled
 Compressed Oops: Enabled (32-bit)
 Heap Region Size: 1M
 Heap Min Capacity: 8M
 Heap Initial Capacity: 128M
 Heap Max Capacity: 2G
 Pre-touch: Disabled
 Parallel Workers: 2
 Concurrent Workers: 1
 Concurrent Refinement Workers: 2
 Periodic GC: Disabled

Heap:
 garbage-first heap   total 72704K, used 31662K [0x0000000080000000, 0x0000000100000000)
  region size 1024K, 12 young (12288K), 2 survivors (2048K)
 Metaspace       used 37623K, committed 38016K, reserved 1114112K
  class space    used 4495K, committed 4672K, reserved 1048576K

Heap Regions: E=young(eden), S=young(survivor), O=old, HS=humongous(starts), HC=humongous(continues), CS=collection set, F=free, OA=open archive, CA=closed archive, TAMS=top-at-mark-start (previous, next)
|   0|0x0000000080000000, 0x0000000080100000, 0x0000000080100000|100%| O|  |TAMS 0x0000000080100000, 0x0000000080000000| Untracked 
|   1|0x0000000080100000, 0x0000000080200000, 0x0000000080200000|100%| O|  |TAMS 0x0000000080200000, 0x0000000080100000| Untracked 
|   2|0x0000000080200000, 0x0000000080300000, 0x0000000080300000|100%| O|  |TAMS 0x0000000080300000, 0x0000000080200000| Untracked 
|   3|0x0000000080300000, 0x0000000080400000, 0x0000000080400000|100%| O|  |TAMS 0x0000000080400000, 0x0000000080300000| Untracked 
|   4|0x0000000080400000, 0x0000000080500000, 0x0000000080500000|100%| O|  |TAMS 0x0000000080500000, 0x0000000080400000| Untracked 
|   5|0x0000000080500000, 0x0000000080600000, 0x0000000080600000|100%| O|  |TAMS 0x0000000080600000, 0x0000000080500000| Untracked 
|   6|0x0000000080600000, 0x0000000080700000, 0x0000000080700000|100%| O|  |TAMS 0x0000000080700000, 0x0000000080600000| Untracked 
|   7|0x0000000080700000, 0x0000000080800000, 0x0000000080800000|100%| O|  |TAMS 0x0000000080800000, 0x0000000080700000| Untracked 
|   8|0x0000000080800000, 0x0000000080900000, 0x0000000080900000|100%| O|  |TAMS 0x0000000080900000, 0x0000000080800000| Untracked 
|   9|0x0000000080900000, 0x0000000080a00000, 0x0000000080a00000|100%| O|  |TAMS 0x0000000080a00000, 0x0000000080900000| Untracked 
|  10|0x0000000080a00000, 0x0000000080b00000, 0x0000000080b00000|100%| O|  |TAMS 0x0000000080b00000, 0x0000000080a00000| Untracked 
|  11|0x0000000080b00000, 0x0000000080c00000, 0x0000000080c00000|100%| O|  |TAMS 0x0000000080c00000, 0x0000000080b00000| Untracked 
|  12|0x0000000080c00000, 0x0000000080d00000, 0x0000000080d00000|100%| O|  |TAMS 0x0000000080d00000, 0x0000000080c00000| Untracked 
|  13|0x0000000080d00000, 0x0000000080e00000, 0x0000000080e00000|100%| O|  |TAMS 0x0000000080e00000, 0x0000000080d00000| Untracked 
|  14|0x0000000080e00000, 0x0000000080f00000, 0x0000000080f00000|100%| O|  |TAMS 0x0000000080f00000, 0x0000000080e00000| Untracked 
|  15|0x0000000080f00000, 0x0000000081000000, 0x0000000081000000|100%| O|  |TAMS 0x0000000081000000, 0x0000000080f00000| Untracked 
|  16|0x0000000081000000, 0x0000000081100000, 0x0000000081100000|100%| O|  |TAMS 0x0000000081100000, 0x0000000081000000| Untracked 
|  17|0x0000000081100000, 0x0000000081200000, 0x0000000081200000|100%| O|  |TAMS 0x0000000081200000, 0x0000000081100000| Untracked 
|  18|0x0000000081200000, 0x0000000081300000, 0x0000000081300000|100%| O|  |TAMS 0x0000000081253400, 0x0000000081200000| Untracked 
|  19|0x0000000081300000, 0x00000000813eba00, 0x0000000081400000| 92%| O|  |TAMS 0x0000000081300000, 0x0000000081300000| Untracked 
|  20|0x0000000081400000, 0x0000000081400000, 0x0000000081500000|  0%| F|  |TAMS 0x0000000081400000, 0x0000000081400000| Untracked 
|  21|0x0000000081500000, 0x0000000081500000, 0x0000000081600000|  0%| F|  |TAMS 0x0000000081500000, 0x0000000081500000| Untracked 
|  22|0x0000000081600000, 0x0000000081600000, 0x0000000081700000|  0%| F|  |TAMS 0x0000000081600000, 0x0000000081600000| Untracked 
|  23|0x0000000081700000, 0x0000000081700000, 0x0000000081800000|  0%| F|  |TAMS 0x0000000081700000, 0x0000000081700000| Untracked 
|  24|0x0000000081800000, 0x0000000081800000, 0x0000000081900000|  0%| F|  |TAMS 0x0000000081800000, 0x0000000081800000| Untracked 
|  25|0x0000000081900000, 0x0000000081900000, 0x0000000081a00000|  0%| F|  |TAMS 0x0000000081900000, 0x0000000081900000| Untracked 
|  26|0x0000000081a00000, 0x0000000081a00000, 0x0000000081b00000|  0%| F|  |TAMS 0x0000000081a00000, 0x0000000081a00000| Untracked 
|  27|0x0000000081b00000, 0x0000000081b00000, 0x0000000081c00000|  0%| F|  |TAMS 0x0000000081b00000, 0x0000000081b00000| Untracked 
|  28|0x0000000081c00000, 0x0000000081c00000, 0x0000000081d00000|  0%| F|  |TAMS 0x0000000081c00000, 0x0000000081c00000| Untracked 
|  29|0x0000000081d00000, 0x0000000081d00000, 0x0000000081e00000|  0%| F|  |TAMS 0x0000000081d00000, 0x0000000081d00000| Untracked 
|  30|0x0000000081e00000, 0x0000000081e00000, 0x0000000081f00000|  0%| F|  |TAMS 0x0000000081e00000, 0x0000000081e00000| Untracked 
|  31|0x0000000081f00000, 0x0000000081f00000, 0x0000000082000000|  0%| F|  |TAMS 0x0000000081f00000, 0x0000000081f00000| Untracked 
|  32|0x0000000082000000, 0x0000000082000000, 0x0000000082100000|  0%| F|  |TAMS 0x0000000082000000, 0x0000000082000000| Untracked 
|  33|0x0000000082100000, 0x0000000082100000, 0x0000000082200000|  0%| F|  |TAMS 0x0000000082100000, 0x0000000082100000| Untracked 
|  34|0x0000000082200000, 0x0000000082200000, 0x0000000082300000|  0%| F|  |TAMS 0x0000000082200000, 0x0000000082200000| Untracked 
|  35|0x0000000082300000, 0x0000000082300000, 0x0000000082400000|  0%| F|  |TAMS 0x0000000082300000, 0x0000000082300000| Untracked 
|  36|0x0000000082400000, 0x0000000082400000, 0x0000000082500000|  0%| F|  |TAMS 0x0000000082400000, 0x0000000082400000| Untracked 
|  37|0x0000000082500000, 0x0000000082500000, 0x0000000082600000|  0%| F|  |TAMS 0x0000000082500000, 0x0000000082500000| Untracked 
|  38|0x0000000082600000, 0x0000000082600000, 0x0000000082700000|  0%| F|  |TAMS 0x0000000082600000, 0x0000000082600000| Untracked 
|  39|0x0000000082700000, 0x0000000082700000, 0x0000000082800000|  0%| F|  |TAMS 0x0000000082700000, 0x0000000082700000| Untracked 
|  40|0x0000000082800000, 0x0000000082800000, 0x0000000082900000|  0%| F|  |TAMS 0x0000000082800000, 0x0000000082800000| Untracked 
|  41|0x0000000082900000, 0x0000000082900000, 0x0000000082a00000|  0%| F|  |TAMS 0x0000000082900000, 0x0000000082900000| Untracked 
|  42|0x0000000082a00000, 0x0000000082a00000, 0x0000000082b00000|  0%| F|  |TAMS 0x0000000082a00000, 0x0000000082a00000| Untracked 
|  43|0x0000000082b00000, 0x0000000082b00000, 0x0000000082c00000|  0%| F|  |TAMS 0x0000000082b00000, 0x0000000082b00000| Untracked 
|  44|0x0000000082c00000, 0x0000000082c00000, 0x0000000082d00000|  0%| F|  |TAMS 0x0000000082c00000, 0x0000000082c00000| Untracked 
|  45|0x0000000082d00000, 0x0000000082d00000, 0x0000000082e00000|  0%| F|  |TAMS 0x0000000082d00000, 0x0000000082d00000| Untracked 
|  46|0x0000000082e00000, 0x0000000082e00000, 0x0000000082f00000|  0%| F|  |TAMS 0x0000000082e00000, 0x0000000082e00000| Untracked 
|  47|0x0000000082f00000, 0x0000000082f00000, 0x0000000083000000|  0%| F|  |TAMS 0x0000000082f00000, 0x0000000082f00000| Untracked 
|  48|0x0000000083000000, 0x0000000083000000, 0x0000000083100000|  0%| F|  |TAMS 0x0000000083000000, 0x0000000083000000| Untracked 
|  49|0x0000000083100000, 0x0000000083100000, 0x0000000083200000|  0%| F|  |TAMS 0x0000000083100000, 0x0000000083100000| Untracked 
|  50|0x0000000083200000, 0x0000000083200000, 0x0000000083300000|  0%| F|  |TAMS 0x0000000083200000, 0x0000000083200000| Untracked 
|  51|0x0000000083300000, 0x0000000083300000, 0x0000000083400000|  0%| F|  |TAMS 0x0000000083300000, 0x0000000083300000| Untracked 
|  52|0x0000000083400000, 0x0000000083400000, 0x0000000083500000|  0%| F|  |TAMS 0x0000000083400000, 0x0000000083400000| Untracked 
|  53|0x0000000083500000, 0x0000000083500000, 0x0000000083600000|  0%| F|  |TAMS 0x0000000083500000, 0x0000000083500000| Untracked 
|  54|0x0000000083600000, 0x0000000083600000, 0x0000000083700000|  0%| F|  |TAMS 0x0000000083600000, 0x0000000083600000| Untracked 
|  55|0x0000000083700000, 0x0000000083700000, 0x0000000083800000|  0%| F|  |TAMS 0x0000000083700000, 0x0000000083700000| Untracked 
|  56|0x0000000083800000, 0x0000000083800000, 0x0000000083900000|  0%| F|  |TAMS 0x0000000083800000, 0x0000000083800000| Untracked 
|  57|0x0000000083900000, 0x0000000083900000, 0x0000000083a00000|  0%| F|  |TAMS 0x0000000083900000, 0x0000000083900000| Untracked 
|  58|0x0000000083a00000, 0x0000000083a00000, 0x0000000083b00000|  0%| F|  |TAMS 0x0000000083a00000, 0x0000000083a00000| Untracked 
|  59|0x0000000083b00000, 0x0000000083b853a8, 0x0000000083c00000| 52%| E|  |TAMS 0x0000000083b00000, 0x0000000083b00000| Complete 
|  60|0x0000000083c00000, 0x0000000083d00000, 0x0000000083d00000|100%| S|CS|TAMS 0x0000000083c00000, 0x0000000083c00000| Complete 
|  61|0x0000000083d00000, 0x0000000083e00000, 0x0000000083e00000|100%| S|CS|TAMS 0x0000000083d00000, 0x0000000083d00000| Complete 
|  62|0x0000000083e00000, 0x0000000083f00000, 0x0000000083f00000|100%| E|CS|TAMS 0x0000000083e00000, 0x0000000083e00000| Complete 
|  63|0x0000000083f00000, 0x0000000084000000, 0x0000000084000000|100%| E|CS|TAMS 0x0000000083f00000, 0x0000000083f00000| Complete 
|  64|0x0000000084000000, 0x0000000084100000, 0x0000000084100000|100%| E|CS|TAMS 0x0000000084000000, 0x0000000084000000| Complete 
| 100|0x0000000086400000, 0x0000000086500000, 0x0000000086500000|100%| E|CS|TAMS 0x0000000086400000, 0x0000000086400000| Complete 
| 101|0x0000000086500000, 0x0000000086600000, 0x0000000086600000|100%| E|CS|TAMS 0x0000000086500000, 0x0000000086500000| Complete 
| 102|0x0000000086600000, 0x0000000086700000, 0x0000000086700000|100%| E|CS|TAMS 0x0000000086600000, 0x0000000086600000| Complete 
| 103|0x0000000086700000, 0x0000000086800000, 0x0000000086800000|100%| E|CS|TAMS 0x0000000086700000, 0x0000000086700000| Complete 
| 104|0x0000000086800000, 0x0000000086900000, 0x0000000086900000|100%| E|CS|TAMS 0x0000000086800000, 0x0000000086800000| Complete 
| 105|0x0000000086900000, 0x0000000086a00000, 0x0000000086a00000|100%| E|CS|TAMS 0x0000000086900000, 0x0000000086900000| Complete 

Card table byte_map: [0x0000023b768c0000,0x0000023b76cc0000] _byte_map_base: 0x0000023b764c0000

Marking Bits (Prev, Next): (CMBitMap*) 0x0000023b6efecba0, (CMBitMap*) 0x0000023b6efecbe0
 Prev Bits: [0x0000023b770c0000, 0x0000023b790c0000)
 Next Bits: [0x0000023b790c0000, 0x0000023b7b0c0000)

Polling page: 0x0000023b6cf30000

Metaspace:

Usage:
  Non-class:     32.35 MB used.
      Class:      4.39 MB used.
       Both:     36.74 MB used.

Virtual space:
  Non-class space:       64.00 MB reserved,      32.56 MB ( 51%) committed,  1 nodes.
      Class space:        1.00 GB reserved,       4.56 MB ( <1%) committed,  1 nodes.
             Both:        1.06 GB reserved,      37.12 MB (  3%) committed. 

Chunk freelists:
   Non-Class:  3.45 MB
       Class:  3.39 MB
        Both:  6.84 MB

MaxMetaspaceSize: unlimited
CompressedClassSpaceSize: 1.00 GB
Initial GC threshold: 21.00 MB
Current GC threshold: 58.69 MB
CDS: on
MetaspaceReclaimPolicy: balanced
 - commit_granule_bytes: 65536.
 - commit_granule_words: 8192.
 - virtual_space_node_default_size: 8388608.
 - enlarge_chunks_in_place: 1.
 - new_chunks_are_fully_committed: 0.
 - uncommit_free_chunks: 1.
 - use_allocation_guard: 0.


Internal statistics:

num_allocs_failed_limit: 6.
num_arena_births: 474.
num_arena_deaths: 0.
num_vsnodes_births: 2.
num_vsnodes_deaths: 0.
num_space_committed: 594.
num_space_uncommitted: 0.
num_chunks_returned_to_freelist: 6.
num_chunks_taken_from_freelist: 1747.
num_chunk_merges: 6.
num_chunk_splits: 1198.
num_chunks_enlarged: 933.
num_inconsistent_stats: 0.

CodeHeap 'non-profiled nmethods': size=120064Kb used=2166Kb max_used=2208Kb free=117898Kb
 bounds [0x0000023b07ac0000, 0x0000023b07d30000, 0x0000023b0f000000]
CodeHeap 'profiled nmethods': size=120000Kb used=10101Kb max_used=11733Kb free=109898Kb
 bounds [0x0000023b00590000, 0x0000023b01110000, 0x0000023b07ac0000]
CodeHeap 'non-nmethods': size=5696Kb used=1237Kb max_used=1280Kb free=4458Kb
 bounds [0x0000023b00000000, 0x0000023b00270000, 0x0000023b00590000]
 total_blobs=5063 nmethods=4526 adapters=448
 compilation: enabled
              stopped_count=0, restarted_count=0
 full_count=0

Compilation events (20 events):
Event: 160.492 Thread 0x0000023b7d47f240 5240       3       ch.qos.logback.core.pattern.FormattingConverter::write (154 bytes)
Event: 160.494 Thread 0x0000023b7d47f240 nmethod 5240 0x0000023b00887f10 code [0x0000023b00888260, 0x0000023b00889318]
Event: 160.495 Thread 0x0000023b7d47f240 5241       3       ch.qos.logback.core.pattern.Converter::write (11 bytes)
Event: 160.495 Thread 0x0000023b7d47f240 nmethod 5241 0x0000023b008ad390 code [0x0000023b008ad540, 0x0000023b008ad7b8]
Event: 160.495 Thread 0x0000023b7d47f240 5242       3       ch.qos.logback.core.pattern.LiteralConverter::convert (5 bytes)
Event: 160.495 Thread 0x0000023b7d47f240 nmethod 5242 0x0000023b010eb390 code [0x0000023b010eb520, 0x0000023b010eb638]
Event: 160.497 Thread 0x0000023b7d47c940 nmethod 5229 0x0000023b07c5a810 code [0x0000023b07c5a9a0, 0x0000023b07c5ae98]
Event: 160.511 Thread 0x0000023b7d47c940 5243       4       jdk.internal.ref.CleanerImpl$PhantomCleanableRef::performCleanup (10 bytes)
Event: 160.512 Thread 0x0000023b7d47c940 nmethod 5243 0x0000023b07b5ef10 code [0x0000023b07b5f080, 0x0000023b07b5f118]
Event: 160.513 Thread 0x0000023b7d47f240 5244   !   3       java.util.regex.Pattern::closure (276 bytes)
Event: 160.516 Thread 0x0000023b7d47f240 nmethod 5244 0x0000023b00c64f10 code [0x0000023b00c65320, 0x0000023b00c66de8]
Event: 160.529 Thread 0x0000023b7d47c940 5245       4       java.lang.invoke.MethodType::checkPtypes (76 bytes)
Event: 160.530 Thread 0x0000023b7d47f240 5246       3       java.net.URI$Parser::scan (76 bytes)
Event: 160.531 Thread 0x0000023b7d47f240 nmethod 5246 0x0000023b008dd190 code [0x0000023b008dd3c0, 0x0000023b008ddc78]
Event: 160.531 Thread 0x0000023b7d47f240 5247       3       java.net.URI::match (56 bytes)
Event: 160.531 Thread 0x0000023b7d47f240 nmethod 5247 0x0000023b00945190 code [0x0000023b00945340, 0x0000023b00945658]
Event: 160.533 Thread 0x0000023b7d47c940 nmethod 5245 0x0000023b07c49b10 code [0x0000023b07c49ca0, 0x0000023b07c49e18]
Event: 160.533 Thread 0x0000023b7d47c940 5248   !   4       jdk.internal.loader.BuiltinClassLoader::findClassOnClassPathOrNull (64 bytes)
Event: 160.546 Thread 0x0000023b7d47f240 5251       3       org.springframework.beans.factory.support.AbstractBeanFactory::isTypeMatch (547 bytes)
Event: 160.553 Thread 0x0000023b7d47f240 nmethod 5251 0x0000023b00dfa490 code [0x0000023b00dfaba0, 0x0000023b00dffd08]

GC Heap History (20 events):
Event: 5.616 GC heap before
{Heap before GC invocations=7 (full 0):
 garbage-first heap   total 34816K, used 12884K [0x0000000080000000, 0x0000000100000000)
  region size 1024K, 3 young (3072K), 2 survivors (2048K)
 Metaspace       used 21841K, committed 22144K, reserved 1114112K
  class space    used 2659K, committed 2816K, reserved 1048576K
}
Event: 5.624 GC heap after
{Heap after GC invocations=8 (full 0):
 garbage-first heap   total 34816K, used 11726K [0x0000000080000000, 0x0000000100000000)
  region size 1024K, 1 young (1024K), 1 survivors (1024K)
 Metaspace       used 21841K, committed 22144K, reserved 1114112K
  class space    used 2659K, committed 2816K, reserved 1048576K
}
Event: 6.347 GC heap before
{Heap before GC invocations=8 (full 0):
 garbage-first heap   total 34816K, used 22990K [0x0000000080000000, 0x0000000100000000)
  region size 1024K, 13 young (13312K), 1 survivors (1024K)
 Metaspace       used 23164K, committed 23488K, reserved 1114112K
  class space    used 2841K, committed 3008K, reserved 1048576K
}
Event: 6.354 GC heap after
{Heap after GC invocations=9 (full 0):
 garbage-first heap   total 34816K, used 12617K [0x0000000080000000, 0x0000000100000000)
  region size 1024K, 2 young (2048K), 2 survivors (2048K)
 Metaspace       used 23164K, committed 23488K, reserved 1114112K
  class space    used 2841K, committed 3008K, reserved 1048576K
}
Event: 6.820 GC heap before
{Heap before GC invocations=9 (full 0):
 garbage-first heap   total 34816K, used 24905K [0x0000000080000000, 0x0000000100000000)
  region size 1024K, 14 young (14336K), 2 survivors (2048K)
 Metaspace       used 24493K, committed 24768K, reserved 1114112K
  class space    used 2974K, committed 3072K, reserved 1048576K
}
Event: 6.831 GC heap after
{Heap after GC invocations=10 (full 0):
 garbage-first heap   total 34816K, used 13589K [0x0000000080000000, 0x0000000100000000)
  region size 1024K, 1 young (1024K), 1 survivors (1024K)
 Metaspace       used 24493K, committed 24768K, reserved 1114112K
  class space    used 2974K, committed 3072K, reserved 1048576K
}
Event: 7.441 GC heap before
{Heap before GC invocations=10 (full 0):
 garbage-first heap   total 34816K, used 24853K [0x0000000080000000, 0x0000000100000000)
  region size 1024K, 13 young (13312K), 1 survivors (1024K)
 Metaspace       used 27370K, committed 27648K, reserved 1114112K
  class space    used 3313K, committed 3456K, reserved 1048576K
}
Event: 7.448 GC heap after
{Heap after GC invocations=11 (full 0):
 garbage-first heap   total 34816K, used 14549K [0x0000000080000000, 0x0000000100000000)
  region size 1024K, 2 young (2048K), 2 survivors (2048K)
 Metaspace       used 27370K, committed 27648K, reserved 1114112K
  class space    used 3313K, committed 3456K, reserved 1048576K
}
Event: 8.073 GC heap before
{Heap before GC invocations=11 (full 0):
 garbage-first heap   total 34816K, used 25813K [0x0000000080000000, 0x0000000100000000)
  region size 1024K, 13 young (13312K), 2 survivors (2048K)
 Metaspace       used 28462K, committed 28800K, reserved 1114112K
  class space    used 3443K, committed 3584K, reserved 1048576K
}
Event: 8.084 GC heap after
{Heap after GC invocations=12 (full 0):
 garbage-first heap   total 60416K, used 15475K [0x0000000080000000, 0x0000000100000000)
  region size 1024K, 2 young (2048K), 2 survivors (2048K)
 Metaspace       used 28462K, committed 28800K, reserved 1114112K
  class space    used 3443K, committed 3584K, reserved 1048576K
}
Event: 9.453 GC heap before
{Heap before GC invocations=12 (full 0):
 garbage-first heap   total 60416K, used 43123K [0x0000000080000000, 0x0000000100000000)
  region size 1024K, 30 young (30720K), 2 survivors (2048K)
 Metaspace       used 31561K, committed 32000K, reserved 1114112K
  class space    used 3750K, committed 3968K, reserved 1048576K
}
Event: 9.473 GC heap after
{Heap after GC invocations=13 (full 0):
 garbage-first heap   total 60416K, used 17255K [0x0000000080000000, 0x0000000100000000)
  region size 1024K, 4 young (4096K), 4 survivors (4096K)
 Metaspace       used 31561K, committed 32000K, reserved 1114112K
  class space    used 3750K, committed 3968K, reserved 1048576K
}
Event: 10.562 GC heap before
{Heap before GC invocations=13 (full 0):
 garbage-first heap   total 60416K, used 44903K [0x0000000080000000, 0x0000000100000000)
  region size 1024K, 31 young (31744K), 4 survivors (4096K)
 Metaspace       used 33023K, committed 33408K, reserved 1114112K
  class space    used 3948K, committed 4160K, reserved 1048576K
}
Event: 10.583 GC heap after
{Heap after GC invocations=14 (full 0):
 garbage-first heap   total 60416K, used 18748K [0x0000000080000000, 0x0000000100000000)
  region size 1024K, 4 young (4096K), 4 survivors (4096K)
 Metaspace       used 33023K, committed 33408K, reserved 1114112K
  class space    used 3948K, committed 4160K, reserved 1048576K
}
Event: 11.397 GC heap before
{Heap before GC invocations=14 (full 0):
 garbage-first heap   total 60416K, used 46396K [0x0000000080000000, 0x0000000100000000)
  region size 1024K, 31 young (31744K), 4 survivors (4096K)
 Metaspace       used 34331K, committed 34752K, reserved 1114112K
  class space    used 4113K, committed 4288K, reserved 1048576K
}
Event: 11.422 GC heap after
{Heap after GC invocations=15 (full 0):
 garbage-first heap   total 60416K, used 20862K [0x0000000080000000, 0x0000000100000000)
  region size 1024K, 4 young (4096K), 4 survivors (4096K)
 Metaspace       used 34331K, committed 34752K, reserved 1114112K
  class space    used 4113K, committed 4288K, reserved 1048576K
}
Event: 12.891 GC heap before
{Heap before GC invocations=15 (full 0):
 garbage-first heap   total 60416K, used 47486K [0x0000000080000000, 0x0000000100000000)
  region size 1024K, 30 young (30720K), 4 survivors (4096K)
 Metaspace       used 35196K, committed 35584K, reserved 1114112K
  class space    used 4217K, committed 4416K, reserved 1048576K
}
Event: 12.909 GC heap after
{Heap after GC invocations=16 (full 0):
 garbage-first heap   total 72704K, used 21803K [0x0000000080000000, 0x0000000100000000)
  region size 1024K, 3 young (3072K), 3 survivors (3072K)
 Metaspace       used 35196K, committed 35584K, reserved 1114112K
  class space    used 4217K, committed 4416K, reserved 1048576K
}
Event: 13.290 GC heap before
{Heap before GC invocations=16 (full 0):
 garbage-first heap   total 72704K, used 29995K [0x0000000080000000, 0x0000000100000000)
  region size 1024K, 12 young (12288K), 3 survivors (3072K)
 Metaspace       used 35604K, committed 35968K, reserved 1114112K
  class space    used 4254K, committed 4416K, reserved 1048576K
}
Event: 13.309 GC heap after
{Heap after GC invocations=17 (full 0):
 garbage-first heap   total 72704K, used 22446K [0x0000000080000000, 0x0000000100000000)
  region size 1024K, 2 young (2048K), 2 survivors (2048K)
 Metaspace       used 35604K, committed 35968K, reserved 1114112K
  class space    used 4254K, committed 4416K, reserved 1048576K
}

Deoptimization events (20 events):
Event: 13.530 Thread 0x0000023b6ef8b3a0 DEOPT PACKING pc=0x0000023b0090d246 sp=0x0000004040efe8b0
Event: 13.530 Thread 0x0000023b6ef8b3a0 DEOPT UNPACKING pc=0x0000023b00052b43 sp=0x0000004040efdd88 mode 0
Event: 13.598 Thread 0x0000023b6ef8b3a0 Uncommon trap: trap_request=0xffffffc6 fr.pc=0x0000023b07bd6bc4 relative=0x0000000000000584
Event: 13.598 Thread 0x0000023b6ef8b3a0 Uncommon trap: reason=bimorphic_or_optimized_type_check action=maybe_recompile pc=0x0000023b07bd6bc4 method=java.util.Hashtable.get(Ljava/lang/Object;)Ljava/lang/Object; @ 6 c2
Event: 13.598 Thread 0x0000023b6ef8b3a0 DEOPT PACKING pc=0x0000023b07bd6bc4 sp=0x0000004040efed70
Event: 13.598 Thread 0x0000023b6ef8b3a0 DEOPT UNPACKING pc=0x0000023b000523a3 sp=0x0000004040efed20 mode 2
Event: 13.598 Thread 0x0000023b6ef8b3a0 Uncommon trap: trap_request=0xffffffc6 fr.pc=0x0000023b07bd6bc4 relative=0x0000000000000584
Event: 13.598 Thread 0x0000023b6ef8b3a0 Uncommon trap: reason=bimorphic_or_optimized_type_check action=maybe_recompile pc=0x0000023b07bd6bc4 method=java.util.Hashtable.get(Ljava/lang/Object;)Ljava/lang/Object; @ 6 c2
Event: 13.598 Thread 0x0000023b6ef8b3a0 DEOPT PACKING pc=0x0000023b07bd6bc4 sp=0x0000004040efede0
Event: 13.598 Thread 0x0000023b6ef8b3a0 DEOPT UNPACKING pc=0x0000023b000523a3 sp=0x0000004040efed90 mode 2
Event: 160.272 Thread 0x0000023b7edd17b0 DEOPT PACKING pc=0x0000023b00fa2c31 sp=0x00000040429fde80
Event: 160.272 Thread 0x0000023b7edd17b0 DEOPT UNPACKING pc=0x0000023b00052b43 sp=0x00000040429fd370 mode 0
Event: 160.501 Thread 0x0000023b7edd17b0 Uncommon trap: trap_request=0xffffff45 fr.pc=0x0000023b07b6795c relative=0x000000000000005c
Event: 160.502 Thread 0x0000023b7edd17b0 Uncommon trap: reason=unstable_if action=reinterpret pc=0x0000023b07b6795c method=java.util.Objects.equals(Ljava/lang/Object;Ljava/lang/Object;)Z @ 6 c2
Event: 160.502 Thread 0x0000023b7edd17b0 DEOPT PACKING pc=0x0000023b07b6795c sp=0x00000040429fb950
Event: 160.502 Thread 0x0000023b7edd17b0 DEOPT UNPACKING pc=0x0000023b000523a3 sp=0x00000040429fb8f0 mode 2
Event: 160.558 Thread 0x0000023b7edd17b0 Uncommon trap: trap_request=0xffffff45 fr.pc=0x0000023b07c1a9a8 relative=0x00000000000009e8
Event: 160.558 Thread 0x0000023b7edd17b0 Uncommon trap: reason=unstable_if action=reinterpret pc=0x0000023b07c1a9a8 method=sun.net.util.IPAddressUtil.scan(Ljava/lang/String;JJ[C)I @ 14 c2
Event: 160.558 Thread 0x0000023b7edd17b0 DEOPT PACKING pc=0x0000023b07c1a9a8 sp=0x00000040429fc480
Event: 160.558 Thread 0x0000023b7edd17b0 DEOPT UNPACKING pc=0x0000023b000523a3 sp=0x00000040429fc2f0 mode 2

Classes loaded (20 events):
Event: 160.574 Loading class sun/net/www/http/KeepAliveKey
Event: 160.574 Loading class sun/net/www/http/KeepAliveKey done
Event: 160.574 Loading class sun/net/www/http/HttpCapture
Event: 160.575 Loading class sun/net/www/http/HttpCapture done
Event: 160.575 Loading class sun/net/www/http/HttpCapture$1
Event: 160.575 Loading class sun/net/www/http/HttpCapture$1 done
Event: 160.608 Loading class java/net/Socket$SocketOutputStream
Event: 160.608 Loading class java/net/Socket$SocketOutputStream done
Event: 160.608 Loading class sun/nio/ch/NioSocketImpl$2
Event: 160.608 Loading class sun/nio/ch/NioSocketImpl$2 done
Event: 160.609 Loading class sun/net/www/protocol/http/AuthenticatorKeys
Event: 160.609 Loading class sun/net/www/protocol/http/AuthenticatorKeys done
Event: 160.610 Loading class sun/net/www/protocol/http/AuthenticationInfo
Event: 160.610 Loading class sun/net/www/protocol/http/AuthCacheValue
Event: 160.610 Loading class sun/net/www/protocol/http/AuthCacheValue done
Event: 160.610 Loading class sun/net/www/protocol/http/AuthenticationInfo done
Event: 160.611 Loading class sun/net/www/protocol/http/AuthCacheImpl
Event: 160.611 Loading class sun/net/www/protocol/http/AuthCache
Event: 160.611 Loading class sun/net/www/protocol/http/AuthCache done
Event: 160.611 Loading class sun/net/www/protocol/http/AuthCacheImpl done

Classes unloaded (0 events):
No events

Classes redefined (0 events):
No events

Internal exceptions (20 events):
Event: 13.445 Thread 0x0000023b6ef8b3a0 Exception <a 'java/lang/ClassNotFoundException'{0x00000000869469a8}: org/springframework/beans/factory/config/BeanFactoryPostProcessorCustomizer> (0x00000000869469a8) 
thrown [s\open\src\hotspot\share\classfile\systemDictionary.cpp, line 255]
Event: 13.447 Thread 0x0000023b6ef8b3a0 Exception <a 'java/lang/ClassNotFoundException'{0x0000000086949eb0}: org/springframework/beans/factory/support/BeanDefinitionRegistryPostProcessorCustomizer> (0x0000000086949eb0) 
thrown [s\open\src\hotspot\share\classfile\systemDictionary.cpp, line 255]
Event: 13.448 Thread 0x0000023b6ef8b3a0 Exception <a 'java/lang/ClassNotFoundException'{0x000000008694d2c0}: org/springframework/beans/factory/config/BeanFactoryPostProcessorCustomizer> (0x000000008694d2c0) 
thrown [s\open\src\hotspot\share\classfile\systemDictionary.cpp, line 255]
Event: 13.448 Thread 0x0000023b6ef8b3a0 Exception <a 'java/lang/ClassNotFoundException'{0x0000000086950490}: org/springframework/beans/factory/DisposableBeanCustomizer> (0x0000000086950490) 
thrown [s\open\src\hotspot\share\classfile\systemDictionary.cpp, line 255]
Event: 13.453 Thread 0x0000023b6ef8b3a0 Exception <a 'java/lang/ClassNotFoundException'{0x0000000086964158}: java/lang/ObjectCustomizer> (0x0000000086964158) 
thrown [s\open\src\hotspot\share\classfile\systemDictionary.cpp, line 255]
Event: 13.454 Thread 0x0000023b6ef8b3a0 Exception <a 'java/lang/ClassNotFoundException'{0x0000000086969af8}: org/springframework/cloud/context/scope/GenericScopeCustomizer> (0x0000000086969af8) 
thrown [s\open\src\hotspot\share\classfile\systemDictionary.cpp, line 255]
Event: 13.456 Thread 0x0000023b6ef8b3a0 Exception <a 'java/lang/ClassNotFoundException'{0x0000000086977860}: org/springframework/beans/factory/config/ScopeCustomizer> (0x0000000086977860) 
thrown [s\open\src\hotspot\share\classfile\systemDictionary.cpp, line 255]
Event: 13.457 Thread 0x0000023b6ef8b3a0 Exception <a 'java/lang/ClassNotFoundException'{0x000000008697c588}: org/springframework/beans/factory/config/BeanFactoryPostProcessorCustomizer> (0x000000008697c588) 
thrown [s\open\src\hotspot\share\classfile\systemDictionary.cpp, line 255]
Event: 13.458 Thread 0x0000023b6ef8b3a0 Exception <a 'java/lang/ClassNotFoundException'{0x000000008697fa90}: org/springframework/beans/factory/support/BeanDefinitionRegistryPostProcessorCustomizer> (0x000000008697fa90) 
thrown [s\open\src\hotspot\share\classfile\systemDictionary.cpp, line 255]
Event: 13.458 Thread 0x0000023b6ef8b3a0 Exception <a 'java/lang/ClassNotFoundException'{0x0000000086983118}: org/springframework/beans/factory/config/BeanFactoryPostProcessorCustomizer> (0x0000000086983118) 
thrown [s\open\src\hotspot\share\classfile\systemDictionary.cpp, line 255]
Event: 13.459 Thread 0x0000023b6ef8b3a0 Exception <a 'java/lang/ClassNotFoundException'{0x00000000869862a8}: org/springframework/beans/factory/DisposableBeanCustomizer> (0x00000000869862a8) 
thrown [s\open\src\hotspot\share\classfile\systemDictionary.cpp, line 255]
Event: 13.465 Thread 0x0000023b6ef8b3a0 Exception <a 'java/lang/ClassNotFoundException'{0x0000000086999430}: java/lang/ObjectCustomizer> (0x0000000086999430) 
thrown [s\open\src\hotspot\share\classfile\systemDictionary.cpp, line 255]
Event: 13.466 Thread 0x0000023b6ef8b3a0 Exception <a 'java/lang/ClassNotFoundException'{0x000000008699f0a0}: org/springframework/cloud/context/properties/ConfigurationPropertiesRebinderCustomizer> (0x000000008699f0a0) 
thrown [s\open\src\hotspot\share\classfile\systemDictionary.cpp, line 255]
Event: 13.467 Thread 0x0000023b6ef8b3a0 Exception <a 'java/lang/ClassNotFoundException'{0x00000000869ab548}: org/springframework/context/ApplicationContextAwareCustomizer> (0x00000000869ab548) 
thrown [s\open\src\hotspot\share\classfile\systemDictionary.cpp, line 255]
Event: 13.468 Thread 0x0000023b6ef8b3a0 Exception <a 'java/lang/ClassNotFoundException'{0x00000000869aef10}: org/springframework/beans/factory/AwareCustomizer> (0x00000000869aef10) 
thrown [s\open\src\hotspot\share\classfile\systemDictionary.cpp, line 255]
Event: 13.468 Thread 0x0000023b6ef8b3a0 Exception <a 'java/lang/ClassNotFoundException'{0x00000000869b1480}: org/springframework/context/ApplicationListenerCustomizer> (0x00000000869b1480) 
thrown [s\open\src\hotspot\share\classfile\systemDictionary.cpp, line 255]
Event: 13.469 Thread 0x0000023b6ef8b3a0 Exception <a 'java/lang/ClassNotFoundException'{0x00000000869b2b88}: java/util/EventListenerCustomizer> (0x00000000869b2b88) 
thrown [s\open\src\hotspot\share\classfile\systemDictionary.cpp, line 255]
Event: 13.470 Thread 0x0000023b6ef8b3a0 Exception <a 'java/lang/ClassNotFoundException'{0x00000000869b8668}: java/lang/ObjectCustomizer> (0x00000000869b8668) 
thrown [s\open\src\hotspot\share\classfile\systemDictionary.cpp, line 255]
Event: 13.471 Thread 0x0000023b6ef8b3a0 Exception <a 'java/lang/ClassNotFoundException'{0x00000000869be0d8}: org/springframework/jmx/export/metadata/AbstractJmxAttributeCustomizer> (0x00000000869be0d8) 
thrown [s\open\src\hotspot\share\classfile\systemDictionary.cpp, line 255]
Event: 13.472 Thread 0x0000023b6ef8b3a0 Exception <a 'java/lang/ClassNotFoundException'{0x00000000869c3920}: org/springframework/jmx/export/metadata/ManagedAttributeCustomizer> (0x00000000869c3920) 
thrown [s\open\src\hotspot\share\classfile\systemDictionary.cpp, line 255]

VM Operations (20 events):
Event: 13.290 Executing VM operation: CollectForMetadataAllocation
Event: 13.309 Executing VM operation: CollectForMetadataAllocation done
Event: 13.396 Executing VM operation: G1Concurrent
Event: 13.405 Executing VM operation: G1Concurrent done
Event: 13.439 Executing VM operation: G1Concurrent
Event: 13.473 Executing VM operation: G1Concurrent done
Event: 14.483 Executing VM operation: Cleanup
Event: 14.483 Executing VM operation: Cleanup done
Event: 21.560 Executing VM operation: Cleanup
Event: 21.561 Executing VM operation: Cleanup done
Event: 126.684 Executing VM operation: Cleanup
Event: 126.684 Executing VM operation: Cleanup done
Event: 160.311 Executing VM operation: Cleanup
Event: 160.312 Executing VM operation: Cleanup done
Event: 160.325 Executing VM operation: HandshakeAllThreads
Event: 160.325 Executing VM operation: HandshakeAllThreads done
Event: 160.540 Executing VM operation: HandshakeAllThreads
Event: 160.540 Executing VM operation: HandshakeAllThreads done
Event: 160.558 Executing VM operation: HandshakeAllThreads
Event: 160.558 Executing VM operation: HandshakeAllThreads done

Events (20 events):
Event: 11.871 Thread 0x0000023b7d4ee0f0 flushing nmethod 0x0000023b01038690
Event: 11.871 Thread 0x0000023b7d4ee0f0 flushing nmethod 0x0000023b0103cb90
Event: 11.871 Thread 0x0000023b7d4ee0f0 flushing nmethod 0x0000023b01074590
Event: 11.872 Thread 0x0000023b7d4ee0f0 flushing nmethod 0x0000023b010eb390
Event: 12.765 Thread 0x0000023b7edd0470 Thread added: 0x0000023b7edd0470
Event: 13.570 Thread 0x0000023b7edd12e0 Thread added: 0x0000023b7edd12e0
Event: 13.574 Thread 0x0000023b7edd17b0 Thread added: 0x0000023b7edd17b0
Event: 13.575 Thread 0x0000023b7edd0940 Thread added: 0x0000023b7edd0940
Event: 13.575 Thread 0x0000023b7edd0e10 Thread added: 0x0000023b7edd0e10
Event: 13.575 Thread 0x0000023b7edd2620 Thread added: 0x0000023b7edd2620
Event: 13.575 Thread 0x0000023b7edd2af0 Thread added: 0x0000023b7edd2af0
Event: 13.575 Thread 0x0000023b7edcfad0 Thread added: 0x0000023b7edcfad0
Event: 13.576 Thread 0x0000023b7edd2fc0 Thread added: 0x0000023b7edd2fc0
Event: 13.576 Thread 0x0000023b7edd1c80 Thread added: 0x0000023b7edd1c80
Event: 13.576 Thread 0x0000023b7edd2150 Thread added: 0x0000023b7edd2150
Event: 13.576 Thread 0x0000023b7edd3490 Thread added: 0x0000023b7edd3490
Event: 13.582 Thread 0x0000023b7edcffa0 Thread added: 0x0000023b7edcffa0
Event: 13.584 Thread 0x0000023b130c4d70 Thread added: 0x0000023b130c4d70
Event: 13.624 Thread 0x0000023b6ef8b3a0 Thread exited: 0x0000023b6ef8b3a0
Event: 13.625 Thread 0x0000023b130ca8e0 Thread added: 0x0000023b130ca8e0


Dynamic libraries:
0x00007ff7c5920000 - 0x00007ff7c592e000 	C:\Users\sfjbs\.jdks\openjdk-18.0.2.1\bin\java.exe
0x00007ffb31d90000 - 0x00007ffb31f88000 	C:\Windows\SYSTEM32\ntdll.dll
0x00007ffb30260000 - 0x00007ffb3031d000 	C:\Windows\System32\KERNEL32.DLL
0x00007ffb2f610000 - 0x00007ffb2f8de000 	C:\Windows\System32\KERNELBASE.dll
0x00007ffb2f4b0000 - 0x00007ffb2f5b0000 	C:\Windows\System32\ucrtbase.dll
0x00007ffb1fcd0000 - 0x00007ffb1fce7000 	C:\Users\sfjbs\.jdks\openjdk-18.0.2.1\bin\jli.dll
0x00007ffb1fbf0000 - 0x00007ffb1fc0a000 	C:\Users\sfjbs\.jdks\openjdk-18.0.2.1\bin\VCRUNTIME140.dll
0x00007ffb303d0000 - 0x00007ffb30570000 	C:\Windows\System32\USER32.dll
0x00007ffb2f5e0000 - 0x00007ffb2f602000 	C:\Windows\System32\win32u.dll
0x00007ffb30570000 - 0x00007ffb3059a000 	C:\Windows\System32\GDI32.dll
0x00007ffb1a620000 - 0x00007ffb1a8ba000 	C:\Windows\WinSxS\amd64_microsoft.windows.common-controls_6595b64144ccf1df_6.0.19041.1110_none_60b5254171f9507e\COMCTL32.dll
0x00007ffb2f8e0000 - 0x00007ffb2f9eb000 	C:\Windows\System32\gdi32full.dll
0x00007ffb30330000 - 0x00007ffb303ce000 	C:\Windows\System32\msvcrt.dll
0x00007ffb2fbf0000 - 0x00007ffb2fc8d000 	C:\Windows\System32\msvcp_win.dll
0x00007ffb31210000 - 0x00007ffb31240000 	C:\Windows\System32\IMM32.DLL
0x00007ffb1a980000 - 0x00007ffb1a98c000 	C:\Users\sfjbs\.jdks\openjdk-18.0.2.1\bin\vcruntime140_1.dll
0x00007ffb0ee70000 - 0x00007ffb0eefd000 	C:\Users\sfjbs\.jdks\openjdk-18.0.2.1\bin\msvcp140.dll
0x00007ffadd3a0000 - 0x00007ffaddfb1000 	C:\Users\sfjbs\.jdks\openjdk-18.0.2.1\bin\server\jvm.dll
0x00007ffb301b0000 - 0x00007ffb3025e000 	C:\Windows\System32\ADVAPI32.dll
0x00007ffb316b0000 - 0x00007ffb3174c000 	C:\Windows\System32\sechost.dll
0x00007ffb30de0000 - 0x00007ffb30f05000 	C:\Windows\System32\RPCRT4.dll
0x00007ffb31750000 - 0x00007ffb31758000 	C:\Windows\System32\PSAPI.DLL
0x00007ffb1c550000 - 0x00007ffb1c559000 	C:\Windows\SYSTEM32\WSOCK32.dll
0x00007ffb311a0000 - 0x00007ffb3120b000 	C:\Windows\System32\WS2_32.dll
0x00007ffb1b850000 - 0x00007ffb1b877000 	C:\Windows\SYSTEM32\WINMM.dll
0x00007ffb27800000 - 0x00007ffb2780a000 	C:\Windows\SYSTEM32\VERSION.dll
0x00007ffb2d2b0000 - 0x00007ffb2d2c2000 	C:\Windows\SYSTEM32\kernel.appcore.dll
0x00007ffb1a970000 - 0x00007ffb1a97a000 	C:\Users\sfjbs\.jdks\openjdk-18.0.2.1\bin\jimage.dll
0x00007ffb1d620000 - 0x00007ffb1d804000 	C:\Windows\SYSTEM32\DBGHELP.DLL
0x00007ffb1d5f0000 - 0x00007ffb1d61c000 	C:\Windows\SYSTEM32\dbgcore.DLL
0x00007ffb2fb10000 - 0x00007ffb2fb92000 	C:\Windows\System32\bcryptPrimitives.dll
0x00007ffb1a4e0000 - 0x00007ffb1a4ee000 	C:\Users\sfjbs\.jdks\openjdk-18.0.2.1\bin\instrument.dll
0x00007ffb19b10000 - 0x00007ffb19b35000 	C:\Users\sfjbs\.jdks\openjdk-18.0.2.1\bin\java.dll
0x00007ffb0ed90000 - 0x00007ffb0ee66000 	C:\Users\sfjbs\.jdks\openjdk-18.0.2.1\bin\jsvml.dll
0x00007ffb30610000 - 0x00007ffb30d54000 	C:\Windows\System32\SHELL32.dll
0x00007ffb2d590000 - 0x00007ffb2dd24000 	C:\Windows\SYSTEM32\windows.storage.dll
0x00007ffb312a0000 - 0x00007ffb315f4000 	C:\Windows\System32\combase.dll
0x00007ffb2ed60000 - 0x00007ffb2ed90000 	C:\Windows\SYSTEM32\Wldp.dll
0x00007ffb31600000 - 0x00007ffb316ad000 	C:\Windows\System32\SHCORE.dll
0x00007ffb30f10000 - 0x00007ffb30f65000 	C:\Windows\System32\shlwapi.dll
0x00007ffb2f3f0000 - 0x00007ffb2f40f000 	C:\Windows\SYSTEM32\profapi.dll
0x00007ffb19b90000 - 0x00007ffb19ba8000 	C:\Users\sfjbs\.jdks\openjdk-18.0.2.1\bin\zip.dll
0x00007ffb188e0000 - 0x00007ffb188f3000 	C:\Users\sfjbs\.jdks\openjdk-18.0.2.1\bin\net.dll
0x00007ffb27040000 - 0x00007ffb2714a000 	C:\Windows\SYSTEM32\WINHTTP.dll
0x00007ffb2eb40000 - 0x00007ffb2ebaa000 	C:\Windows\system32\mswsock.dll
0x00007ffb187c0000 - 0x00007ffb187d6000 	C:\Users\sfjbs\.jdks\openjdk-18.0.2.1\bin\nio.dll
0x00007ffb1b830000 - 0x00007ffb1b84a000 	C:\Program Files\JetBrains\IntelliJ IDEA Community Edition 2022.2.1\bin\breakgen64.dll
0x00007ffb1a270000 - 0x00007ffb1a280000 	C:\Users\sfjbs\.jdks\openjdk-18.0.2.1\bin\verify.dll
0x00007ffb2e850000 - 0x00007ffb2e88b000 	C:\Windows\SYSTEM32\IPHLPAPI.DLL
0x00007ffb30600000 - 0x00007ffb30608000 	C:\Windows\System32\NSI.dll
0x00007ffb28080000 - 0x00007ffb28097000 	C:\Windows\SYSTEM32\dhcpcsvc6.DLL
0x00007ffb28000000 - 0x00007ffb2801d000 	C:\Windows\SYSTEM32\dhcpcsvc.DLL
0x00007ffb2e890000 - 0x00007ffb2e95a000 	C:\Windows\SYSTEM32\DNSAPI.dll
0x00007ffb26530000 - 0x00007ffb2653a000 	C:\Windows\System32\rasadhlp.dll
0x00007ffb26f60000 - 0x00007ffb26fe0000 	C:\Windows\System32\fwpuclnt.dll
0x00007ffb2f5b0000 - 0x00007ffb2f5d7000 	C:\Windows\System32\bcrypt.dll
0x00007ffb19f80000 - 0x00007ffb19f89000 	C:\Users\sfjbs\.jdks\openjdk-18.0.2.1\bin\management.dll
0x00007ffb19e50000 - 0x00007ffb19e5b000 	C:\Users\sfjbs\.jdks\openjdk-18.0.2.1\bin\management_ext.dll
0x00007ffb153a0000 - 0x00007ffb153b7000 	C:\Windows\system32\napinsp.dll
0x00007ffb15380000 - 0x00007ffb1539b000 	C:\Windows\system32\pnrpnsp.dll
0x00007ffb15360000 - 0x00007ffb15375000 	C:\Windows\system32\wshbth.dll
0x00007ffb2ad00000 - 0x00007ffb2ad1d000 	C:\Windows\system32\NLAapi.dll
0x00007ffb15340000 - 0x00007ffb15352000 	C:\Windows\System32\winrnr.dll
0x00007ffb2eda0000 - 0x00007ffb2edb8000 	C:\Windows\SYSTEM32\CRYPTSP.dll
0x00007ffb2e4e0000 - 0x00007ffb2e514000 	C:\Windows\system32\rsaenh.dll
0x00007ffb2f370000 - 0x00007ffb2f39e000 	C:\Windows\SYSTEM32\USERENV.dll
0x00007ffb2ecd0000 - 0x00007ffb2ecdc000 	C:\Windows\SYSTEM32\CRYPTBASE.dll

dbghelp: loaded successfully - version: 4.0.5 - missing functions: none
symbol engine: initialized successfully - sym options: 0x614 - pdb path: .;C:\Users\sfjbs\.jdks\openjdk-18.0.2.1\bin;C:\Windows\SYSTEM32;C:\Windows\WinSxS\amd64_microsoft.windows.common-controls_6595b64144ccf1df_6.0.19041.1110_none_60b5254171f9507e;C:\Users\sfjbs\.jdks\openjdk-18.0.2.1\bin\server;C:\Program Files\JetBrains\IntelliJ IDEA Community Edition 2022.2.1\bin

VM Arguments:
jvm_args: -javaagent:C:\Program Files\JetBrains\IntelliJ IDEA Community Edition 2022.2.1\lib\idea_rt.jar=60079:C:\Program Files\JetBrains\IntelliJ IDEA Community Edition 2022.2.1\bin -Dfile.encoding=UTF-8 -Dsun.stdout.encoding=UTF-8 -Dsun.stderr.encoding=UTF-8 
java_command: com.training.Microservice1Application
java_class_path (initial): C:\Users\sfjbs\Downloads\cloud-sleuth-main\cloud-sleuth-main\microservice1\target\classes;C:\Users\sfjbs\.m2\repository\org\springframework\cloud\spring-cloud-starter-sleuth\2.1.2.RELEASE\spring-cloud-starter-sleuth-2.1.2.RELEASE.jar;C:\Users\sfjbs\.m2\repository\org\springframework\cloud\spring-cloud-starter\2.1.2.RELEASE\spring-cloud-starter-2.1.2.RELEASE.jar;C:\Users\sfjbs\.m2\repository\org\springframework\cloud\spring-cloud-context\2.1.2.RELEASE\spring-cloud-context-2.1.2.RELEASE.jar;C:\Users\sfjbs\.m2\repository\org\springframework\security\spring-security-crypto\5.1.6.RELEASE\spring-security-crypto-5.1.6.RELEASE.jar;C:\Users\sfjbs\.m2\repository\org\springframework\cloud\spring-cloud-commons\2.1.2.RELEASE\spring-cloud-commons-2.1.2.RELEASE.jar;C:\Users\sfjbs\.m2\repository\org\springframework\security\spring-security-rsa\1.0.7.RELEASE\spring-security-rsa-1.0.7.RELEASE.jar;C:\Users\sfjbs\.m2\repository\org\bouncycastle\bcpkix-jdk15on\1.60\bcpkix-jdk15on-1.60.jar;C:\Users\sfjbs\.m2\repository\org\bouncycastle\bcprov-jdk15on\1.60\bcprov-jdk15on-1.60.jar;C:\Users\sfjbs\.m2\repository\org\springframework\boot\spring-boot-starter-aop\2.1.7.RELEASE\spring-boot-starter-aop-2.1.7.RELEASE.jar;C:\Users\sfjbs\.m2\repository\org\springframework\spring-aop\5.1.9.RELEASE\spring-aop-5.1.9.RELEASE.jar;C:\Users\sfjbs\.m2\repository\org\aspectj\aspectjweaver\1.9.4\aspectjweaver-1.9.4.jar;C:\Users\sfjbs\.m2\repository\org\springframework\cloud\spring-cloud-sleuth-core\2.1.2.RELEASE\spring-cloud-sleuth-core-2.1.2.RELEASE.jar;C:\Users\sfjbs\.m2\repository\org\springframework\spring-context\5.1.9.RELEASE\spring-context-5.1.9.RELEASE.jar;C:\Users\sfjbs\.m2\repository\org\aspectj\aspectjrt\1.9.4\aspectjrt-1.9.4.jar;C:\Users\sfjbs\.m2\repository\io\zipkin\brave\brave\5.6.5\brave-5.6.5.jar;C:\Users\sfjbs\.m2\repository\io\zipkin\brave\brave-context-log4j2\5.6.5\brave-context-log4j2-5.6.5.jar;C:\Users\sfjbs\.m2\repository\io\zipkin\brave\brave-instrumentation-spring-web\5.6.5\brave-instrumentation-spring-web-5.6.5.jar;C:\Users\sfjbs\.m2\repository\io\zipkin\brave\brave-instrumentation-http\5.6.5\brave-instrumentation-http-5.6.5.jar;C:\Users\sfjbs\.m2\repository\io\zipkin\brave\brave-instrumentation-spring-rabbit\5.6.5\brave-instrumentation-spring-rabbit-5.6.5.jar;C:\Users\sfjbs\.m2\repository\io\zipkin\brave\brave-instrumentation-kafka-clients\5.6.5\brave-instrumentation-kafka-clients-5.6.5.jar;C:\Users\sfjbs\.m2\repository\io\zipkin\brave\brave-instrumentation-httpclient\5.6.5\brave-instrumentation-httpclient-5.6.5.jar;C:\Users\sfjbs\.m2\repository\io\zipkin\brave\brave-instrumentation-httpasyncclient\5.6.5\brave-instrumentation-httpasyncclient-5.6.5.jar;C:\Users\sfjbs\.m2\repository\io\zipkin\brave\brave-instrumentation-spring-webmvc\5.6.5\brave-instrumentation-spring-webmvc-5.6.5.jar;C:\Users\sfjbs\.m2\repository\io\zipkin\brave\brave-instrumentation-servlet\5.6.5\brave-instrumentation-servlet-5.6.5.jar;C:\Users\sfjbs\.m2\repository\io\zipkin\brave\brave-instrumentation-jms\5.6.5\brave-instrumentation-jms-5.6.5.jar;C:\Users\sfjbs\.m2\repository\org\springframework\boot\spring-boot-starter-web\2.1.7.RELEASE\spring-boot-starter-web-2.1.7.RELEASE.jar;C:\Users\sfjbs\.m2\repository\org\springframework\boot\spring-boot-starter\2.1.7.RELEASE\spring-boot-starter-2.1.7.RELEASE.jar;C:\Users\sfjbs\.m2\repository\org\springframework\boot\spring-boot\2.1.7.RELEASE\spring-boot-2.1.7.RELEASE.jar;C:\Users\sfjbs\.m2\repository\org\springframework\boot\spring-boot-autoconfigure\2.1.7.RELEASE\spring-boot-autoconfigure-2.1.7.RELEASE.jar;C:\Users\sfjbs\.m2\repository\org\springframework\boot\spring-boot-starter-logging\2.1.7.RELEASE\spring-boot-starter-logging-2.1.7.RELEASE.jar;C:\Users\sfjbs\.m2\repository\ch\qos\logback\logback-classic\1.2.3\logback-classic-1.2.3.jar;C:\Users\sfjbs\.m2\repository\ch\qos\logback\logback-core\1.2.3\logback-core-1.2.3.jar;C:\Users\sfjbs\.m2\repository\org\apache\logging\log4j\log4j-to-slf4j\2.11.2\log4j-to-slf4j-2.11.2.jar;C:\Users\sfjbs\.m2\repository\javax\annotation\javax.annotation-api\1.3.2\javax.annotation-api-1.3.2.jar;C:\Users\sfjbs\.m2\repository\org\springframework\spring-core\5.1.9.RELEASE\spring-core-5.1.9.RELEASE.jar;C:\Users\sfjbs\.m2\repository\org\springframework\spring-jcl\5.1.9.RELEASE\spring-jcl-5.1.9.RELEASE.jar;C:\Users\sfjbs\.m2\repository\org\yaml\snakeyaml\1.23\snakeyaml-1.23.jar;C:\Users\sfjbs\.m2\repository\org\springframework\boot\spring-boot-starter-json\2.1.7.RELEASE\spring-boot-starter-json-2.1.7.RELEASE.jar;C:\Users\sfjbs\.m2\repository\com\fasterxml\jackson\core\jackson-databind\2.9.9\jackson-databind-2.9.9.jar;C:\Users\sfjbs\.m2\repository\com\fasterxml\jackson\core\jackson-annotations\2.9.0\jackson-annotations-2.9.0.jar;C:\Users\sfjbs\.m2\repository\com\fasterxml\jackson\core\jackson-core\2.9.9\jackson-core-2.9.9.jar;C:\Users\sfjbs\.m2\repository\com\fasterxml\jackson\datatype\jackson-datatype-jdk8\2.9.9\jackson-datatype-jdk8-2.9.9.jar;C:\Users\sfjbs\.m2\repository\com\fasterxml\jackson\datatype\jackson-datatype-jsr310\2.9.9\jackson-datatype-jsr310-2.9.9.jar;C:\Users\sfjbs\.m2\repository\com\fasterxml\jackson\module\jackson-module-parameter-names\2.9.9\jackson-module-parameter-names-2.9.9.jar;C:\Users\sfjbs\.m2\repository\org\springframework\boot\spring-boot-starter-tomcat\2.1.7.RELEASE\spring-boot-starter-tomcat-2.1.7.RELEASE.jar;C:\Users\sfjbs\.m2\repository\org\apache\tomcat\embed\tomcat-embed-core\9.0.22\tomcat-embed-core-9.0.22.jar;C:\Users\sfjbs\.m2\repository\org\apache\tomcat\embed\tomcat-embed-el\9.0.22\tomcat-embed-el-9.0.22.jar;C:\Users\sfjbs\.m2\repository\org\apache\tomcat\embed\tomcat-embed-websocket\9.0.22\tomcat-embed-websocket-9.0.22.jar;C:\Users\sfjbs\.m2\repository\org\hibernate\validator\hibernate-validator\6.0.17.Final\hibernate-validator-6.0.17.Final.jar;C:\Users\sfjbs\.m2\repository\javax\validation\validation-api\2.0.1.Final\validation-api-2.0.1.Final.jar;C:\Users\sfjbs\.m2\repository\org\jboss\logging\jboss-logging\3.3.2.Final\jboss-logging-3.3.2.Final.jar;C:\Users\sfjbs\.m2\repository\com\fasterxml\classmate\1.4.0\classmate-1.4.0.jar;C:\Users\sfjbs\.m2\repository\org\springframework\spring-web\5.1.9.RELEASE\spring-web-5.1.9.RELEASE.jar;C:\Users\sfjbs\.m2\repository\org\springframework\spring-beans\5.1.9.RELEASE\spring-beans-5.1.9.RELEASE.jar;C:\Users\sfjbs\.m2\repository\org\springframework\spring-webmvc\5.1.9.RELEASE\spring-webmvc-5.1.9.RELEASE.jar;C:\Users\sfjbs\.m2\repository\org\springframework\spring-expression\5.1.9.RELEASE\spring-expression-5.1.9.RELEASE.jar;C:\Users\sfjbs\.m2\repository\org\springframework\boot\spring-boot-starter-log4j2\2.1.7.RELEASE\spring-boot-starter-log4j2-2.1.7.RELEASE.jar;C:\Users\sfjbs\.m2\repository\org\apache\logging\log4j\log4j-slf4j-impl\2.11.2\log4j-slf4j-impl-2.11.2.jar;C:\Users\sfjbs\.m2\repository\org\slf4j\slf4j-api\1.7.26\slf4j-api-1.7.26.jar;C:\Users\sfjbs\.m2\repository\org\apache\logging\log4j\log4j-api\2.11.2\log4j-api-2.11.2.jar;C:\Users\sfjbs\.m2\repository\org\apache\logging\log4j\log4j-core\2.11.2\log4j-core-2.11.2.jar;C:\Users\sfjbs\.m2\repository\org\apache\logging\log4j\log4j-jul\2.11.2\log4j-jul-2.11.2.jar;C:\Users\sfjbs\.m2\repository\org\slf4j\jul-to-slf4j\1.7.26\jul-to-slf4j-1.7.26.jar;C:\Users\sfjbs\.m2\repository\org\springframework\cloud\spring-cloud-starter-zipkin\2.1.2.RELEASE\spring-cloud-starter-zipkin-2.1.2.RELEASE.jar;C:\Users\sfjbs\.m2\repository\org\springframework\cloud\spring-cloud-sleuth-zipkin\2.1.2.RELEASE\spring-cloud-sleuth-zipkin-2.1.2.RELEASE.jar;C:\Users\sfjbs\.m2\repository\io\zipkin\zipkin2\zipkin\2.14.2\zipkin-2.14.2.jar;C:\Users\sfjbs\.m2\repository\io\zipkin\reporter2\zipkin-reporter\2.8.4\zipkin-reporter-2.8.4.jar;C:\Users\sfjbs\.m2\repository\io\zipkin\reporter2\zipkin-sender-kafka\2.8.4\zipkin-sender-kafka-2.8.4.jar;C:\Users\sfjbs\.m2\repository\io\zipkin\reporter2\zipkin-sender-amqp-client\2.8.4\zipkin-sender-amqp-client-2.8.4.jar
Launcher Type: SUN_STANDARD

[Global flags]
     intx CICompilerCount                          = 2                                         {product} {ergonomic}
     uint ConcGCThreads                            = 1                                         {product} {ergonomic}
     uint G1ConcRefinementThreads                  = 2                                         {product} {ergonomic}
   size_t G1HeapRegionSize                         = 1048576                                   {product} {ergonomic}
    uintx GCDrainStackTargetSize                   = 64                                        {product} {ergonomic}
   size_t InitialHeapSize                          = 134217728                                 {product} {ergonomic}
   size_t MarkStackSize                            = 4194304                                   {product} {ergonomic}
   size_t MaxHeapSize                              = 2147483648                                {product} {ergonomic}
   size_t MaxNewSize                               = 1287651328                                {product} {ergonomic}
   size_t MinHeapDeltaBytes                        = 1048576                                   {product} {ergonomic}
   size_t MinHeapSize                              = 8388608                                   {product} {ergonomic}
    uintx NonNMethodCodeHeapSize                   = 5826188                                {pd product} {ergonomic}
    uintx NonProfiledCodeHeapSize                  = 122916026                              {pd product} {ergonomic}
    uintx ProfiledCodeHeapSize                     = 122916026                              {pd product} {ergonomic}
    uintx ReservedCodeCacheSize                    = 251658240                              {pd product} {ergonomic}
     bool SegmentedCodeCache                       = true                                      {product} {ergonomic}
   size_t SoftMaxHeapSize                          = 2147483648                             {manageable} {ergonomic}
     bool UseCompressedClassPointers               = true                           {product lp64_product} {ergonomic}
     bool UseCompressedOops                        = true                           {product lp64_product} {ergonomic}
     bool UseG1GC                                  = true                                      {product} {ergonomic}
     bool UseLargePagesIndividualAllocation        = false                                  {pd product} {ergonomic}

Logging:
Log output configuration:
 #0: stdout all=warning uptime,level,tags foldmultilines=false
 #1: stderr all=off uptime,level,tags foldmultilines=false

Environment Variables:
PATH=C:\Program Files\Common Files\Oracle\Java\javapath;C:\Windows\system32;C:\Windows;C:\Windows\System32\Wbem;C:\Windows\System32\WindowsPowerShell\v1.0\;C:\Windows\System32\OpenSSH\;C:\Program Files\PuTTY\;C:\Program Files\Git\cmd;C:\Program Files\Docker\Docker\resources\bin;C:\ProgramData\DockerDesktop\version-bin;C:\Users\sfjbs\Downloads\apache-maven-3.8.6-bin\apache-maven-3.8.6\bin;C:\Users\sfjbs\Downloads\apache-maven-3.8.6-bin\apache-maven-3.8.6\lib;C:\Users\sfjbs\AppData\Local\Microsoft\WindowsApps;C:\Program Files\JetBrains\IntelliJ IDEA Community Edition 2022.2.1\bin;
USERNAME=sfjbs
OS=Windows_NT
PROCESSOR_IDENTIFIER=Intel64 Family 6 Model 79 Stepping 1, GenuineIntel



---------------  S Y S T E M  ---------------

OS:
 Windows 10 , 64 bit Build 19041 (10.0.19041.1889)
OS uptime: 16 days 1:17 hours
Hyper-V role detected

CPU: total 2 (initial active 2) (1 cores per cpu, 2 threads per core) family 6 model 79 stepping 1 microcode 0xffffffff, cx8, cmov, fxsr, ht, mmx, 3dnowpref, sse, sse2, sse3, ssse3, sse4.1, sse4.2, popcnt, lzcnt, tsc, avx, avx2, aes, erms, clmul, bmi1, bmi2, rtm, adx, fma, vzeroupper, clflush, hv

Memory: 4k page, system-wide physical 8190M (770M free)
TotalPageFile size 10238M (AvailPageFile size 4M)
current process WorkingSet (physical memory assigned to process): 194M, peak: 201M
current process commit charge ("private bytes"): 228M, peak: 282M

vm_info: OpenJDK 64-Bit Server VM (18.0.2.1+1-1) for windows-amd64 JRE (18.0.2.1+1-1), built on Aug 16 2022 01:44:29 by "mach5one" with MS VC++ 16.8 / 16.9 (VS2019)

END.
