#
# There is insufficient memory for the Java Runtime Environment to continue.
# Native memory allocation (malloc) failed to allocate 32744 bytes for Chunk::new
# Possible reasons:
#   The system is out of physical RAM or swap space
#   The process is running with CompressedOops enabled, and the Java Heap may be blocking the growth of the native heap
# Possible solutions:
#   Reduce memory load on the system
#   Increase physical memory or swap space
#   Check if swap backing store is full
#   Decrease Java heap size (-Xmx/-Xms)
#   Decrease number of Java threads
#   Decrease Java thread stack sizes (-Xss)
#   Set larger code cache with -XX:ReservedCodeCacheSize=
#   JVM is running with Unscaled Compressed Oops mode in which the Java heap is
#     placed in the first 4GB address space. The Java Heap base address is the
#     maximum limit for the native heap growth. Please use -XX:HeapBaseMinAddress
#     to set the Java Heap base and to place the Java Heap above 4GB virtual address.
# This output file may be truncated or incomplete.
#
#  Out of Memory Error (arena.cpp:184), pid=1288, tid=11140
#
# JRE version: OpenJDK Runtime Environment (18.0.2.1+1) (build 18.0.2.1+1-1)
# Java VM: OpenJDK 64-Bit Server VM (18.0.2.1+1-1, mixed mode, sharing, tiered, compressed oops, compressed class ptrs, g1 gc, windows-amd64)
# No core dump will be written. Minidumps are not enabled by default on client versions of Windows
#

---------------  S U M M A R Y ------------

Command Line: -javaagent:C:\Program Files\JetBrains\IntelliJ IDEA Community Edition 2022.2.1\lib\idea_rt.jar=60092:C:\Program Files\JetBrains\IntelliJ IDEA Community Edition 2022.2.1\bin -Dfile.encoding=UTF-8 -Dsun.stdout.encoding=UTF-8 -Dsun.stderr.encoding=UTF-8 com.training.Microservice2Application

Host: Intel(R) Xeon(R) CPU E5-2673 v4 @ 2.30GHz, 2 cores, 7G,  Windows 10 , 64 bit Build 19041 (10.0.19041.1889)
Time: Thu Sep  8 04:52:54 2022 Coordinated Universal Time elapsed time: 137.472721 seconds (0d 0h 2m 17s)

---------------  T H R E A D  ---------------

Current thread (0x0000020263bbd310):  JavaThread "C2 CompilerThread0" daemon [_thread_in_native, id=11140, stack(0x0000007ddeb00000,0x0000007ddec00000)]


Current CompileTask:
C2: 137472 5211       4       sun.net.util.URLUtil::urlNoFragString (114 bytes)

Stack: [0x0000007ddeb00000,0x0000007ddec00000]
Native frames: (J=compiled Java code, j=interpreted, Vv=VM code, C=native code)
V  [jvm.dll+0x6993aa]
V  [jvm.dll+0x7f46dd]
V  [jvm.dll+0x7f5fee]
V  [jvm.dll+0x7f66a3]
V  [jvm.dll+0x25cf1f]
V  [jvm.dll+0xb8c2f]
V  [jvm.dll+0xb8fa5]
V  [jvm.dll+0x6c24aa]
V  [jvm.dll+0x1d2e24]
V  [jvm.dll+0x230259]
V  [jvm.dll+0x22f4d1]
V  [jvm.dll+0x1ba01c]
V  [jvm.dll+0x23ee0a]
V  [jvm.dll+0x23d0f5]
V  [jvm.dll+0x7a6dd1]
V  [jvm.dll+0x7a120a]
V  [jvm.dll+0x698255]
C  [ucrtbase.dll+0x21bb2]
C  [KERNEL32.DLL+0x17034]
C  [ntdll.dll+0x52651]


---------------  P R O C E S S  ---------------

Threads class SMR info:
_java_thread_list=0x000002026802ac10, length=31, elements={
0x0000020263b9d3c0, 0x0000020263b9e020, 0x0000020263bb9950, 0x0000020263bbb300,
0x0000020263bbbca0, 0x0000020263bbc640, 0x0000020263bbd310, 0x0000020263c29db0,
0x0000020263c2fb70, 0x0000020268001090, 0x000002026830ce10, 0x00000202683f6820,
0x000002026ab991e0, 0x0000020268762450, 0x00000202699f8010, 0x00000202699f84d0,
0x0000020268ed8860, 0x0000020268762ba0, 0x00000202684aef10, 0x00000202685f7b10,
0x0000020269f78060, 0x0000020269f78530, 0x0000020269f78a00, 0x0000020269f78ed0,
0x0000020269f79870, 0x0000020269f793a0, 0x000002026a4c5830, 0x000002026a4c5360,
0x000002026a4c2340, 0x000002026a4c79e0, 0x000002026a4c8850
}

Java Threads: ( => current thread )
  0x0000020263b9d3c0 JavaThread "Reference Handler" daemon [_thread_blocked, id=9984, stack(0x0000007dde500000,0x0000007dde600000)]
  0x0000020263b9e020 JavaThread "Finalizer" daemon [_thread_blocked, id=5992, stack(0x0000007dde600000,0x0000007dde700000)]
  0x0000020263bb9950 JavaThread "Signal Dispatcher" daemon [_thread_blocked, id=10728, stack(0x0000007dde700000,0x0000007dde800000)]
  0x0000020263bbb300 JavaThread "Attach Listener" daemon [_thread_blocked, id=10784, stack(0x0000007dde800000,0x0000007dde900000)]
  0x0000020263bbbca0 JavaThread "Service Thread" daemon [_thread_blocked, id=8480, stack(0x0000007dde900000,0x0000007ddea00000)]
  0x0000020263bbc640 JavaThread "Monitor Deflation Thread" daemon [_thread_blocked, id=8464, stack(0x0000007ddea00000,0x0000007ddeb00000)]
=>0x0000020263bbd310 JavaThread "C2 CompilerThread0" daemon [_thread_in_native, id=11140, stack(0x0000007ddeb00000,0x0000007ddec00000)]
  0x0000020263c29db0 JavaThread "C1 CompilerThread0" daemon [_thread_blocked, id=12592, stack(0x0000007ddec00000,0x0000007dded00000)]
  0x0000020263c2fb70 JavaThread "Sweeper thread" daemon [_thread_blocked, id=12580, stack(0x0000007dded00000,0x0000007ddee00000)]
  0x0000020268001090 JavaThread "Common-Cleaner" daemon [_thread_blocked, id=6512, stack(0x0000007ddee00000,0x0000007ddef00000)]
  0x000002026830ce10 JavaThread "Monitor Ctrl-Break" daemon [_thread_in_native, id=12656, stack(0x0000007ddef00000,0x0000007ddf000000)]
  0x00000202683f6820 JavaThread "Notification Thread" daemon [_thread_blocked, id=4340, stack(0x0000007ddf000000,0x0000007ddf100000)]
  0x000002026ab991e0 JavaThread "AsyncReporter{org.springframework.cloud.sleuth.zipkin2.sender.RestTemplateSender@77f905e3}" daemon [_thread_blocked, id=12840, stack(0x0000007ddf400000,0x0000007ddf500000)]
  0x0000020268762450 JavaThread "Catalina-utility-1" [_thread_blocked, id=12864, stack(0x0000007ddf500000,0x0000007ddf600000)]
  0x00000202699f8010 JavaThread "Catalina-utility-2" [_thread_blocked, id=12856, stack(0x0000007ddf600000,0x0000007ddf700000)]
  0x00000202699f84d0 JavaThread "container-0" [_thread_blocked, id=12496, stack(0x0000007ddf700000,0x0000007ddf800000)]
  0x0000020268ed8860 JavaThread "spring.cloud.inetutils" daemon [_thread_blocked, id=5236, stack(0x0000007ddf800000,0x0000007ddf900000)]
  0x0000020268762ba0 JavaThread "http-nio-8081-BlockPoller" daemon [_thread_in_native, id=11648, stack(0x0000007ddf900000,0x0000007ddfa00000)]
  0x00000202684aef10 JavaThread "http-nio-8081-exec-1" daemon [_thread_in_vm, id=9272, stack(0x0000007ddfa00000,0x0000007ddfb00000)]
  0x00000202685f7b10 JavaThread "http-nio-8081-exec-2" daemon [_thread_blocked, id=5248, stack(0x0000007ddfb00000,0x0000007ddfc00000)]
  0x0000020269f78060 JavaThread "http-nio-8081-exec-3" daemon [_thread_blocked, id=12884, stack(0x0000007ddfc00000,0x0000007ddfd00000)]
  0x0000020269f78530 JavaThread "http-nio-8081-exec-4" daemon [_thread_blocked, id=12888, stack(0x0000007ddfd00000,0x0000007ddfe00000)]
  0x0000020269f78a00 JavaThread "http-nio-8081-exec-5" daemon [_thread_blocked, id=12236, stack(0x0000007ddfe00000,0x0000007ddff00000)]
  0x0000020269f78ed0 JavaThread "http-nio-8081-exec-6" daemon [_thread_blocked, id=7444, stack(0x0000007ddff00000,0x0000007de0000000)]
  0x0000020269f79870 JavaThread "http-nio-8081-exec-7" daemon [_thread_blocked, id=2036, stack(0x0000007de0000000,0x0000007de0100000)]
  0x0000020269f793a0 JavaThread "http-nio-8081-exec-8" daemon [_thread_blocked, id=8612, stack(0x0000007de0100000,0x0000007de0200000)]
  0x000002026a4c5830 JavaThread "http-nio-8081-exec-9" daemon [_thread_blocked, id=11032, stack(0x0000007de0200000,0x0000007de0300000)]
  0x000002026a4c5360 JavaThread "http-nio-8081-exec-10" daemon [_thread_blocked, id=11904, stack(0x0000007de0300000,0x0000007de0400000)]
  0x000002026a4c2340 JavaThread "http-nio-8081-ClientPoller" daemon [_thread_in_native, id=7548, stack(0x0000007de0400000,0x0000007de0500000)]
  0x000002026a4c79e0 JavaThread "http-nio-8081-Acceptor" daemon [_thread_in_native, id=7196, stack(0x0000007de0500000,0x0000007de0600000)]
  0x000002026a4c8850 JavaThread "DestroyJavaVM" [_thread_blocked, id=3712, stack(0x0000007ddde00000,0x0000007dddf00000)]

Other Threads:
  0x0000020263b99c20 VMThread "VM Thread" [stack: 0x0000007dde400000,0x0000007dde500000] [id=4200]
  0x00000202683f6ce0 WatcherThread "VM Periodic Task Thread" [stack: 0x0000007ddf100000,0x0000007ddf200000] [id=6256]
  0x000002024672a410 WorkerThread "GC Thread#0" [stack: 0x0000007dddf00000,0x0000007dde000000] [id=12584]
  0x00000202682e08d0 WorkerThread "GC Thread#1" [stack: 0x0000007ddf200000,0x0000007ddf300000] [id=12668]
  0x000002024673b340 ConcurrentGCThread "G1 Main Marker" [stack: 0x0000007dde000000,0x0000007dde100000] [id=12604]
  0x000002024673d140 WorkerThread "G1 Conc#0" [stack: 0x0000007dde100000,0x0000007dde200000] [id=12080]
  0x0000020246773af0 ConcurrentGCThread "G1 Refine#0" [stack: 0x0000007dde200000,0x0000007dde300000] [id=11704]
  0x0000020269219260 ConcurrentGCThread "G1 Refine#1" [stack: 0x0000007ddf300000,0x0000007ddf400000] [id=12752]
  0x0000020246774400 ConcurrentGCThread "G1 Service" [stack: 0x0000007dde300000,0x0000007dde400000] [id=12000]

Threads with active compile tasks:
C2 CompilerThread0   137508 5211       4       sun.net.util.URLUtil::urlNoFragString (114 bytes)

VM state: not at safepoint (normal execution)

VM Mutex/Monitor currently owned by a thread: None

Heap address: 0x0000000080000000, size: 2048 MB, Compressed Oops mode: 32-bit

CDS archive(s) mapped at: [0x0000000800000000-0x0000000800ba0000-0x0000000800ba0000), size 12189696, SharedBaseAddress: 0x0000000800000000, ArchiveRelocationMode: 0.
Compressed class space mapped at: 0x0000000800c00000-0x0000000840c00000, reserved size: 1073741824
Narrow klass base: 0x0000000800000000, Narrow klass shift: 0, Narrow klass range: 0x100000000

GC Precious Log:
 CardTable entry size: 512
 Card Set container configuration: InlinePtr #cards 5 size 8 Array Of Cards #cards 12 size 40 Howl #buckets 4 coarsen threshold 1843 Howl Bitmap #cards 512 size 80 coarsen threshold 460 Card regions per heap region 1 cards per card region 2048
 CPUs: 2 total, 2 available
 Memory: 8190M
 Large Page Support: Disabled
 NUMA Support: Disabled
 Compressed Oops: Enabled (32-bit)
 Heap Region Size: 1M
 Heap Min Capacity: 8M
 Heap Initial Capacity: 128M
 Heap Max Capacity: 2G
 Pre-touch: Disabled
 Parallel Workers: 2
 Concurrent Workers: 1
 Concurrent Refinement Workers: 2
 Periodic GC: Disabled

Heap:
 garbage-first heap   total 81920K, used 27735K [0x0000000080000000, 0x0000000100000000)
  region size 1024K, 9 young (9216K), 3 survivors (3072K)
 Metaspace       used 36518K, committed 36928K, reserved 1114112K
  class space    used 4358K, committed 4544K, reserved 1048576K

Heap Regions: E=young(eden), S=young(survivor), O=old, HS=humongous(starts), HC=humongous(continues), CS=collection set, F=free, OA=open archive, CA=closed archive, TAMS=top-at-mark-start (previous, next)
|   0|0x0000000080000000, 0x0000000080100000, 0x0000000080100000|100%| O|  |TAMS 0x0000000080100000, 0x0000000080000000| Untracked 
|   1|0x0000000080100000, 0x0000000080200000, 0x0000000080200000|100%| O|  |TAMS 0x0000000080200000, 0x0000000080100000| Untracked 
|   2|0x0000000080200000, 0x0000000080300000, 0x0000000080300000|100%| O|  |TAMS 0x0000000080300000, 0x0000000080200000| Untracked 
|   3|0x0000000080300000, 0x0000000080400000, 0x0000000080400000|100%| O|  |TAMS 0x0000000080400000, 0x0000000080300000| Untracked 
|   4|0x0000000080400000, 0x0000000080500000, 0x0000000080500000|100%| O|  |TAMS 0x0000000080500000, 0x0000000080400000| Untracked 
|   5|0x0000000080500000, 0x0000000080600000, 0x0000000080600000|100%| O|  |TAMS 0x0000000080600000, 0x0000000080500000| Untracked 
|   6|0x0000000080600000, 0x0000000080700000, 0x0000000080700000|100%| O|  |TAMS 0x0000000080700000, 0x0000000080600000| Untracked 
|   7|0x0000000080700000, 0x0000000080800000, 0x0000000080800000|100%| O|  |TAMS 0x0000000080800000, 0x0000000080700000| Untracked 
|   8|0x0000000080800000, 0x0000000080900000, 0x0000000080900000|100%| O|  |TAMS 0x0000000080900000, 0x0000000080800000| Untracked 
|   9|0x0000000080900000, 0x0000000080a00000, 0x0000000080a00000|100%| O|  |TAMS 0x0000000080a00000, 0x0000000080900000| Untracked 
|  10|0x0000000080a00000, 0x0000000080b00000, 0x0000000080b00000|100%| O|  |TAMS 0x0000000080b00000, 0x0000000080a00000| Untracked 
|  11|0x0000000080b00000, 0x0000000080c00000, 0x0000000080c00000|100%| O|  |TAMS 0x0000000080c00000, 0x0000000080b00000| Untracked 
|  12|0x0000000080c00000, 0x0000000080d00000, 0x0000000080d00000|100%| O|  |TAMS 0x0000000080d00000, 0x0000000080c00000| Untracked 
|  13|0x0000000080d00000, 0x0000000080e00000, 0x0000000080e00000|100%| O|  |TAMS 0x0000000080e00000, 0x0000000080d00000| Untracked 
|  14|0x0000000080e00000, 0x0000000080f00000, 0x0000000080f00000|100%| O|  |TAMS 0x0000000080f00000, 0x0000000080e00000| Untracked 
|  15|0x0000000080f00000, 0x0000000081000000, 0x0000000081000000|100%| O|  |TAMS 0x0000000081000000, 0x0000000080f00000| Untracked 
|  16|0x0000000081000000, 0x0000000081100000, 0x0000000081100000|100%| O|  |TAMS 0x0000000081100000, 0x0000000081000000| Untracked 
|  17|0x0000000081100000, 0x0000000081200000, 0x0000000081200000|100%| O|  |TAMS 0x0000000081200000, 0x0000000081100000| Untracked 
|  18|0x0000000081200000, 0x0000000081300000, 0x0000000081300000|100%| O|  |TAMS 0x0000000081300000, 0x0000000081200000| Untracked 
|  19|0x0000000081300000, 0x00000000813d4a00, 0x0000000081400000| 83%| O|  |TAMS 0x00000000813d4a00, 0x0000000081300000| Untracked 
|  20|0x0000000081400000, 0x0000000081400000, 0x0000000081500000|  0%| F|  |TAMS 0x0000000081400000, 0x0000000081400000| Untracked 
|  21|0x0000000081500000, 0x0000000081500000, 0x0000000081600000|  0%| F|  |TAMS 0x0000000081500000, 0x0000000081500000| Untracked 
|  22|0x0000000081600000, 0x0000000081600000, 0x0000000081700000|  0%| F|  |TAMS 0x0000000081600000, 0x0000000081600000| Untracked 
|  23|0x0000000081700000, 0x0000000081700000, 0x0000000081800000|  0%| F|  |TAMS 0x0000000081700000, 0x0000000081700000| Untracked 
|  24|0x0000000081800000, 0x0000000081800000, 0x0000000081900000|  0%| F|  |TAMS 0x0000000081800000, 0x0000000081800000| Untracked 
|  25|0x0000000081900000, 0x0000000081900000, 0x0000000081a00000|  0%| F|  |TAMS 0x0000000081900000, 0x0000000081900000| Untracked 
|  26|0x0000000081a00000, 0x0000000081a00000, 0x0000000081b00000|  0%| F|  |TAMS 0x0000000081a00000, 0x0000000081a00000| Untracked 
|  27|0x0000000081b00000, 0x0000000081b00000, 0x0000000081c00000|  0%| F|  |TAMS 0x0000000081b00000, 0x0000000081b00000| Untracked 
|  28|0x0000000081c00000, 0x0000000081c00000, 0x0000000081d00000|  0%| F|  |TAMS 0x0000000081c00000, 0x0000000081c00000| Untracked 
|  29|0x0000000081d00000, 0x0000000081d00000, 0x0000000081e00000|  0%| F|  |TAMS 0x0000000081d00000, 0x0000000081d00000| Untracked 
|  30|0x0000000081e00000, 0x0000000081e00000, 0x0000000081f00000|  0%| F|  |TAMS 0x0000000081e00000, 0x0000000081e00000| Untracked 
|  31|0x0000000081f00000, 0x0000000081f00000, 0x0000000082000000|  0%| F|  |TAMS 0x0000000081f00000, 0x0000000081f00000| Untracked 
|  32|0x0000000082000000, 0x0000000082000000, 0x0000000082100000|  0%| F|  |TAMS 0x0000000082000000, 0x0000000082000000| Untracked 
|  33|0x0000000082100000, 0x0000000082100000, 0x0000000082200000|  0%| F|  |TAMS 0x0000000082100000, 0x0000000082100000| Untracked 
|  34|0x0000000082200000, 0x0000000082200000, 0x0000000082300000|  0%| F|  |TAMS 0x0000000082200000, 0x0000000082200000| Untracked 
|  35|0x0000000082300000, 0x0000000082300000, 0x0000000082400000|  0%| F|  |TAMS 0x0000000082300000, 0x0000000082300000| Untracked 
|  36|0x0000000082400000, 0x0000000082400000, 0x0000000082500000|  0%| F|  |TAMS 0x0000000082400000, 0x0000000082400000| Untracked 
|  37|0x0000000082500000, 0x0000000082500000, 0x0000000082600000|  0%| F|  |TAMS 0x0000000082500000, 0x0000000082500000| Untracked 
|  38|0x0000000082600000, 0x0000000082600000, 0x0000000082700000|  0%| F|  |TAMS 0x0000000082600000, 0x0000000082600000| Untracked 
|  39|0x0000000082700000, 0x0000000082700000, 0x0000000082800000|  0%| F|  |TAMS 0x0000000082700000, 0x0000000082700000| Untracked 
|  40|0x0000000082800000, 0x0000000082800000, 0x0000000082900000|  0%| F|  |TAMS 0x0000000082800000, 0x0000000082800000| Untracked 
|  41|0x0000000082900000, 0x0000000082900000, 0x0000000082a00000|  0%| F|  |TAMS 0x0000000082900000, 0x0000000082900000| Untracked 
|  42|0x0000000082a00000, 0x0000000082a00000, 0x0000000082b00000|  0%| F|  |TAMS 0x0000000082a00000, 0x0000000082a00000| Untracked 
|  43|0x0000000082b00000, 0x0000000082b00000, 0x0000000082c00000|  0%| F|  |TAMS 0x0000000082b00000, 0x0000000082b00000| Untracked 
|  44|0x0000000082c00000, 0x0000000082c00000, 0x0000000082d00000|  0%| F|  |TAMS 0x0000000082c00000, 0x0000000082c00000| Untracked 
|  45|0x0000000082d00000, 0x0000000082d00000, 0x0000000082e00000|  0%| F|  |TAMS 0x0000000082d00000, 0x0000000082d00000| Untracked 
|  46|0x0000000082e00000, 0x0000000082e00000, 0x0000000082f00000|  0%| F|  |TAMS 0x0000000082e00000, 0x0000000082e00000| Untracked 
|  47|0x0000000082f00000, 0x0000000082f00000, 0x0000000083000000|  0%| F|  |TAMS 0x0000000082f00000, 0x0000000082f00000| Untracked 
|  48|0x0000000083000000, 0x0000000083000000, 0x0000000083100000|  0%| F|  |TAMS 0x0000000083000000, 0x0000000083000000| Untracked 
|  49|0x0000000083100000, 0x0000000083100000, 0x0000000083200000|  0%| F|  |TAMS 0x0000000083100000, 0x0000000083100000| Untracked 
|  50|0x0000000083200000, 0x0000000083200000, 0x0000000083300000|  0%| F|  |TAMS 0x0000000083200000, 0x0000000083200000| Untracked 
|  51|0x0000000083300000, 0x0000000083300000, 0x0000000083400000|  0%| F|  |TAMS 0x0000000083300000, 0x0000000083300000| Untracked 
|  52|0x0000000083400000, 0x0000000083400000, 0x0000000083500000|  0%| F|  |TAMS 0x0000000083400000, 0x0000000083400000| Untracked 
|  53|0x0000000083500000, 0x0000000083500000, 0x0000000083600000|  0%| F|  |TAMS 0x0000000083500000, 0x0000000083500000| Untracked 
|  54|0x0000000083600000, 0x0000000083600000, 0x0000000083700000|  0%| F|  |TAMS 0x0000000083600000, 0x0000000083600000| Untracked 
|  55|0x0000000083700000, 0x0000000083700000, 0x0000000083800000|  0%| F|  |TAMS 0x0000000083700000, 0x0000000083700000| Untracked 
|  56|0x0000000083800000, 0x0000000083800000, 0x0000000083900000|  0%| F|  |TAMS 0x0000000083800000, 0x0000000083800000| Untracked 
|  57|0x0000000083900000, 0x0000000083900000, 0x0000000083a00000|  0%| F|  |TAMS 0x0000000083900000, 0x0000000083900000| Untracked 
|  58|0x0000000083a00000, 0x0000000083a00000, 0x0000000083b00000|  0%| F|  |TAMS 0x0000000083a00000, 0x0000000083a00000| Untracked 
|  59|0x0000000083b00000, 0x0000000083b00000, 0x0000000083c00000|  0%| F|  |TAMS 0x0000000083b00000, 0x0000000083b00000| Untracked 
|  60|0x0000000083c00000, 0x0000000083c00000, 0x0000000083d00000|  0%| F|  |TAMS 0x0000000083c00000, 0x0000000083c00000| Untracked 
|  61|0x0000000083d00000, 0x0000000083d00000, 0x0000000083e00000|  0%| F|  |TAMS 0x0000000083d00000, 0x0000000083d00000| Untracked 
|  62|0x0000000083e00000, 0x0000000083e00000, 0x0000000083f00000|  0%| F|  |TAMS 0x0000000083e00000, 0x0000000083e00000| Untracked 
|  63|0x0000000083f00000, 0x0000000083f00000, 0x0000000084000000|  0%| F|  |TAMS 0x0000000083f00000, 0x0000000083f00000| Untracked 
|  64|0x0000000084000000, 0x0000000084000000, 0x0000000084100000|  0%| F|  |TAMS 0x0000000084000000, 0x0000000084000000| Untracked 
|  65|0x0000000084100000, 0x0000000084100000, 0x0000000084200000|  0%| F|  |TAMS 0x0000000084100000, 0x0000000084100000| Untracked 
|  66|0x0000000084200000, 0x0000000084200000, 0x0000000084300000|  0%| F|  |TAMS 0x0000000084200000, 0x0000000084200000| Untracked 
|  67|0x0000000084300000, 0x0000000084300000, 0x0000000084400000|  0%| F|  |TAMS 0x0000000084300000, 0x0000000084300000| Untracked 
|  68|0x0000000084400000, 0x0000000084400000, 0x0000000084500000|  0%| F|  |TAMS 0x0000000084400000, 0x0000000084400000| Untracked 
|  69|0x0000000084500000, 0x0000000084500000, 0x0000000084600000|  0%| F|  |TAMS 0x0000000084500000, 0x0000000084500000| Untracked 
|  70|0x0000000084600000, 0x0000000084600000, 0x0000000084700000|  0%| F|  |TAMS 0x0000000084600000, 0x0000000084600000| Untracked 
|  71|0x0000000084700000, 0x0000000084740388, 0x0000000084800000| 25%| E|  |TAMS 0x0000000084700000, 0x0000000084700000| Complete 
|  72|0x0000000084800000, 0x0000000084900000, 0x0000000084900000|100%| E|CS|TAMS 0x0000000084800000, 0x0000000084800000| Complete 
|  73|0x0000000084900000, 0x0000000084a00000, 0x0000000084a00000|100%| E|CS|TAMS 0x0000000084900000, 0x0000000084900000| Complete 
|  74|0x0000000084a00000, 0x0000000084b00000, 0x0000000084b00000|100%| E|CS|TAMS 0x0000000084a00000, 0x0000000084a00000| Complete 
|  75|0x0000000084b00000, 0x0000000084c00000, 0x0000000084c00000|100%| E|CS|TAMS 0x0000000084b00000, 0x0000000084b00000| Complete 
| 104|0x0000000086800000, 0x0000000086841318, 0x0000000086900000| 25%| S|CS|TAMS 0x0000000086800000, 0x0000000086800000| Complete 
| 105|0x0000000086900000, 0x0000000086a00000, 0x0000000086a00000|100%| S|CS|TAMS 0x0000000086900000, 0x0000000086900000| Complete 
| 106|0x0000000086a00000, 0x0000000086b00000, 0x0000000086b00000|100%| S|CS|TAMS 0x0000000086a00000, 0x0000000086a00000| Complete 
| 153|0x0000000089900000, 0x0000000089a00000, 0x0000000089a00000|100%| E|CS|TAMS 0x0000000089900000, 0x0000000089900000| Complete 

Card table byte_map: [0x000002025d000000,0x000002025d400000] _byte_map_base: 0x000002025cc00000

Marking Bits (Prev, Next): (CMBitMap*) 0x000002024672aa10, (CMBitMap*) 0x000002024672aa50
 Prev Bits: [0x000002025d800000, 0x000002025f800000)
 Next Bits: [0x000002025f800000, 0x0000020261800000)

Polling page: 0x0000020244590000

Metaspace:

Usage:
  Non-class:     31.41 MB used.
      Class:      4.26 MB used.
       Both:     35.66 MB used.

Virtual space:
  Non-class space:       64.00 MB reserved,      31.62 MB ( 49%) committed,  1 nodes.
      Class space:        1.00 GB reserved,       4.44 MB ( <1%) committed,  1 nodes.
             Both:        1.06 GB reserved,      36.06 MB (  3%) committed. 

Chunk freelists:
   Non-Class:  160.00 KB
       Class:  3.52 MB
        Both:  3.67 MB

MaxMetaspaceSize: unlimited
CompressedClassSpaceSize: 1.00 GB
Initial GC threshold: 21.00 MB
Current GC threshold: 58.69 MB
CDS: on
MetaspaceReclaimPolicy: balanced
 - commit_granule_bytes: 65536.
 - commit_granule_words: 8192.
 - virtual_space_node_default_size: 8388608.
 - enlarge_chunks_in_place: 1.
 - new_chunks_are_fully_committed: 0.
 - uncommit_free_chunks: 1.
 - use_allocation_guard: 0.


Internal statistics:

num_allocs_failed_limit: 6.
num_arena_births: 468.
num_arena_deaths: 0.
num_vsnodes_births: 2.
num_vsnodes_deaths: 0.
num_space_committed: 577.
num_space_uncommitted: 0.
num_chunks_returned_to_freelist: 6.
num_chunks_taken_from_freelist: 1677.
num_chunk_merges: 3.
num_chunk_splits: 1175.
num_chunks_enlarged: 924.
num_inconsistent_stats: 0.

CodeHeap 'non-profiled nmethods': size=120064Kb used=2113Kb max_used=2322Kb free=117950Kb
 bounds [0x0000020255ac0000, 0x0000020255d30000, 0x000002025d000000]
CodeHeap 'profiled nmethods': size=120000Kb used=9825Kb max_used=11556Kb free=110174Kb
 bounds [0x000002024e590000, 0x000002024f0e0000, 0x0000020255ac0000]
CodeHeap 'non-nmethods': size=5696Kb used=1238Kb max_used=1279Kb free=4457Kb
 bounds [0x000002024e000000, 0x000002024e270000, 0x000002024e590000]
 total_blobs=5058 nmethods=4523 adapters=445
 compilation: enabled
              stopped_count=0, restarted_count=0
 full_count=0

Compilation events (20 events):
Event: 121.440 Thread 0x0000020263c29db0 nmethod 5201 0x000002024ec52310 code [0x000002024ec52500, 0x000002024ec529b8]
Event: 121.440 Thread 0x0000020263c29db0 5202       3       java.util.concurrent.locks.ReentrantLock$Sync::lockInterruptibly (27 bytes)
Event: 121.440 Thread 0x0000020263c29db0 nmethod 5202 0x000002024ef2c210 code [0x000002024ef2c400, 0x000002024ef2c838]
Event: 125.074 Thread 0x0000020263c29db0 5203       3       java.util.concurrent.locks.AbstractQueuedSynchronizer$Node::clearStatus (12 bytes)
Event: 125.075 Thread 0x0000020263c29db0 nmethod 5203 0x000002024ef2bd90 code [0x000002024ef2bf40, 0x000002024ef2c0e8]
Event: 128.443 Thread 0x0000020263bbd310 5204       4       jdk.internal.misc.Unsafe::weakCompareAndSetInt (11 bytes)
Event: 128.444 Thread 0x0000020263bbd310 nmethod 5204 0x0000020255ca7610 code [0x0000020255ca7780, 0x0000020255ca7818]
Event: 131.497 Thread 0x0000020263c29db0 5205       1       org.apache.catalina.LifecycleState::isAvailable (5 bytes)
Event: 131.497 Thread 0x0000020263c29db0 nmethod 5205 0x0000020255c8ce90 code [0x0000020255c8d020, 0x0000020255c8d0f8]
Event: 133.442 Thread 0x0000020263c29db0 5206       3       java.util.concurrent.locks.AbstractQueuedSynchronizer$ConditionObject::signal (34 bytes)
Event: 133.443 Thread 0x0000020263c29db0 nmethod 5206 0x000002024ea71b90 code [0x000002024ea71d60, 0x000002024ea720a8]
Event: 136.487 Thread 0x0000020263c29db0 5207       3       java.util.concurrent.locks.LockSupport::setCurrentBlocker (14 bytes)
Event: 136.487 Thread 0x0000020263c29db0 nmethod 5207 0x000002024e7cdb90 code [0x000002024e7cdd40, 0x000002024e7cdf68]
Event: 137.233 Thread 0x0000020263bbd310 5208   !   4       java.lang.invoke.MemberName::getMethodType (211 bytes)
Event: 137.240 Thread 0x0000020263bbd310 nmethod 5208 0x0000020255af2210 code [0x0000020255af23c0, 0x0000020255af28a8]
Event: 137.287 Thread 0x0000020263bbd310 5209       4       sun.net.www.protocol.file.Handler::parseURL (18 bytes)
Event: 137.310 Thread 0x0000020263bbd310 nmethod 5209 0x0000020255af1690 code [0x0000020255af1840, 0x0000020255af1e08]
Event: 137.341 Thread 0x0000020263c29db0 5210       3       java.util.concurrent.locks.LockSupport::parkNanos (29 bytes)
Event: 137.342 Thread 0x0000020263c29db0 nmethod 5210 0x000002024e7cd690 code [0x000002024e7cd860, 0x000002024e7cda68]
Event: 137.354 Thread 0x0000020263bbd310 5211       4       sun.net.util.URLUtil::urlNoFragString (114 bytes)

GC Heap History (20 events):
Event: 4.975 GC heap before
{Heap before GC invocations=4 (full 0):
 garbage-first heap   total 131072K, used 25945K [0x0000000080000000, 0x0000000100000000)
  region size 1024K, 23 young (23552K), 5 survivors (5120K)
 Metaspace       used 21191K, committed 21504K, reserved 1114112K
  class space    used 2582K, committed 2752K, reserved 1048576K
}
Event: 4.996 GC heap after
{Heap after GC invocations=5 (full 0):
 garbage-first heap   total 157696K, used 10280K [0x0000000080000000, 0x0000000100000000)
  region size 1024K, 7 young (7168K), 7 survivors (7168K)
 Metaspace       used 21191K, committed 21504K, reserved 1114112K
  class space    used 2582K, committed 2752K, reserved 1048576K
}
Event: 5.841 GC heap before
{Heap before GC invocations=6 (full 0):
 garbage-first heap   total 40960K, used 27688K [0x0000000080000000, 0x0000000100000000)
  region size 1024K, 24 young (24576K), 7 survivors (7168K)
 Metaspace       used 21914K, committed 22208K, reserved 1114112K
  class space    used 2661K, committed 2816K, reserved 1048576K
}
Event: 5.870 GC heap after
{Heap after GC invocations=7 (full 0):
 garbage-first heap   total 40960K, used 11993K [0x0000000080000000, 0x0000000100000000)
  region size 1024K, 2 young (2048K), 2 survivors (2048K)
 Metaspace       used 21914K, committed 22208K, reserved 1114112K
  class space    used 2661K, committed 2816K, reserved 1048576K
}
Event: 5.919 GC heap before
{Heap before GC invocations=7 (full 0):
 garbage-first heap   total 40960K, used 13017K [0x0000000080000000, 0x0000000100000000)
  region size 1024K, 3 young (3072K), 2 survivors (2048K)
 Metaspace       used 21970K, committed 22272K, reserved 1114112K
  class space    used 2668K, committed 2816K, reserved 1048576K
}
Event: 5.931 GC heap after
{Heap after GC invocations=8 (full 0):
 garbage-first heap   total 40960K, used 12643K [0x0000000080000000, 0x0000000100000000)
  region size 1024K, 1 young (1024K), 1 survivors (1024K)
 Metaspace       used 21970K, committed 22272K, reserved 1114112K
  class space    used 2668K, committed 2816K, reserved 1048576K
}
Event: 6.783 GC heap before
{Heap before GC invocations=8 (full 0):
 garbage-first heap   total 40960K, used 28003K [0x0000000080000000, 0x0000000100000000)
  region size 1024K, 17 young (17408K), 1 survivors (1024K)
 Metaspace       used 23851K, committed 24192K, reserved 1114112K
  class space    used 2908K, committed 3072K, reserved 1048576K
}
Event: 6.793 GC heap after
{Heap after GC invocations=9 (full 0):
 garbage-first heap   total 40960K, used 13588K [0x0000000080000000, 0x0000000100000000)
  region size 1024K, 2 young (2048K), 2 survivors (2048K)
 Metaspace       used 23851K, committed 24192K, reserved 1114112K
  class space    used 2908K, committed 3072K, reserved 1048576K
}
Event: 7.596 GC heap before
{Heap before GC invocations=9 (full 0):
 garbage-first heap   total 40960K, used 29972K [0x0000000080000000, 0x0000000100000000)
  region size 1024K, 18 young (18432K), 2 survivors (2048K)
 Metaspace       used 27291K, committed 27584K, reserved 1114112K
  class space    used 3303K, committed 3456K, reserved 1048576K
}
Event: 7.608 GC heap after
{Heap after GC invocations=10 (full 0):
 garbage-first heap   total 40960K, used 14895K [0x0000000080000000, 0x0000000100000000)
  region size 1024K, 3 young (3072K), 3 survivors (3072K)
 Metaspace       used 27291K, committed 27584K, reserved 1114112K
  class space    used 3303K, committed 3456K, reserved 1048576K
}
Event: 8.486 GC heap before
{Heap before GC invocations=10 (full 0):
 garbage-first heap   total 40960K, used 31279K [0x0000000080000000, 0x0000000100000000)
  region size 1024K, 19 young (19456K), 3 survivors (3072K)
 Metaspace       used 28713K, committed 29056K, reserved 1114112K
  class space    used 3472K, committed 3648K, reserved 1048576K
}
Event: 8.507 GC heap after
{Heap after GC invocations=11 (full 0):
 garbage-first heap   total 71680K, used 16242K [0x0000000080000000, 0x0000000100000000)
  region size 1024K, 3 young (3072K), 3 survivors (3072K)
 Metaspace       used 28713K, committed 29056K, reserved 1114112K
  class space    used 3472K, committed 3648K, reserved 1048576K
}
Event: 10.196 GC heap before
{Heap before GC invocations=11 (full 0):
 garbage-first heap   total 71680K, used 54130K [0x0000000080000000, 0x0000000100000000)
  region size 1024K, 41 young (41984K), 3 survivors (3072K)
 Metaspace       used 32409K, committed 32832K, reserved 1114112K
  class space    used 3872K, committed 4096K, reserved 1048576K
}
Event: 10.218 GC heap after
{Heap after GC invocations=12 (full 0):
 garbage-first heap   total 71680K, used 18565K [0x0000000080000000, 0x0000000100000000)
  region size 1024K, 5 young (5120K), 5 survivors (5120K)
 Metaspace       used 32409K, committed 32832K, reserved 1114112K
  class space    used 3872K, committed 4096K, reserved 1048576K
}
Event: 11.378 GC heap before
{Heap before GC invocations=12 (full 0):
 garbage-first heap   total 71680K, used 55429K [0x0000000080000000, 0x0000000100000000)
  region size 1024K, 41 young (41984K), 5 survivors (5120K)
 Metaspace       used 33783K, committed 34112K, reserved 1114112K
  class space    used 4049K, committed 4224K, reserved 1048576K
}
Event: 11.406 GC heap after
{Heap after GC invocations=13 (full 0):
 garbage-first heap   total 71680K, used 20863K [0x0000000080000000, 0x0000000100000000)
  region size 1024K, 5 young (5120K), 5 survivors (5120K)
 Metaspace       used 33783K, committed 34112K, reserved 1114112K
  class space    used 4049K, committed 4224K, reserved 1048576K
}
Event: 12.599 GC heap before
{Heap before GC invocations=13 (full 0):
 garbage-first heap   total 71680K, used 55679K [0x0000000080000000, 0x0000000100000000)
  region size 1024K, 39 young (39936K), 5 survivors (5120K)
 Metaspace       used 35300K, committed 35648K, reserved 1114112K
  class space    used 4235K, committed 4416K, reserved 1048576K
}
Event: 12.626 GC heap after
{Heap after GC invocations=14 (full 0):
 garbage-first heap   total 71680K, used 22291K [0x0000000080000000, 0x0000000100000000)
  region size 1024K, 2 young (2048K), 2 survivors (2048K)
 Metaspace       used 35300K, committed 35648K, reserved 1114112K
  class space    used 4235K, committed 4416K, reserved 1048576K
}
Event: 12.836 GC heap before
{Heap before GC invocations=14 (full 0):
 garbage-first heap   total 71680K, used 25363K [0x0000000080000000, 0x0000000100000000)
  region size 1024K, 6 young (6144K), 2 survivors (2048K)
 Metaspace       used 35616K, committed 35968K, reserved 1114112K
  class space    used 4260K, committed 4416K, reserved 1048576K
}
Event: 12.847 GC heap after
{Heap after GC invocations=15 (full 0):
 garbage-first heap   total 86016K, used 22615K [0x0000000080000000, 0x0000000100000000)
  region size 1024K, 3 young (3072K), 3 survivors (3072K)
 Metaspace       used 35616K, committed 35968K, reserved 1114112K
  class space    used 4260K, committed 4416K, reserved 1048576K
}

Deoptimization events (20 events):
Event: 12.530 Thread 0x00000202466c9370 DEOPT PACKING pc=0x000002024f0b6733 sp=0x0000007dddefc310
Event: 12.530 Thread 0x00000202466c9370 DEOPT UNPACKING pc=0x000002024e052b43 sp=0x0000007dddefb810 mode 0
Event: 12.647 Thread 0x00000202466c9370 DEOPT PACKING pc=0x000002024f0b6733 sp=0x0000007dddefd5a0
Event: 12.647 Thread 0x00000202466c9370 DEOPT UNPACKING pc=0x000002024e052b43 sp=0x0000007dddefcaa0 mode 0
Event: 12.696 Thread 0x00000202466c9370 DEOPT PACKING pc=0x000002024f0b6733 sp=0x0000007dddefd3d0
Event: 12.697 Thread 0x00000202466c9370 DEOPT UNPACKING pc=0x000002024e052b43 sp=0x0000007dddefc8d0 mode 0
Event: 12.789 Thread 0x00000202466c9370 Uncommon trap: trap_request=0xffffffde fr.pc=0x0000020255acb7a4 relative=0x00000000000001a4
Event: 12.789 Thread 0x00000202466c9370 Uncommon trap: reason=class_check action=maybe_recompile pc=0x0000020255acb7a4 method=java.lang.String.equals(Ljava/lang/Object;)Z @ 8 c2
Event: 12.789 Thread 0x00000202466c9370 DEOPT PACKING pc=0x0000020255acb7a4 sp=0x0000007dddefeeb0
Event: 12.789 Thread 0x00000202466c9370 DEOPT UNPACKING pc=0x000002024e0523a3 sp=0x0000007dddefee58 mode 2
Event: 12.790 Thread 0x00000202466c9370 Uncommon trap: trap_request=0xffffffde fr.pc=0x0000020255acb7a4 relative=0x00000000000001a4
Event: 12.790 Thread 0x00000202466c9370 Uncommon trap: reason=class_check action=maybe_recompile pc=0x0000020255acb7a4 method=java.lang.String.equals(Ljava/lang/Object;)Z @ 8 c2
Event: 12.790 Thread 0x00000202466c9370 DEOPT PACKING pc=0x0000020255acb7a4 sp=0x0000007dddefeeb0
Event: 12.790 Thread 0x00000202466c9370 DEOPT UNPACKING pc=0x000002024e0523a3 sp=0x0000007dddefee58 mode 2
Event: 12.790 Thread 0x00000202466c9370 Uncommon trap: trap_request=0xffffffde fr.pc=0x0000020255acb7a4 relative=0x00000000000001a4
Event: 12.790 Thread 0x00000202466c9370 Uncommon trap: reason=class_check action=maybe_recompile pc=0x0000020255acb7a4 method=java.lang.String.equals(Ljava/lang/Object;)Z @ 8 c2
Event: 12.790 Thread 0x00000202466c9370 DEOPT PACKING pc=0x0000020255acb7a4 sp=0x0000007dddefeeb0
Event: 12.790 Thread 0x00000202466c9370 DEOPT UNPACKING pc=0x000002024e0523a3 sp=0x0000007dddefee58 mode 2
Event: 13.060 Thread 0x00000202466c9370 DEOPT PACKING pc=0x000002024ee04046 sp=0x0000007dddefeaa0
Event: 13.060 Thread 0x00000202466c9370 DEOPT UNPACKING pc=0x000002024e052b43 sp=0x0000007dddefdf78 mode 0

Classes loaded (20 events):
Event: 137.256 Loading class java/util/concurrent/LinkedBlockingDeque
Event: 137.257 Loading class java/util/concurrent/BlockingDeque
Event: 137.257 Loading class java/util/concurrent/BlockingDeque done
Event: 137.257 Loading class java/util/concurrent/LinkedBlockingDeque done
Event: 137.258 Loading class java/util/concurrent/Semaphore
Event: 137.258 Loading class java/util/concurrent/Semaphore done
Event: 137.258 Loading class java/util/concurrent/Semaphore$NonfairSync
Event: 137.258 Loading class java/util/concurrent/Semaphore$Sync
Event: 137.258 Loading class java/util/concurrent/Semaphore$Sync done
Event: 137.258 Loading class java/util/concurrent/Semaphore$NonfairSync done
Event: 137.271 Loading class sun/nio/ch/SelectionKeyImpl
Event: 137.272 Loading class java/nio/channels/spi/AbstractSelectionKey
Event: 137.272 Loading class java/nio/channels/SelectionKey
Event: 137.272 Loading class java/nio/channels/SelectionKey done
Event: 137.272 Loading class java/nio/channels/spi/AbstractSelectionKey done
Event: 137.272 Loading class sun/nio/ch/SelectionKeyImpl done
Event: 137.273 Loading class java/lang/invoke/ConstantBootstraps
Event: 137.273 Loading class java/lang/invoke/ConstantBootstraps done
Event: 137.325 Loading class java/util/concurrent/CopyOnWriteArraySet
Event: 137.326 Loading class java/util/concurrent/CopyOnWriteArraySet done

Classes unloaded (0 events):
No events

Classes redefined (0 events):
No events

Internal exceptions (20 events):
Event: 12.889 Thread 0x00000202466c9370 Exception <a 'java/lang/ClassNotFoundException'{0x0000000089922c50}: org/springframework/beans/factory/config/BeanFactoryPostProcessorCustomizer> (0x0000000089922c50) 
thrown [s\open\src\hotspot\share\classfile\systemDictionary.cpp, line 255]
Event: 12.891 Thread 0x00000202466c9370 Exception <a 'java/lang/ClassNotFoundException'{0x0000000089926158}: org/springframework/beans/factory/support/BeanDefinitionRegistryPostProcessorCustomizer> (0x0000000089926158) 
thrown [s\open\src\hotspot\share\classfile\systemDictionary.cpp, line 255]
Event: 12.891 Thread 0x00000202466c9370 Exception <a 'java/lang/ClassNotFoundException'{0x0000000089929568}: org/springframework/beans/factory/config/BeanFactoryPostProcessorCustomizer> (0x0000000089929568) 
thrown [s\open\src\hotspot\share\classfile\systemDictionary.cpp, line 255]
Event: 12.891 Thread 0x00000202466c9370 Exception <a 'java/lang/ClassNotFoundException'{0x000000008992c738}: org/springframework/beans/factory/DisposableBeanCustomizer> (0x000000008992c738) 
thrown [s\open\src\hotspot\share\classfile\systemDictionary.cpp, line 255]
Event: 12.898 Thread 0x00000202466c9370 Exception <a 'java/lang/ClassNotFoundException'{0x0000000089940380}: java/lang/ObjectCustomizer> (0x0000000089940380) 
thrown [s\open\src\hotspot\share\classfile\systemDictionary.cpp, line 255]
Event: 12.899 Thread 0x00000202466c9370 Exception <a 'java/lang/ClassNotFoundException'{0x0000000089945d20}: org/springframework/cloud/context/scope/GenericScopeCustomizer> (0x0000000089945d20) 
thrown [s\open\src\hotspot\share\classfile\systemDictionary.cpp, line 255]
Event: 12.900 Thread 0x00000202466c9370 Exception <a 'java/lang/ClassNotFoundException'{0x0000000089953a88}: org/springframework/beans/factory/config/ScopeCustomizer> (0x0000000089953a88) 
thrown [s\open\src\hotspot\share\classfile\systemDictionary.cpp, line 255]
Event: 12.901 Thread 0x00000202466c9370 Exception <a 'java/lang/ClassNotFoundException'{0x00000000899587b0}: org/springframework/beans/factory/config/BeanFactoryPostProcessorCustomizer> (0x00000000899587b0) 
thrown [s\open\src\hotspot\share\classfile\systemDictionary.cpp, line 255]
Event: 12.901 Thread 0x00000202466c9370 Exception <a 'java/lang/ClassNotFoundException'{0x000000008995bcb8}: org/springframework/beans/factory/support/BeanDefinitionRegistryPostProcessorCustomizer> (0x000000008995bcb8) 
thrown [s\open\src\hotspot\share\classfile\systemDictionary.cpp, line 255]
Event: 12.902 Thread 0x00000202466c9370 Exception <a 'java/lang/ClassNotFoundException'{0x000000008995f0c8}: org/springframework/beans/factory/config/BeanFactoryPostProcessorCustomizer> (0x000000008995f0c8) 
thrown [s\open\src\hotspot\share\classfile\systemDictionary.cpp, line 255]
Event: 12.902 Thread 0x00000202466c9370 Exception <a 'java/lang/ClassNotFoundException'{0x0000000089962258}: org/springframework/beans/factory/DisposableBeanCustomizer> (0x0000000089962258) 
thrown [s\open\src\hotspot\share\classfile\systemDictionary.cpp, line 255]
Event: 12.923 Thread 0x00000202466c9370 Exception <a 'java/lang/ClassNotFoundException'{0x00000000899753e0}: java/lang/ObjectCustomizer> (0x00000000899753e0) 
thrown [s\open\src\hotspot\share\classfile\systemDictionary.cpp, line 255]
Event: 12.931 Thread 0x00000202466c9370 Exception <a 'java/lang/ClassNotFoundException'{0x000000008997b050}: org/springframework/cloud/context/properties/ConfigurationPropertiesRebinderCustomizer> (0x000000008997b050) 
thrown [s\open\src\hotspot\share\classfile\systemDictionary.cpp, line 255]
Event: 12.944 Thread 0x00000202466c9370 Exception <a 'java/lang/ClassNotFoundException'{0x00000000899889d0}: org/springframework/context/ApplicationContextAwareCustomizer> (0x00000000899889d0) 
thrown [s\open\src\hotspot\share\classfile\systemDictionary.cpp, line 255]
Event: 12.948 Thread 0x00000202466c9370 Exception <a 'java/lang/ClassNotFoundException'{0x000000008998c398}: org/springframework/beans/factory/AwareCustomizer> (0x000000008998c398) 
thrown [s\open\src\hotspot\share\classfile\systemDictionary.cpp, line 255]
Event: 12.948 Thread 0x00000202466c9370 Exception <a 'java/lang/ClassNotFoundException'{0x000000008998e908}: org/springframework/context/ApplicationListenerCustomizer> (0x000000008998e908) 
thrown [s\open\src\hotspot\share\classfile\systemDictionary.cpp, line 255]
Event: 12.948 Thread 0x00000202466c9370 Exception <a 'java/lang/ClassNotFoundException'{0x0000000089990010}: java/util/EventListenerCustomizer> (0x0000000089990010) 
thrown [s\open\src\hotspot\share\classfile\systemDictionary.cpp, line 255]
Event: 12.952 Thread 0x00000202466c9370 Exception <a 'java/lang/ClassNotFoundException'{0x0000000089995af0}: java/lang/ObjectCustomizer> (0x0000000089995af0) 
thrown [s\open\src\hotspot\share\classfile\systemDictionary.cpp, line 255]
Event: 12.954 Thread 0x00000202466c9370 Exception <a 'java/lang/ClassNotFoundException'{0x000000008999b560}: org/springframework/jmx/export/metadata/AbstractJmxAttributeCustomizer> (0x000000008999b560) 
thrown [s\open\src\hotspot\share\classfile\systemDictionary.cpp, line 255]
Event: 12.955 Thread 0x00000202466c9370 Exception <a 'java/lang/ClassNotFoundException'{0x00000000899a0da8}: org/springframework/jmx/export/metadata/ManagedAttributeCustomizer> (0x00000000899a0da8) 
thrown [s\open\src\hotspot\share\classfile\systemDictionary.cpp, line 255]

VM Operations (20 events):
Event: 11.829 Executing VM operation: HandshakeAllThreads done
Event: 11.848 Executing VM operation: HandshakeAllThreads
Event: 11.849 Executing VM operation: HandshakeAllThreads done
Event: 11.864 Executing VM operation: HandshakeAllThreads
Event: 11.864 Executing VM operation: HandshakeAllThreads done
Event: 12.239 Executing VM operation: ICBufferFull
Event: 12.240 Executing VM operation: ICBufferFull done
Event: 12.598 Executing VM operation: G1CollectForAllocation
Event: 12.629 Executing VM operation: G1CollectForAllocation done
Event: 12.802 Executing VM operation: HandshakeAllThreads
Event: 12.802 Executing VM operation: HandshakeAllThreads done
Event: 12.836 Executing VM operation: CollectForMetadataAllocation
Event: 12.867 Executing VM operation: CollectForMetadataAllocation done
Event: 12.932 Executing VM operation: G1Concurrent
Event: 12.942 Executing VM operation: G1Concurrent done
Event: 12.981 Executing VM operation: G1Concurrent
Event: 12.981 Executing VM operation: G1Concurrent done
Event: 13.992 Executing VM operation: Cleanup
Event: 13.992 Executing VM operation: Cleanup done
Event: 137.430 Executing VM operation: Cleanup

Events (20 events):
Event: 11.874 Thread 0x0000020263c2fb70 flushing nmethod 0x000002024f01c590
Event: 11.875 Thread 0x0000020263c2fb70 flushing nmethod 0x000002024f062510
Event: 11.875 Thread 0x0000020263c2fb70 flushing nmethod 0x000002024f09cb90
Event: 11.875 Thread 0x0000020263c2fb70 flushing nmethod 0x000002024f0b8110
Event: 12.334 Thread 0x0000020268ed8860 Thread added: 0x0000020268ed8860
Event: 13.274 Thread 0x0000020268762ba0 Thread added: 0x0000020268762ba0
Event: 13.277 Thread 0x00000202684aef10 Thread added: 0x00000202684aef10
Event: 13.277 Thread 0x00000202685f7b10 Thread added: 0x00000202685f7b10
Event: 13.277 Thread 0x0000020269f78060 Thread added: 0x0000020269f78060
Event: 13.278 Thread 0x0000020269f78530 Thread added: 0x0000020269f78530
Event: 13.278 Thread 0x0000020269f78a00 Thread added: 0x0000020269f78a00
Event: 13.278 Thread 0x0000020269f78ed0 Thread added: 0x0000020269f78ed0
Event: 13.279 Thread 0x0000020269f79870 Thread added: 0x0000020269f79870
Event: 13.279 Thread 0x0000020269f793a0 Thread added: 0x0000020269f793a0
Event: 13.279 Thread 0x000002026a4c5830 Thread added: 0x000002026a4c5830
Event: 13.279 Thread 0x000002026a4c5360 Thread added: 0x000002026a4c5360
Event: 13.284 Thread 0x000002026a4c2340 Thread added: 0x000002026a4c2340
Event: 13.286 Thread 0x000002026a4c79e0 Thread added: 0x000002026a4c79e0
Event: 13.390 Thread 0x00000202466c9370 Thread exited: 0x00000202466c9370
Event: 13.390 Thread 0x000002026a4c8850 Thread added: 0x000002026a4c8850


Dynamic libraries:
0x00007ff7c5920000 - 0x00007ff7c592e000 	C:\Users\sfjbs\.jdks\openjdk-18.0.2.1\bin\java.exe
0x00007ffb31d90000 - 0x00007ffb31f88000 	C:\Windows\SYSTEM32\ntdll.dll
0x00007ffb30260000 - 0x00007ffb3031d000 	C:\Windows\System32\KERNEL32.DLL
0x00007ffb2f610000 - 0x00007ffb2f8de000 	C:\Windows\System32\KERNELBASE.dll
0x00007ffb2f4b0000 - 0x00007ffb2f5b0000 	C:\Windows\System32\ucrtbase.dll
0x00007ffb1fcd0000 - 0x00007ffb1fce7000 	C:\Users\sfjbs\.jdks\openjdk-18.0.2.1\bin\jli.dll
0x00007ffb303d0000 - 0x00007ffb30570000 	C:\Windows\System32\USER32.dll
0x00007ffb2f5e0000 - 0x00007ffb2f602000 	C:\Windows\System32\win32u.dll
0x00007ffb30570000 - 0x00007ffb3059a000 	C:\Windows\System32\GDI32.dll
0x00007ffb2f8e0000 - 0x00007ffb2f9eb000 	C:\Windows\System32\gdi32full.dll
0x00007ffb2fbf0000 - 0x00007ffb2fc8d000 	C:\Windows\System32\msvcp_win.dll
0x00007ffb1fbf0000 - 0x00007ffb1fc0a000 	C:\Users\sfjbs\.jdks\openjdk-18.0.2.1\bin\VCRUNTIME140.dll
0x00007ffb1a620000 - 0x00007ffb1a8ba000 	C:\Windows\WinSxS\amd64_microsoft.windows.common-controls_6595b64144ccf1df_6.0.19041.1110_none_60b5254171f9507e\COMCTL32.dll
0x00007ffb30330000 - 0x00007ffb303ce000 	C:\Windows\System32\msvcrt.dll
0x00007ffb31210000 - 0x00007ffb31240000 	C:\Windows\System32\IMM32.DLL
0x00007ffb1a980000 - 0x00007ffb1a98c000 	C:\Users\sfjbs\.jdks\openjdk-18.0.2.1\bin\vcruntime140_1.dll
0x00007ffb0ee70000 - 0x00007ffb0eefd000 	C:\Users\sfjbs\.jdks\openjdk-18.0.2.1\bin\msvcp140.dll
0x00007ffadd3a0000 - 0x00007ffaddfb1000 	C:\Users\sfjbs\.jdks\openjdk-18.0.2.1\bin\server\jvm.dll
0x00007ffb301b0000 - 0x00007ffb3025e000 	C:\Windows\System32\ADVAPI32.dll
0x00007ffb316b0000 - 0x00007ffb3174c000 	C:\Windows\System32\sechost.dll
0x00007ffb30de0000 - 0x00007ffb30f05000 	C:\Windows\System32\RPCRT4.dll
0x00007ffb31750000 - 0x00007ffb31758000 	C:\Windows\System32\PSAPI.DLL
0x00007ffb1c550000 - 0x00007ffb1c559000 	C:\Windows\SYSTEM32\WSOCK32.dll
0x00007ffb1b850000 - 0x00007ffb1b877000 	C:\Windows\SYSTEM32\WINMM.dll
0x00007ffb311a0000 - 0x00007ffb3120b000 	C:\Windows\System32\WS2_32.dll
0x00007ffb27800000 - 0x00007ffb2780a000 	C:\Windows\SYSTEM32\VERSION.dll
0x00007ffb2d2b0000 - 0x00007ffb2d2c2000 	C:\Windows\SYSTEM32\kernel.appcore.dll
0x00007ffb1a970000 - 0x00007ffb1a97a000 	C:\Users\sfjbs\.jdks\openjdk-18.0.2.1\bin\jimage.dll
0x00007ffb1d620000 - 0x00007ffb1d804000 	C:\Windows\SYSTEM32\DBGHELP.DLL
0x00007ffb1d5f0000 - 0x00007ffb1d61c000 	C:\Windows\SYSTEM32\dbgcore.DLL
0x00007ffb2fb10000 - 0x00007ffb2fb92000 	C:\Windows\System32\bcryptPrimitives.dll
0x00007ffb1a4e0000 - 0x00007ffb1a4ee000 	C:\Users\sfjbs\.jdks\openjdk-18.0.2.1\bin\instrument.dll
0x00007ffb19b10000 - 0x00007ffb19b35000 	C:\Users\sfjbs\.jdks\openjdk-18.0.2.1\bin\java.dll
0x00007ffb0ed90000 - 0x00007ffb0ee66000 	C:\Users\sfjbs\.jdks\openjdk-18.0.2.1\bin\jsvml.dll
0x00007ffb30610000 - 0x00007ffb30d54000 	C:\Windows\System32\SHELL32.dll
0x00007ffb2d590000 - 0x00007ffb2dd24000 	C:\Windows\SYSTEM32\windows.storage.dll
0x00007ffb312a0000 - 0x00007ffb315f4000 	C:\Windows\System32\combase.dll
0x00007ffb2ed60000 - 0x00007ffb2ed90000 	C:\Windows\SYSTEM32\Wldp.dll
0x00007ffb31600000 - 0x00007ffb316ad000 	C:\Windows\System32\SHCORE.dll
0x00007ffb30f10000 - 0x00007ffb30f65000 	C:\Windows\System32\shlwapi.dll
0x00007ffb2f3f0000 - 0x00007ffb2f40f000 	C:\Windows\SYSTEM32\profapi.dll
0x00007ffb19b90000 - 0x00007ffb19ba8000 	C:\Users\sfjbs\.jdks\openjdk-18.0.2.1\bin\zip.dll
0x00007ffb188e0000 - 0x00007ffb188f3000 	C:\Users\sfjbs\.jdks\openjdk-18.0.2.1\bin\net.dll
0x00007ffb27040000 - 0x00007ffb2714a000 	C:\Windows\SYSTEM32\WINHTTP.dll
0x00007ffb2eb40000 - 0x00007ffb2ebaa000 	C:\Windows\system32\mswsock.dll
0x00007ffb187c0000 - 0x00007ffb187d6000 	C:\Users\sfjbs\.jdks\openjdk-18.0.2.1\bin\nio.dll
0x00007ffb1b830000 - 0x00007ffb1b84a000 	C:\Program Files\JetBrains\IntelliJ IDEA Community Edition 2022.2.1\bin\breakgen64.dll
0x00007ffb1a270000 - 0x00007ffb1a280000 	C:\Users\sfjbs\.jdks\openjdk-18.0.2.1\bin\verify.dll
0x00007ffb2e850000 - 0x00007ffb2e88b000 	C:\Windows\SYSTEM32\IPHLPAPI.DLL
0x00007ffb30600000 - 0x00007ffb30608000 	C:\Windows\System32\NSI.dll
0x00007ffb28080000 - 0x00007ffb28097000 	C:\Windows\SYSTEM32\dhcpcsvc6.DLL
0x00007ffb28000000 - 0x00007ffb2801d000 	C:\Windows\SYSTEM32\dhcpcsvc.DLL
0x00007ffb2e890000 - 0x00007ffb2e95a000 	C:\Windows\SYSTEM32\DNSAPI.dll
0x00007ffb26530000 - 0x00007ffb2653a000 	C:\Windows\System32\rasadhlp.dll
0x00007ffb26f60000 - 0x00007ffb26fe0000 	C:\Windows\System32\fwpuclnt.dll
0x00007ffb2f5b0000 - 0x00007ffb2f5d7000 	C:\Windows\System32\bcrypt.dll
0x00007ffb19f80000 - 0x00007ffb19f89000 	C:\Users\sfjbs\.jdks\openjdk-18.0.2.1\bin\management.dll
0x00007ffb19e50000 - 0x00007ffb19e5b000 	C:\Users\sfjbs\.jdks\openjdk-18.0.2.1\bin\management_ext.dll
0x00007ffb153a0000 - 0x00007ffb153b7000 	C:\Windows\system32\napinsp.dll
0x00007ffb15380000 - 0x00007ffb1539b000 	C:\Windows\system32\pnrpnsp.dll
0x00007ffb15360000 - 0x00007ffb15375000 	C:\Windows\system32\wshbth.dll
0x00007ffb2ad00000 - 0x00007ffb2ad1d000 	C:\Windows\system32\NLAapi.dll
0x00007ffb15340000 - 0x00007ffb15352000 	C:\Windows\System32\winrnr.dll
0x00007ffb2eda0000 - 0x00007ffb2edb8000 	C:\Windows\SYSTEM32\CRYPTSP.dll
0x00007ffb2e4e0000 - 0x00007ffb2e514000 	C:\Windows\system32\rsaenh.dll
0x00007ffb2f370000 - 0x00007ffb2f39e000 	C:\Windows\SYSTEM32\USERENV.dll
0x00007ffb2ecd0000 - 0x00007ffb2ecdc000 	C:\Windows\SYSTEM32\CRYPTBASE.dll

dbghelp: loaded successfully - version: 4.0.5 - missing functions: none
symbol engine: initialized successfully - sym options: 0x614 - pdb path: .;C:\Users\sfjbs\.jdks\openjdk-18.0.2.1\bin;C:\Windows\SYSTEM32;C:\Windows\WinSxS\amd64_microsoft.windows.common-controls_6595b64144ccf1df_6.0.19041.1110_none_60b5254171f9507e;C:\Users\sfjbs\.jdks\openjdk-18.0.2.1\bin\server;C:\Program Files\JetBrains\IntelliJ IDEA Community Edition 2022.2.1\bin

VM Arguments:
jvm_args: -javaagent:C:\Program Files\JetBrains\IntelliJ IDEA Community Edition 2022.2.1\lib\idea_rt.jar=60092:C:\Program Files\JetBrains\IntelliJ IDEA Community Edition 2022.2.1\bin -Dfile.encoding=UTF-8 -Dsun.stdout.encoding=UTF-8 -Dsun.stderr.encoding=UTF-8 
java_command: com.training.Microservice2Application
java_class_path (initial): C:\Users\sfjbs\Downloads\cloud-sleuth-main\cloud-sleuth-main\microservice2\target\classes;C:\Users\sfjbs\.m2\repository\org\springframework\cloud\spring-cloud-starter-sleuth\2.1.2.RELEASE\spring-cloud-starter-sleuth-2.1.2.RELEASE.jar;C:\Users\sfjbs\.m2\repository\org\springframework\cloud\spring-cloud-starter\2.1.2.RELEASE\spring-cloud-starter-2.1.2.RELEASE.jar;C:\Users\sfjbs\.m2\repository\org\springframework\cloud\spring-cloud-context\2.1.2.RELEASE\spring-cloud-context-2.1.2.RELEASE.jar;C:\Users\sfjbs\.m2\repository\org\springframework\security\spring-security-crypto\5.1.6.RELEASE\spring-security-crypto-5.1.6.RELEASE.jar;C:\Users\sfjbs\.m2\repository\org\springframework\cloud\spring-cloud-commons\2.1.2.RELEASE\spring-cloud-commons-2.1.2.RELEASE.jar;C:\Users\sfjbs\.m2\repository\org\springframework\security\spring-security-rsa\1.0.7.RELEASE\spring-security-rsa-1.0.7.RELEASE.jar;C:\Users\sfjbs\.m2\repository\org\bouncycastle\bcpkix-jdk15on\1.60\bcpkix-jdk15on-1.60.jar;C:\Users\sfjbs\.m2\repository\org\bouncycastle\bcprov-jdk15on\1.60\bcprov-jdk15on-1.60.jar;C:\Users\sfjbs\.m2\repository\org\springframework\boot\spring-boot-starter-aop\2.1.7.RELEASE\spring-boot-starter-aop-2.1.7.RELEASE.jar;C:\Users\sfjbs\.m2\repository\org\springframework\spring-aop\5.1.9.RELEASE\spring-aop-5.1.9.RELEASE.jar;C:\Users\sfjbs\.m2\repository\org\aspectj\aspectjweaver\1.9.4\aspectjweaver-1.9.4.jar;C:\Users\sfjbs\.m2\repository\org\springframework\cloud\spring-cloud-sleuth-core\2.1.2.RELEASE\spring-cloud-sleuth-core-2.1.2.RELEASE.jar;C:\Users\sfjbs\.m2\repository\org\springframework\spring-context\5.1.9.RELEASE\spring-context-5.1.9.RELEASE.jar;C:\Users\sfjbs\.m2\repository\org\aspectj\aspectjrt\1.9.4\aspectjrt-1.9.4.jar;C:\Users\sfjbs\.m2\repository\io\zipkin\brave\brave\5.6.5\brave-5.6.5.jar;C:\Users\sfjbs\.m2\repository\io\zipkin\brave\brave-context-log4j2\5.6.5\brave-context-log4j2-5.6.5.jar;C:\Users\sfjbs\.m2\repository\io\zipkin\brave\brave-instrumentation-spring-web\5.6.5\brave-instrumentation-spring-web-5.6.5.jar;C:\Users\sfjbs\.m2\repository\io\zipkin\brave\brave-instrumentation-http\5.6.5\brave-instrumentation-http-5.6.5.jar;C:\Users\sfjbs\.m2\repository\io\zipkin\brave\brave-instrumentation-spring-rabbit\5.6.5\brave-instrumentation-spring-rabbit-5.6.5.jar;C:\Users\sfjbs\.m2\repository\io\zipkin\brave\brave-instrumentation-kafka-clients\5.6.5\brave-instrumentation-kafka-clients-5.6.5.jar;C:\Users\sfjbs\.m2\repository\io\zipkin\brave\brave-instrumentation-httpclient\5.6.5\brave-instrumentation-httpclient-5.6.5.jar;C:\Users\sfjbs\.m2\repository\io\zipkin\brave\brave-instrumentation-httpasyncclient\5.6.5\brave-instrumentation-httpasyncclient-5.6.5.jar;C:\Users\sfjbs\.m2\repository\io\zipkin\brave\brave-instrumentation-spring-webmvc\5.6.5\brave-instrumentation-spring-webmvc-5.6.5.jar;C:\Users\sfjbs\.m2\repository\io\zipkin\brave\brave-instrumentation-servlet\5.6.5\brave-instrumentation-servlet-5.6.5.jar;C:\Users\sfjbs\.m2\repository\io\zipkin\brave\brave-instrumentation-jms\5.6.5\brave-instrumentation-jms-5.6.5.jar;C:\Users\sfjbs\.m2\repository\org\springframework\boot\spring-boot-starter-web\2.1.7.RELEASE\spring-boot-starter-web-2.1.7.RELEASE.jar;C:\Users\sfjbs\.m2\repository\org\springframework\boot\spring-boot-starter\2.1.7.RELEASE\spring-boot-starter-2.1.7.RELEASE.jar;C:\Users\sfjbs\.m2\repository\org\springframework\boot\spring-boot\2.1.7.RELEASE\spring-boot-2.1.7.RELEASE.jar;C:\Users\sfjbs\.m2\repository\org\springframework\boot\spring-boot-autoconfigure\2.1.7.RELEASE\spring-boot-autoconfigure-2.1.7.RELEASE.jar;C:\Users\sfjbs\.m2\repository\org\springframework\boot\spring-boot-starter-logging\2.1.7.RELEASE\spring-boot-starter-logging-2.1.7.RELEASE.jar;C:\Users\sfjbs\.m2\repository\ch\qos\logback\logback-classic\1.2.3\logback-classic-1.2.3.jar;C:\Users\sfjbs\.m2\repository\ch\qos\logback\logback-core\1.2.3\logback-core-1.2.3.jar;C:\Users\sfjbs\.m2\repository\org\apache\logging\log4j\log4j-to-slf4j\2.11.2\log4j-to-slf4j-2.11.2.jar;C:\Users\sfjbs\.m2\repository\javax\annotation\javax.annotation-api\1.3.2\javax.annotation-api-1.3.2.jar;C:\Users\sfjbs\.m2\repository\org\springframework\spring-core\5.1.9.RELEASE\spring-core-5.1.9.RELEASE.jar;C:\Users\sfjbs\.m2\repository\org\springframework\spring-jcl\5.1.9.RELEASE\spring-jcl-5.1.9.RELEASE.jar;C:\Users\sfjbs\.m2\repository\org\yaml\snakeyaml\1.23\snakeyaml-1.23.jar;C:\Users\sfjbs\.m2\repository\org\springframework\boot\spring-boot-starter-json\2.1.7.RELEASE\spring-boot-starter-json-2.1.7.RELEASE.jar;C:\Users\sfjbs\.m2\repository\com\fasterxml\jackson\core\jackson-databind\2.9.9\jackson-databind-2.9.9.jar;C:\Users\sfjbs\.m2\repository\com\fasterxml\jackson\core\jackson-annotations\2.9.0\jackson-annotations-2.9.0.jar;C:\Users\sfjbs\.m2\repository\com\fasterxml\jackson\core\jackson-core\2.9.9\jackson-core-2.9.9.jar;C:\Users\sfjbs\.m2\repository\com\fasterxml\jackson\datatype\jackson-datatype-jdk8\2.9.9\jackson-datatype-jdk8-2.9.9.jar;C:\Users\sfjbs\.m2\repository\com\fasterxml\jackson\datatype\jackson-datatype-jsr310\2.9.9\jackson-datatype-jsr310-2.9.9.jar;C:\Users\sfjbs\.m2\repository\com\fasterxml\jackson\module\jackson-module-parameter-names\2.9.9\jackson-module-parameter-names-2.9.9.jar;C:\Users\sfjbs\.m2\repository\org\springframework\boot\spring-boot-starter-tomcat\2.1.7.RELEASE\spring-boot-starter-tomcat-2.1.7.RELEASE.jar;C:\Users\sfjbs\.m2\repository\org\apache\tomcat\embed\tomcat-embed-core\9.0.22\tomcat-embed-core-9.0.22.jar;C:\Users\sfjbs\.m2\repository\org\apache\tomcat\embed\tomcat-embed-el\9.0.22\tomcat-embed-el-9.0.22.jar;C:\Users\sfjbs\.m2\repository\org\apache\tomcat\embed\tomcat-embed-websocket\9.0.22\tomcat-embed-websocket-9.0.22.jar;C:\Users\sfjbs\.m2\repository\org\hibernate\validator\hibernate-validator\6.0.17.Final\hibernate-validator-6.0.17.Final.jar;C:\Users\sfjbs\.m2\repository\javax\validation\validation-api\2.0.1.Final\validation-api-2.0.1.Final.jar;C:\Users\sfjbs\.m2\repository\org\jboss\logging\jboss-logging\3.3.2.Final\jboss-logging-3.3.2.Final.jar;C:\Users\sfjbs\.m2\repository\com\fasterxml\classmate\1.4.0\classmate-1.4.0.jar;C:\Users\sfjbs\.m2\repository\org\springframework\spring-web\5.1.9.RELEASE\spring-web-5.1.9.RELEASE.jar;C:\Users\sfjbs\.m2\repository\org\springframework\spring-beans\5.1.9.RELEASE\spring-beans-5.1.9.RELEASE.jar;C:\Users\sfjbs\.m2\repository\org\springframework\spring-webmvc\5.1.9.RELEASE\spring-webmvc-5.1.9.RELEASE.jar;C:\Users\sfjbs\.m2\repository\org\springframework\spring-expression\5.1.9.RELEASE\spring-expression-5.1.9.RELEASE.jar;C:\Users\sfjbs\.m2\repository\org\springframework\boot\spring-boot-starter-log4j2\2.1.7.RELEASE\spring-boot-starter-log4j2-2.1.7.RELEASE.jar;C:\Users\sfjbs\.m2\repository\org\apache\logging\log4j\log4j-slf4j-impl\2.11.2\log4j-slf4j-impl-2.11.2.jar;C:\Users\sfjbs\.m2\repository\org\slf4j\slf4j-api\1.7.26\slf4j-api-1.7.26.jar;C:\Users\sfjbs\.m2\repository\org\apache\logging\log4j\log4j-api\2.11.2\log4j-api-2.11.2.jar;C:\Users\sfjbs\.m2\repository\org\apache\logging\log4j\log4j-core\2.11.2\log4j-core-2.11.2.jar;C:\Users\sfjbs\.m2\repository\org\apache\logging\log4j\log4j-jul\2.11.2\log4j-jul-2.11.2.jar;C:\Users\sfjbs\.m2\repository\org\slf4j\jul-to-slf4j\1.7.26\jul-to-slf4j-1.7.26.jar;C:\Users\sfjbs\.m2\repository\org\springframework\cloud\spring-cloud-starter-zipkin\2.1.2.RELEASE\spring-cloud-starter-zipkin-2.1.2.RELEASE.jar;C:\Users\sfjbs\.m2\repository\org\springframework\cloud\spring-cloud-sleuth-zipkin\2.1.2.RELEASE\spring-cloud-sleuth-zipkin-2.1.2.RELEASE.jar;C:\Users\sfjbs\.m2\repository\io\zipkin\zipkin2\zipkin\2.14.2\zipkin-2.14.2.jar;C:\Users\sfjbs\.m2\repository\io\zipkin\reporter2\zipkin-reporter\2.8.4\zipkin-reporter-2.8.4.jar;C:\Users\sfjbs\.m2\repository\io\zipkin\reporter2\zipkin-sender-kafka\2.8.4\zipkin-sender-kafka-2.8.4.jar;C:\Users\sfjbs\.m2\repository\io\zipkin\reporter2\zipkin-sender-amqp-client\2.8.4\zipkin-sender-amqp-client-2.8.4.jar
Launcher Type: SUN_STANDARD

[Global flags]
     intx CICompilerCount                          = 2                                         {product} {ergonomic}
     uint ConcGCThreads                            = 1                                         {product} {ergonomic}
     uint G1ConcRefinementThreads                  = 2                                         {product} {ergonomic}
   size_t G1HeapRegionSize                         = 1048576                                   {product} {ergonomic}
    uintx GCDrainStackTargetSize                   = 64                                        {product} {ergonomic}
   size_t InitialHeapSize                          = 134217728                                 {product} {ergonomic}
   size_t MarkStackSize                            = 4194304                                   {product} {ergonomic}
   size_t MaxHeapSize                              = 2147483648                                {product} {ergonomic}
   size_t MaxNewSize                               = 1287651328                                {product} {ergonomic}
   size_t MinHeapDeltaBytes                        = 1048576                                   {product} {ergonomic}
   size_t MinHeapSize                              = 8388608                                   {product} {ergonomic}
    uintx NonNMethodCodeHeapSize                   = 5826188                                {pd product} {ergonomic}
    uintx NonProfiledCodeHeapSize                  = 122916026                              {pd product} {ergonomic}
    uintx ProfiledCodeHeapSize                     = 122916026                              {pd product} {ergonomic}
    uintx ReservedCodeCacheSize                    = 251658240                              {pd product} {ergonomic}
     bool SegmentedCodeCache                       = true                                      {product} {ergonomic}
   size_t SoftMaxHeapSize                          = 2147483648                             {manageable} {ergonomic}
     bool UseCompressedClassPointers               = true                           {product lp64_product} {ergonomic}
     bool UseCompressedOops                        = true                           {product lp64_product} {ergonomic}
     bool UseG1GC                                  = true                                      {product} {ergonomic}
     bool UseLargePagesIndividualAllocation        = false                                  {pd product} {ergonomic}

Logging:
Log output configuration:
 #0: stdout all=warning uptime,level,tags foldmultilines=false
 #1: stderr all=off uptime,level,tags foldmultilines=false

Environment Variables:
PATH=C:\Program Files\Common Files\Oracle\Java\javapath;C:\Windows\system32;C:\Windows;C:\Windows\System32\Wbem;C:\Windows\System32\WindowsPowerShell\v1.0\;C:\Windows\System32\OpenSSH\;C:\Program Files\PuTTY\;C:\Program Files\Git\cmd;C:\Program Files\Docker\Docker\resources\bin;C:\ProgramData\DockerDesktop\version-bin;C:\Users\sfjbs\Downloads\apache-maven-3.8.6-bin\apache-maven-3.8.6\bin;C:\Users\sfjbs\Downloads\apache-maven-3.8.6-bin\apache-maven-3.8.6\lib;C:\Users\sfjbs\AppData\Local\Microsoft\WindowsApps;C:\Program Files\JetBrains\IntelliJ IDEA Community Edition 2022.2.1\bin;
USERNAME=sfjbs
OS=Windows_NT
PROCESSOR_IDENTIFIER=Intel64 Family 6 Model 79 Stepping 1, GenuineIntel



---------------  S Y S T E M  ---------------

OS:
 Windows 10 , 64 bit Build 19041 (10.0.19041.1889)
OS uptime: 16 days 1:17 hours
Hyper-V role detected

CPU: total 2 (initial active 2) (1 cores per cpu, 2 threads per core) family 6 model 79 stepping 1 microcode 0xffffffff, cx8, cmov, fxsr, ht, mmx, 3dnowpref, sse, sse2, sse3, ssse3, sse4.1, sse4.2, popcnt, lzcnt, tsc, avx, avx2, aes, erms, clmul, bmi1, bmi2, rtm, adx, fma, vzeroupper, clflush, hv

Memory: 4k page, system-wide physical 8190M (770M free)
TotalPageFile size 10238M (AvailPageFile size 4M)
current process WorkingSet (physical memory assigned to process): 182M, peak: 201M
current process commit charge ("private bytes"): 226M, peak: 273M

vm_info: OpenJDK 64-Bit Server VM (18.0.2.1+1-1) for windows-amd64 JRE (18.0.2.1+1-1), built on Aug 16 2022 01:44:29 by "mach5one" with MS VC++ 16.8 / 16.9 (VS2019)

END.
